<?xml version="1.0" encoding="UTF-8"?>
<!-- Generated by org.testng.reporters.JUnitReportReporter -->
<testsuite hostname="LAPTOP-77VOHV49" failures="0" tests="1" name="tests.LoginTest" time="7.749" errors="0" timestamp="2025-03-21T14:42:50 IST" skipped="0">
  <testcase classname="tests.LoginTest" name="testUserLogin" time="7.749"/>
  <system-out/>
</testsuite> <!-- tests.LoginTest -->
