<?xml version="1.0" encoding="UTF-8"?>
<!-- Generated by org.testng.reporters.JUnitReportReporter -->
<testsuite hostname="LAPTOP-77VOHV49" failures="0" tests="1" name="Runner.RegisterRunBdd" time="5.540" errors="0" timestamp="2025-03-22T10:26:05 IST" skipped="0">
  <testcase classname="Runner.RegisterRunBdd" name="runScenario" time="5.540"/>
  <system-out/>
</testsuite> <!-- Runner.RegisterRunBdd -->
