<?xml version="1.0" encoding="UTF-8"?>
<!-- Generated by org.testng.reporters.JUnitReportReporter -->
<testsuite hostname="LAPTOP-77VOHV49" failures="0" tests="1" name="tests.CartTest" time="11.428" errors="0" timestamp="2025-03-22T12:23:56 IST" skipped="0">
  <testcase classname="tests.CartTest" name="testingthecart" time="11.428"/>
  <system-out/>
</testsuite> <!-- tests.CartTest -->
