<?xml version="1.0" encoding="UTF-8"?>
<!-- Generated by org.testng.reporters.JUnitReportReporter -->
<testsuite hostname="LAPTOP-77VOHV49" failures="0" tests="1" name="tests.CartTest" time="12.437" errors="0" timestamp="2025-03-25T14:56:09 IST" skipped="0">
  <testcase classname="tests.CartTest" name="testingthecart" time="12.437"/>
  <system-out/>
</testsuite> <!-- tests.CartTest -->
