<?xml version="1.0" encoding="UTF-8"?>
<!-- Generated by org.testng.reporters.JUnitReportReporter -->
<testsuite hostname="LAPTOP-77VOHV49" failures="0" tests="1" name="tests.CartTest1" time="45.050" errors="0" timestamp="2025-03-26T12:51:54 IST" skipped="0">
  <testcase classname="tests.CartTest1" name="testingthecart" time="45.050"/>
  <system-out/>
</testsuite> <!-- tests.CartTest1 -->
