<?xml version="1.0" encoding="UTF-8"?>
<!-- Generated by org.testng.reporters.JUnitReportReporter -->
<testsuite hostname="LAPTOP-77VOHV49" failures="0" tests="2" name="tests.LoginPagesWithPFTest" time="30.167" errors="2" timestamp="2025-03-21T12:06:41 IST" skipped="0">
  <testcase classname="tests.LoginPagesWithPFTest" name="closeBrowser" time="0.005">
    <error type="java.lang.StackOverflowError">
      <![CDATA[java.lang.StackOverflowError
at tests.LoginPagesWithPFTest.closeBrowser(LoginPagesWithPFTest.java:50)
at tests.LoginPagesWithPFTest.closeBrowser(LoginPagesWithPFTest.java:50)
at tests.LoginPagesWithPFTest.closeBrowser(LoginPagesWithPFTest.java:50)
at tests.LoginPagesWithPFTest.closeBrowser(LoginPagesWithPFTest.java:50)
at tests.LoginPagesWithPFTest.closeBrowser(LoginPagesWithPFTest.java:50)
at tests.LoginPagesWithPFTest.closeBrowser(LoginPagesWithPFTest.java:50)
at tests.LoginPagesWithPFTest.closeBrowser(LoginPagesWithPFTest.java:50)
at tests.LoginPagesWithPFTest.closeBrowser(LoginPagesWithPFTest.java:50)
at tests.LoginPagesWithPFTest.closeBrowser(LoginPagesWithPFTest.java:50)
at tests.LoginPagesWithPFTest.closeBrowser(LoginPagesWithPFTest.java:50)
at tests.LoginPagesWithPFTest.closeBrowser(LoginPagesWithPFTest.java:50)
at tests.LoginPagesWithPFTest.closeBrowser(LoginPagesWithPFTest.java:50)
at tests.LoginPagesWithPFTest.closeBrowser(LoginPagesWithPFTest.java:50)
at tests.LoginPagesWithPFTest.closeBrowser(LoginPagesWithPFTest.java:50)
at tests.LoginPagesWithPFTest.closeBrowser(LoginPagesWithPFTest.java:50)
at tests.LoginPagesWithPFTest.closeBrowser(LoginPagesWithPFTest.java:50)
at tests.LoginPagesWithPFTest.closeBrowser(LoginPagesWithPFTest.java:50)
at tests.LoginPagesWithPFTest.closeBrowser(LoginPagesWithPFTest.java:50)
at tests.LoginPagesWithPFTest.closeBrowser(LoginPagesWithPFTest.java:50)
at tests.LoginPagesWithPFTest.closeBrowser(LoginPagesWithPFTest.java:50)
at tests.LoginPagesWithPFTest.closeBrowser(LoginPagesWithPFTest.java:50)
at tests.LoginPagesWithPFTest.closeBrowser(LoginPagesWithPFTest.java:50)
at tests.LoginPagesWithPFTest.closeBrowser(LoginPagesWithPFTest.java:50)
at tests.LoginPagesWithPFTest.closeBrowser(LoginPagesWithPFTest.java:50)
at tests.LoginPagesWithPFTest.closeBrowser(LoginPagesWithPFTest.java:50)
at tests.LoginPagesWithPFTest.closeBrowser(LoginPagesWithPFTest.java:50)
at tests.LoginPagesWithPFTest.closeBrowser(LoginPagesWithPFTest.java:50)
at tests.LoginPagesWithPFTest.closeBrowser(LoginPagesWithPFTest.java:50)
at tests.LoginPagesWithPFTest.closeBrowser(LoginPagesWithPFTest.java:50)
at tests.LoginPagesWithPFTest.closeBrowser(LoginPagesWithPFTest.java:50)
at tests.LoginPagesWithPFTest.closeBrowser(LoginPagesWithPFTest.java:50)
at tests.LoginPagesWithPFTest.closeBrowser(LoginPagesWithPFTest.java:50)
at tests.LoginPagesWithPFTest.closeBrowser(LoginPagesWithPFTest.java:50)
at tests.LoginPagesWithPFTest.closeBrowser(LoginPagesWithPFTest.java:50)
at tests.LoginPagesWithPFTest.closeBrowser(LoginPagesWithPFTest.java:50)
at tests.LoginPagesWithPFTest.closeBrowser(LoginPagesWithPFTest.java:50)
at tests.LoginPagesWithPFTest.closeBrowser(LoginPagesWithPFTest.java:50)
at tests.LoginPagesWithPFTest.closeBrowser(LoginPagesWithPFTest.java:50)
at tests.LoginPagesWithPFTest.closeBrowser(LoginPagesWithPFTest.java:50)
at tests.LoginPagesWithPFTest.closeBrowser(LoginPagesWithPFTest.java:50)
at tests.LoginPagesWithPFTest.closeBrowser(LoginPagesWithPFTest.java:50)
at tests.LoginPagesWithPFTest.closeBrowser(LoginPagesWithPFTest.java:50)
at tests.LoginPagesWithPFTest.closeBrowser(LoginPagesWithPFTest.java:50)
at tests.LoginPagesWithPFTest.closeBrowser(LoginPagesWithPFTest.java:50)
at tests.LoginPagesWithPFTest.closeBrowser(LoginPagesWithPFTest.java:50)
at tests.LoginPagesWithPFTest.closeBrowser(LoginPagesWithPFTest.java:50)
at tests.LoginPagesWithPFTest.closeBrowser(LoginPagesWithPFTest.java:50)
at tests.LoginPagesWithPFTest.closeBrowser(LoginPagesWithPFTest.java:50)
at tests.LoginPagesWithPFTest.closeBrowser(LoginPagesWithPFTest.java:50)
at tests.LoginPagesWithPFTest.closeBrowser(LoginPagesWithPFTest.java:50)
at tests.LoginPagesWithPFTest.closeBrowser(LoginPagesWithPFTest.java:50)
at tests.LoginPagesWithPFTest.closeBrowser(LoginPagesWithPFTest.java:50)
at tests.LoginPagesWithPFTest.closeBrowser(LoginPagesWithPFTest.java:50)
at tests.LoginPagesWithPFTest.closeBrowser(LoginPagesWithPFTest.java:50)
at tests.LoginPagesWithPFTest.closeBrowser(LoginPagesWithPFTest.java:50)
at tests.LoginPagesWithPFTest.closeBrowser(LoginPagesWithPFTest.java:50)
at tests.LoginPagesWithPFTest.closeBrowser(LoginPagesWithPFTest.java:50)
at tests.LoginPagesWithPFTest.closeBrowser(LoginPagesWithPFTest.java:50)
at tests.LoginPagesWithPFTest.closeBrowser(LoginPagesWithPFTest.java:50)
at tests.LoginPagesWithPFTest.closeBrowser(LoginPagesWithPFTest.java:50)
at tests.LoginPagesWithPFTest.closeBrowser(LoginPagesWithPFTest.java:50)
at tests.LoginPagesWithPFTest.closeBrowser(LoginPagesWithPFTest.java:50)
at tests.LoginPagesWithPFTest.closeBrowser(LoginPagesWithPFTest.java:50)
at tests.LoginPagesWithPFTest.closeBrowser(LoginPagesWithPFTest.java:50)
at tests.LoginPagesWithPFTest.closeBrowser(LoginPagesWithPFTest.java:50)
at tests.LoginPagesWithPFTest.closeBrowser(LoginPagesWithPFTest.java:50)
at tests.LoginPagesWithPFTest.closeBrowser(LoginPagesWithPFTest.java:50)
at tests.LoginPagesWithPFTest.closeBrowser(LoginPagesWithPFTest.java:50)
at tests.LoginPagesWithPFTest.closeBrowser(LoginPagesWithPFTest.java:50)
at tests.LoginPagesWithPFTest.closeBrowser(LoginPagesWithPFTest.java:50)
at tests.LoginPagesWithPFTest.closeBrowser(LoginPagesWithPFTest.java:50)
at tests.LoginPagesWithPFTest.closeBrowser(LoginPagesWithPFTest.java:50)
at tests.LoginPagesWithPFTest.closeBrowser(LoginPagesWithPFTest.java:50)
at tests.LoginPagesWithPFTest.closeBrowser(LoginPagesWithPFTest.java:50)
at tests.LoginPagesWithPFTest.closeBrowser(LoginPagesWithPFTest.java:50)
at tests.LoginPagesWithPFTest.closeBrowser(LoginPagesWithPFTest.java:50)
at tests.LoginPagesWithPFTest.closeBrowser(LoginPagesWithPFTest.java:50)
at tests.LoginPagesWithPFTest.closeBrowser(LoginPagesWithPFTest.java:50)
at tests.LoginPagesWithPFTest.closeBrowser(LoginPagesWithPFTest.java:50)
at tests.LoginPagesWithPFTest.closeBrowser(LoginPagesWithPFTest.java:50)
at tests.LoginPagesWithPFTest.closeBrowser(LoginPagesWithPFTest.java:50)
at tests.LoginPagesWithPFTest.closeBrowser(LoginPagesWithPFTest.java:50)
at tests.LoginPagesWithPFTest.closeBrowser(LoginPagesWithPFTest.java:50)
at tests.LoginPagesWithPFTest.closeBrowser(LoginPagesWithPFTest.java:50)
at tests.LoginPagesWithPFTest.closeBrowser(LoginPagesWithPFTest.java:50)
at tests.LoginPagesWithPFTest.closeBrowser(LoginPagesWithPFTest.java:50)
at tests.LoginPagesWithPFTest.closeBrowser(LoginPagesWithPFTest.java:50)
at tests.LoginPagesWithPFTest.closeBrowser(LoginPagesWithPFTest.java:50)
at tests.LoginPagesWithPFTest.closeBrowser(LoginPagesWithPFTest.java:50)
at tests.LoginPagesWithPFTest.closeBrowser(LoginPagesWithPFTest.java:50)
at tests.LoginPagesWithPFTest.closeBrowser(LoginPagesWithPFTest.java:50)
at tests.LoginPagesWithPFTest.closeBrowser(LoginPagesWithPFTest.java:50)
at tests.LoginPagesWithPFTest.closeBrowser(LoginPagesWithPFTest.java:50)
at tests.LoginPagesWithPFTest.closeBrowser(LoginPagesWithPFTest.java:50)
at tests.LoginPagesWithPFTest.closeBrowser(LoginPagesWithPFTest.java:50)
at tests.LoginPagesWithPFTest.closeBrowser(LoginPagesWithPFTest.java:50)
at tests.LoginPagesWithPFTest.closeBrowser(LoginPagesWithPFTest.java:50)
at tests.LoginPagesWithPFTest.closeBrowser(LoginPagesWithPFTest.java:50)
at tests.LoginPagesWithPFTest.closeBrowser(LoginPagesWithPFTest.java:50)
at tests.LoginPagesWithPFTest.closeBrowser(LoginPagesWithPFTest.java:50)
at tests.LoginPagesWithPFTest.closeBrowser(LoginPagesWithPFTest.java:50)
at tests.LoginPagesWithPFTest.closeBrowser(LoginPagesWithPFTest.java:50)
at tests.LoginPagesWithPFTest.closeBrowser(LoginPagesWithPFTest.java:50)
at tests.LoginPagesWithPFTest.closeBrowser(LoginPagesWithPFTest.java:50)
at tests.LoginPagesWithPFTest.closeBrowser(LoginPagesWithPFTest.java:50)
at tests.LoginPagesWithPFTest.closeBrowser(LoginPagesWithPFTest.java:50)
at tests.LoginPagesWithPFTest.closeBrowser(LoginPagesWithPFTest.java:50)
at tests.LoginPagesWithPFTest.closeBrowser(LoginPagesWithPFTest.java:50)
at tests.LoginPagesWithPFTest.closeBrowser(LoginPagesWithPFTest.java:50)
at tests.LoginPagesWithPFTest.closeBrowser(LoginPagesWithPFTest.java:50)
at tests.LoginPagesWithPFTest.closeBrowser(LoginPagesWithPFTest.java:50)
at tests.LoginPagesWithPFTest.closeBrowser(LoginPagesWithPFTest.java:50)
at tests.LoginPagesWithPFTest.closeBrowser(LoginPagesWithPFTest.java:50)
at tests.LoginPagesWithPFTest.closeBrowser(LoginPagesWithPFTest.java:50)
at tests.LoginPagesWithPFTest.closeBrowser(LoginPagesWithPFTest.java:50)
at tests.LoginPagesWithPFTest.closeBrowser(LoginPagesWithPFTest.java:50)
at tests.LoginPagesWithPFTest.closeBrowser(LoginPagesWithPFTest.java:50)
at tests.LoginPagesWithPFTest.closeBrowser(LoginPagesWithPFTest.java:50)
at tests.LoginPagesWithPFTest.closeBrowser(LoginPagesWithPFTest.java:50)
at tests.LoginPagesWithPFTest.closeBrowser(LoginPagesWithPFTest.java:50)
at tests.LoginPagesWithPFTest.closeBrowser(LoginPagesWithPFTest.java:50)
at tests.LoginPagesWithPFTest.closeBrowser(LoginPagesWithPFTest.java:50)
at tests.LoginPagesWithPFTest.closeBrowser(LoginPagesWithPFTest.java:50)
at tests.LoginPagesWithPFTest.closeBrowser(LoginPagesWithPFTest.java:50)
at tests.LoginPagesWithPFTest.closeBrowser(LoginPagesWithPFTest.java:50)
at tests.LoginPagesWithPFTest.closeBrowser(LoginPagesWithPFTest.java:50)
at tests.LoginPagesWithPFTest.closeBrowser(LoginPagesWithPFTest.java:50)
at tests.LoginPagesWithPFTest.closeBrowser(LoginPagesWithPFTest.java:50)
at tests.LoginPagesWithPFTest.closeBrowser(LoginPagesWithPFTest.java:50)
at tests.LoginPagesWithPFTest.closeBrowser(LoginPagesWithPFTest.java:50)
at tests.LoginPagesWithPFTest.closeBrowser(LoginPagesWithPFTest.java:50)
at tests.LoginPagesWithPFTest.closeBrowser(LoginPagesWithPFTest.java:50)
at tests.LoginPagesWithPFTest.closeBrowser(LoginPagesWithPFTest.java:50)
at tests.LoginPagesWithPFTest.closeBrowser(LoginPagesWithPFTest.java:50)
at tests.LoginPagesWithPFTest.closeBrowser(LoginPagesWithPFTest.java:50)
at tests.LoginPagesWithPFTest.closeBrowser(LoginPagesWithPFTest.java:50)
at tests.LoginPagesWithPFTest.closeBrowser(LoginPagesWithPFTest.java:50)
at tests.LoginPagesWithPFTest.closeBrowser(LoginPagesWithPFTest.java:50)
at tests.LoginPagesWithPFTest.closeBrowser(LoginPagesWithPFTest.java:50)
at tests.LoginPagesWithPFTest.closeBrowser(LoginPagesWithPFTest.java:50)
at tests.LoginPagesWithPFTest.closeBrowser(LoginPagesWithPFTest.java:50)
at tests.LoginPagesWithPFTest.closeBrowser(LoginPagesWithPFTest.java:50)
at tests.LoginPagesWithPFTest.closeBrowser(LoginPagesWithPFTest.java:50)
at tests.LoginPagesWithPFTest.closeBrowser(LoginPagesWithPFTest.java:50)
at tests.LoginPagesWithPFTest.closeBrowser(LoginPagesWithPFTest.java:50)
at tests.LoginPagesWithPFTest.closeBrowser(LoginPagesWithPFTest.java:50)
at tests.LoginPagesWithPFTest.closeBrowser(LoginPagesWithPFTest.java:50)
at tests.LoginPagesWithPFTest.closeBrowser(LoginPagesWithPFTest.java:50)
at tests.LoginPagesWithPFTest.closeBrowser(LoginPagesWithPFTest.java:50)
at tests.LoginPagesWithPFTest.closeBrowser(LoginPagesWithPFTest.java:50)
at tests.LoginPagesWithPFTest.closeBrowser(LoginPagesWithPFTest.java:50)
at tests.LoginPagesWithPFTest.closeBrowser(LoginPagesWithPFTest.java:50)
at tests.LoginPagesWithPFTest.closeBrowser(LoginPagesWithPFTest.java:50)
at tests.LoginPagesWithPFTest.closeBrowser(LoginPagesWithPFTest.java:50)
at tests.LoginPagesWithPFTest.closeBrowser(LoginPagesWithPFTest.java:50)
at tests.LoginPagesWithPFTest.closeBrowser(LoginPagesWithPFTest.java:50)
at tests.LoginPagesWithPFTest.closeBrowser(LoginPagesWithPFTest.java:50)
at tests.LoginPagesWithPFTest.closeBrowser(LoginPagesWithPFTest.java:50)
at tests.LoginPagesWithPFTest.closeBrowser(LoginPagesWithPFTest.java:50)
at tests.LoginPagesWithPFTest.closeBrowser(LoginPagesWithPFTest.java:50)
at tests.LoginPagesWithPFTest.closeBrowser(LoginPagesWithPFTest.java:50)
at tests.LoginPagesWithPFTest.closeBrowser(LoginPagesWithPFTest.java:50)
at tests.LoginPagesWithPFTest.closeBrowser(LoginPagesWithPFTest.java:50)
at tests.LoginPagesWithPFTest.closeBrowser(LoginPagesWithPFTest.java:50)
at tests.LoginPagesWithPFTest.closeBrowser(LoginPagesWithPFTest.java:50)
at tests.LoginPagesWithPFTest.closeBrowser(LoginPagesWithPFTest.java:50)
at tests.LoginPagesWithPFTest.closeBrowser(LoginPagesWithPFTest.java:50)
at tests.LoginPagesWithPFTest.closeBrowser(LoginPagesWithPFTest.java:50)
at tests.LoginPagesWithPFTest.closeBrowser(LoginPagesWithPFTest.java:50)
at tests.LoginPagesWithPFTest.closeBrowser(LoginPagesWithPFTest.java:50)
at tests.LoginPagesWithPFTest.closeBrowser(LoginPagesWithPFTest.java:50)
at tests.LoginPagesWithPFTest.closeBrowser(LoginPagesWithPFTest.java:50)
at tests.LoginPagesWithPFTest.closeBrowser(LoginPagesWithPFTest.java:50)
at tests.LoginPagesWithPFTest.closeBrowser(LoginPagesWithPFTest.java:50)
at tests.LoginPagesWithPFTest.closeBrowser(LoginPagesWithPFTest.java:50)
at tests.LoginPagesWithPFTest.closeBrowser(LoginPagesWithPFTest.java:50)
at tests.LoginPagesWithPFTest.closeBrowser(LoginPagesWithPFTest.java:50)
at tests.LoginPagesWithPFTest.closeBrowser(LoginPagesWithPFTest.java:50)
at tests.LoginPagesWithPFTest.closeBrowser(LoginPagesWithPFTest.java:50)
at tests.LoginPagesWithPFTest.closeBrowser(LoginPagesWithPFTest.java:50)
at tests.LoginPagesWithPFTest.closeBrowser(LoginPagesWithPFTest.java:50)
at tests.LoginPagesWithPFTest.closeBrowser(LoginPagesWithPFTest.java:50)
at tests.LoginPagesWithPFTest.closeBrowser(LoginPagesWithPFTest.java:50)
at tests.LoginPagesWithPFTest.closeBrowser(LoginPagesWithPFTest.java:50)
at tests.LoginPagesWithPFTest.closeBrowser(LoginPagesWithPFTest.java:50)
at tests.LoginPagesWithPFTest.closeBrowser(LoginPagesWithPFTest.java:50)
at tests.LoginPagesWithPFTest.closeBrowser(LoginPagesWithPFTest.java:50)
at tests.LoginPagesWithPFTest.closeBrowser(LoginPagesWithPFTest.java:50)
at tests.LoginPagesWithPFTest.closeBrowser(LoginPagesWithPFTest.java:50)
at tests.LoginPagesWithPFTest.closeBrowser(LoginPagesWithPFTest.java:50)
at tests.LoginPagesWithPFTest.closeBrowser(LoginPagesWithPFTest.java:50)
at tests.LoginPagesWithPFTest.closeBrowser(LoginPagesWithPFTest.java:50)
at tests.LoginPagesWithPFTest.closeBrowser(LoginPagesWithPFTest.java:50)
at tests.LoginPagesWithPFTest.closeBrowser(LoginPagesWithPFTest.java:50)
at tests.LoginPagesWithPFTest.closeBrowser(LoginPagesWithPFTest.java:50)
at tests.LoginPagesWithPFTest.closeBrowser(LoginPagesWithPFTest.java:50)
at tests.LoginPagesWithPFTest.closeBrowser(LoginPagesWithPFTest.java:50)
at tests.LoginPagesWithPFTest.closeBrowser(LoginPagesWithPFTest.java:50)
at tests.LoginPagesWithPFTest.closeBrowser(LoginPagesWithPFTest.java:50)
at tests.LoginPagesWithPFTest.closeBrowser(LoginPagesWithPFTest.java:50)
at tests.LoginPagesWithPFTest.closeBrowser(LoginPagesWithPFTest.java:50)
at tests.LoginPagesWithPFTest.closeBrowser(LoginPagesWithPFTest.java:50)
at tests.LoginPagesWithPFTest.closeBrowser(LoginPagesWithPFTest.java:50)
at tests.LoginPagesWithPFTest.closeBrowser(LoginPagesWithPFTest.java:50)
at tests.LoginPagesWithPFTest.closeBrowser(LoginPagesWithPFTest.java:50)
at tests.LoginPagesWithPFTest.closeBrowser(LoginPagesWithPFTest.java:50)
at tests.LoginPagesWithPFTest.closeBrowser(LoginPagesWithPFTest.java:50)
at tests.LoginPagesWithPFTest.closeBrowser(LoginPagesWithPFTest.java:50)
at tests.LoginPagesWithPFTest.closeBrowser(LoginPagesWithPFTest.java:50)
at tests.LoginPagesWithPFTest.closeBrowser(LoginPagesWithPFTest.java:50)
at tests.LoginPagesWithPFTest.closeBrowser(LoginPagesWithPFTest.java:50)
at tests.LoginPagesWithPFTest.closeBrowser(LoginPagesWithPFTest.java:50)
at tests.LoginPagesWithPFTest.closeBrowser(LoginPagesWithPFTest.java:50)
at tests.LoginPagesWithPFTest.closeBrowser(LoginPagesWithPFTest.java:50)
at tests.LoginPagesWithPFTest.closeBrowser(LoginPagesWithPFTest.java:50)
at tests.LoginPagesWithPFTest.closeBrowser(LoginPagesWithPFTest.java:50)
at tests.LoginPagesWithPFTest.closeBrowser(LoginPagesWithPFTest.java:50)
at tests.LoginPagesWithPFTest.closeBrowser(LoginPagesWithPFTest.java:50)
at tests.LoginPagesWithPFTest.closeBrowser(LoginPagesWithPFTest.java:50)
at tests.LoginPagesWithPFTest.closeBrowser(LoginPagesWithPFTest.java:50)
at tests.LoginPagesWithPFTest.closeBrowser(LoginPagesWithPFTest.java:50)
at tests.LoginPagesWithPFTest.closeBrowser(LoginPagesWithPFTest.java:50)
at tests.LoginPagesWithPFTest.closeBrowser(LoginPagesWithPFTest.java:50)
at tests.LoginPagesWithPFTest.closeBrowser(LoginPagesWithPFTest.java:50)
at tests.LoginPagesWithPFTest.closeBrowser(LoginPagesWithPFTest.java:50)
at tests.LoginPagesWithPFTest.closeBrowser(LoginPagesWithPFTest.java:50)
at tests.LoginPagesWithPFTest.closeBrowser(LoginPagesWithPFTest.java:50)
at tests.LoginPagesWithPFTest.closeBrowser(LoginPagesWithPFTest.java:50)
at tests.LoginPagesWithPFTest.closeBrowser(LoginPagesWithPFTest.java:50)
at tests.LoginPagesWithPFTest.closeBrowser(LoginPagesWithPFTest.java:50)
at tests.LoginPagesWithPFTest.closeBrowser(LoginPagesWithPFTest.java:50)
at tests.LoginPagesWithPFTest.closeBrowser(LoginPagesWithPFTest.java:50)
at tests.LoginPagesWithPFTest.closeBrowser(LoginPagesWithPFTest.java:50)
at tests.LoginPagesWithPFTest.closeBrowser(LoginPagesWithPFTest.java:50)
at tests.LoginPagesWithPFTest.closeBrowser(LoginPagesWithPFTest.java:50)
at tests.LoginPagesWithPFTest.closeBrowser(LoginPagesWithPFTest.java:50)
at tests.LoginPagesWithPFTest.closeBrowser(LoginPagesWithPFTest.java:50)
at tests.LoginPagesWithPFTest.closeBrowser(LoginPagesWithPFTest.java:50)
at tests.LoginPagesWithPFTest.closeBrowser(LoginPagesWithPFTest.java:50)
at tests.LoginPagesWithPFTest.closeBrowser(LoginPagesWithPFTest.java:50)
at tests.LoginPagesWithPFTest.closeBrowser(LoginPagesWithPFTest.java:50)
at tests.LoginPagesWithPFTest.closeBrowser(LoginPagesWithPFTest.java:50)
at tests.LoginPagesWithPFTest.closeBrowser(LoginPagesWithPFTest.java:50)
at tests.LoginPagesWithPFTest.closeBrowser(LoginPagesWithPFTest.java:50)
at tests.LoginPagesWithPFTest.closeBrowser(LoginPagesWithPFTest.java:50)
at tests.LoginPagesWithPFTest.closeBrowser(LoginPagesWithPFTest.java:50)
at tests.LoginPagesWithPFTest.closeBrowser(LoginPagesWithPFTest.java:50)
at tests.LoginPagesWithPFTest.closeBrowser(LoginPagesWithPFTest.java:50)
at tests.LoginPagesWithPFTest.closeBrowser(LoginPagesWithPFTest.java:50)
at tests.LoginPagesWithPFTest.closeBrowser(LoginPagesWithPFTest.java:50)
at tests.LoginPagesWithPFTest.closeBrowser(LoginPagesWithPFTest.java:50)
at tests.LoginPagesWithPFTest.closeBrowser(LoginPagesWithPFTest.java:50)
at tests.LoginPagesWithPFTest.closeBrowser(LoginPagesWithPFTest.java:50)
at tests.LoginPagesWithPFTest.closeBrowser(LoginPagesWithPFTest.java:50)
at tests.LoginPagesWithPFTest.closeBrowser(LoginPagesWithPFTest.java:50)
at tests.LoginPagesWithPFTest.closeBrowser(LoginPagesWithPFTest.java:50)
at tests.LoginPagesWithPFTest.closeBrowser(LoginPagesWithPFTest.java:50)
at tests.LoginPagesWithPFTest.closeBrowser(LoginPagesWithPFTest.java:50)
at tests.LoginPagesWithPFTest.closeBrowser(LoginPagesWithPFTest.java:50)
at tests.LoginPagesWithPFTest.closeBrowser(LoginPagesWithPFTest.java:50)
at tests.LoginPagesWithPFTest.closeBrowser(LoginPagesWithPFTest.java:50)
at tests.LoginPagesWithPFTest.closeBrowser(LoginPagesWithPFTest.java:50)
at tests.LoginPagesWithPFTest.closeBrowser(LoginPagesWithPFTest.java:50)
at tests.LoginPagesWithPFTest.closeBrowser(LoginPagesWithPFTest.java:50)
at tests.LoginPagesWithPFTest.closeBrowser(LoginPagesWithPFTest.java:50)
at tests.LoginPagesWithPFTest.closeBrowser(LoginPagesWithPFTest.java:50)
at tests.LoginPagesWithPFTest.closeBrowser(LoginPagesWithPFTest.java:50)
at tests.LoginPagesWithPFTest.closeBrowser(LoginPagesWithPFTest.java:50)
at tests.LoginPagesWithPFTest.closeBrowser(LoginPagesWithPFTest.java:50)
at tests.LoginPagesWithPFTest.closeBrowser(LoginPagesWithPFTest.java:50)
at tests.LoginPagesWithPFTest.closeBrowser(LoginPagesWithPFTest.java:50)
at tests.LoginPagesWithPFTest.closeBrowser(LoginPagesWithPFTest.java:50)
at tests.LoginPagesWithPFTest.closeBrowser(LoginPagesWithPFTest.java:50)
at tests.LoginPagesWithPFTest.closeBrowser(LoginPagesWithPFTest.java:50)
at tests.LoginPagesWithPFTest.closeBrowser(LoginPagesWithPFTest.java:50)
at tests.LoginPagesWithPFTest.closeBrowser(LoginPagesWithPFTest.java:50)
at tests.LoginPagesWithPFTest.closeBrowser(LoginPagesWithPFTest.java:50)
at tests.LoginPagesWithPFTest.closeBrowser(LoginPagesWithPFTest.java:50)
at tests.LoginPagesWithPFTest.closeBrowser(LoginPagesWithPFTest.java:50)
at tests.LoginPagesWithPFTest.closeBrowser(LoginPagesWithPFTest.java:50)
at tests.LoginPagesWithPFTest.closeBrowser(LoginPagesWithPFTest.java:50)
at tests.LoginPagesWithPFTest.closeBrowser(LoginPagesWithPFTest.java:50)
at tests.LoginPagesWithPFTest.closeBrowser(LoginPagesWithPFTest.java:50)
at tests.LoginPagesWithPFTest.closeBrowser(LoginPagesWithPFTest.java:50)
at tests.LoginPagesWithPFTest.closeBrowser(LoginPagesWithPFTest.java:50)
at tests.LoginPagesWithPFTest.closeBrowser(LoginPagesWithPFTest.java:50)
at tests.LoginPagesWithPFTest.closeBrowser(LoginPagesWithPFTest.java:50)
at tests.LoginPagesWithPFTest.closeBrowser(LoginPagesWithPFTest.java:50)
at tests.LoginPagesWithPFTest.closeBrowser(LoginPagesWithPFTest.java:50)
at tests.LoginPagesWithPFTest.closeBrowser(LoginPagesWithPFTest.java:50)
at tests.LoginPagesWithPFTest.closeBrowser(LoginPagesWithPFTest.java:50)
at tests.LoginPagesWithPFTest.closeBrowser(LoginPagesWithPFTest.java:50)
at tests.LoginPagesWithPFTest.closeBrowser(LoginPagesWithPFTest.java:50)
at tests.LoginPagesWithPFTest.closeBrowser(LoginPagesWithPFTest.java:50)
at tests.LoginPagesWithPFTest.closeBrowser(LoginPagesWithPFTest.java:50)
at tests.LoginPagesWithPFTest.closeBrowser(LoginPagesWithPFTest.java:50)
at tests.LoginPagesWithPFTest.closeBrowser(LoginPagesWithPFTest.java:50)
at tests.LoginPagesWithPFTest.closeBrowser(LoginPagesWithPFTest.java:50)
at tests.LoginPagesWithPFTest.closeBrowser(LoginPagesWithPFTest.java:50)
at tests.LoginPagesWithPFTest.closeBrowser(LoginPagesWithPFTest.java:50)
at tests.LoginPagesWithPFTest.closeBrowser(LoginPagesWithPFTest.java:50)
at tests.LoginPagesWithPFTest.closeBrowser(LoginPagesWithPFTest.java:50)
at tests.LoginPagesWithPFTest.closeBrowser(LoginPagesWithPFTest.java:50)
at tests.LoginPagesWithPFTest.closeBrowser(LoginPagesWithPFTest.java:50)
at tests.LoginPagesWithPFTest.closeBrowser(LoginPagesWithPFTest.java:50)
at tests.LoginPagesWithPFTest.closeBrowser(LoginPagesWithPFTest.java:50)
at tests.LoginPagesWithPFTest.closeBrowser(LoginPagesWithPFTest.java:50)
at tests.LoginPagesWithPFTest.closeBrowser(LoginPagesWithPFTest.java:50)
at tests.LoginPagesWithPFTest.closeBrowser(LoginPagesWithPFTest.java:50)
at tests.LoginPagesWithPFTest.closeBrowser(LoginPagesWithPFTest.java:50)
at tests.LoginPagesWithPFTest.closeBrowser(LoginPagesWithPFTest.java:50)
at tests.LoginPagesWithPFTest.closeBrowser(LoginPagesWithPFTest.java:50)
at tests.LoginPagesWithPFTest.closeBrowser(LoginPagesWithPFTest.java:50)
at tests.LoginPagesWithPFTest.closeBrowser(LoginPagesWithPFTest.java:50)
at tests.LoginPagesWithPFTest.closeBrowser(LoginPagesWithPFTest.java:50)
at tests.LoginPagesWithPFTest.closeBrowser(LoginPagesWithPFTest.java:50)
at tests.LoginPagesWithPFTest.closeBrowser(LoginPagesWithPFTest.java:50)
at tests.LoginPagesWithPFTest.closeBrowser(LoginPagesWithPFTest.java:50)
at tests.LoginPagesWithPFTest.closeBrowser(LoginPagesWithPFTest.java:50)
at tests.LoginPagesWithPFTest.closeBrowser(LoginPagesWithPFTest.java:50)
at tests.LoginPagesWithPFTest.closeBrowser(LoginPagesWithPFTest.java:50)
at tests.LoginPagesWithPFTest.closeBrowser(LoginPagesWithPFTest.java:50)
at tests.LoginPagesWithPFTest.closeBrowser(LoginPagesWithPFTest.java:50)
at tests.LoginPagesWithPFTest.closeBrowser(LoginPagesWithPFTest.java:50)
at tests.LoginPagesWithPFTest.closeBrowser(LoginPagesWithPFTest.java:50)
at tests.LoginPagesWithPFTest.closeBrowser(LoginPagesWithPFTest.java:50)
at tests.LoginPagesWithPFTest.closeBrowser(LoginPagesWithPFTest.java:50)
at tests.LoginPagesWithPFTest.closeBrowser(LoginPagesWithPFTest.java:50)
at tests.LoginPagesWithPFTest.closeBrowser(LoginPagesWithPFTest.java:50)
at tests.LoginPagesWithPFTest.closeBrowser(LoginPagesWithPFTest.java:50)
at tests.LoginPagesWithPFTest.closeBrowser(LoginPagesWithPFTest.java:50)
at tests.LoginPagesWithPFTest.closeBrowser(LoginPagesWithPFTest.java:50)
at tests.LoginPagesWithPFTest.closeBrowser(LoginPagesWithPFTest.java:50)
at tests.LoginPagesWithPFTest.closeBrowser(LoginPagesWithPFTest.java:50)
at tests.LoginPagesWithPFTest.closeBrowser(LoginPagesWithPFTest.java:50)
at tests.LoginPagesWithPFTest.closeBrowser(LoginPagesWithPFTest.java:50)
at tests.LoginPagesWithPFTest.closeBrowser(LoginPagesWithPFTest.java:50)
at tests.LoginPagesWithPFTest.closeBrowser(LoginPagesWithPFTest.java:50)
at tests.LoginPagesWithPFTest.closeBrowser(LoginPagesWithPFTest.java:50)
at tests.LoginPagesWithPFTest.closeBrowser(LoginPagesWithPFTest.java:50)
at tests.LoginPagesWithPFTest.closeBrowser(LoginPagesWithPFTest.java:50)
at tests.LoginPagesWithPFTest.closeBrowser(LoginPagesWithPFTest.java:50)
at tests.LoginPagesWithPFTest.closeBrowser(LoginPagesWithPFTest.java:50)
at tests.LoginPagesWithPFTest.closeBrowser(LoginPagesWithPFTest.java:50)
at tests.LoginPagesWithPFTest.closeBrowser(LoginPagesWithPFTest.java:50)
at tests.LoginPagesWithPFTest.closeBrowser(LoginPagesWithPFTest.java:50)
at tests.LoginPagesWithPFTest.closeBrowser(LoginPagesWithPFTest.java:50)
at tests.LoginPagesWithPFTest.closeBrowser(LoginPagesWithPFTest.java:50)
at tests.LoginPagesWithPFTest.closeBrowser(LoginPagesWithPFTest.java:50)
at tests.LoginPagesWithPFTest.closeBrowser(LoginPagesWithPFTest.java:50)
at tests.LoginPagesWithPFTest.closeBrowser(LoginPagesWithPFTest.java:50)
at tests.LoginPagesWithPFTest.closeBrowser(LoginPagesWithPFTest.java:50)
at tests.LoginPagesWithPFTest.closeBrowser(LoginPagesWithPFTest.java:50)
at tests.LoginPagesWithPFTest.closeBrowser(LoginPagesWithPFTest.java:50)
at tests.LoginPagesWithPFTest.closeBrowser(LoginPagesWithPFTest.java:50)
at tests.LoginPagesWithPFTest.closeBrowser(LoginPagesWithPFTest.java:50)
at tests.LoginPagesWithPFTest.closeBrowser(LoginPagesWithPFTest.java:50)
at tests.LoginPagesWithPFTest.closeBrowser(LoginPagesWithPFTest.java:50)
at tests.LoginPagesWithPFTest.closeBrowser(LoginPagesWithPFTest.java:50)
at tests.LoginPagesWithPFTest.closeBrowser(LoginPagesWithPFTest.java:50)
at tests.LoginPagesWithPFTest.closeBrowser(LoginPagesWithPFTest.java:50)
at tests.LoginPagesWithPFTest.closeBrowser(LoginPagesWithPFTest.java:50)
at tests.LoginPagesWithPFTest.closeBrowser(LoginPagesWithPFTest.java:50)
at tests.LoginPagesWithPFTest.closeBrowser(LoginPagesWithPFTest.java:50)
at tests.LoginPagesWithPFTest.closeBrowser(LoginPagesWithPFTest.java:50)
at tests.LoginPagesWithPFTest.closeBrowser(LoginPagesWithPFTest.java:50)
at tests.LoginPagesWithPFTest.closeBrowser(LoginPagesWithPFTest.java:50)
at tests.LoginPagesWithPFTest.closeBrowser(LoginPagesWithPFTest.java:50)
at tests.LoginPagesWithPFTest.closeBrowser(LoginPagesWithPFTest.java:50)
at tests.LoginPagesWithPFTest.closeBrowser(LoginPagesWithPFTest.java:50)
at tests.LoginPagesWithPFTest.closeBrowser(LoginPagesWithPFTest.java:50)
at tests.LoginPagesWithPFTest.closeBrowser(LoginPagesWithPFTest.java:50)
at tests.LoginPagesWithPFTest.closeBrowser(LoginPagesWithPFTest.java:50)
at tests.LoginPagesWithPFTest.closeBrowser(LoginPagesWithPFTest.java:50)
at tests.LoginPagesWithPFTest.closeBrowser(LoginPagesWithPFTest.java:50)
at tests.LoginPagesWithPFTest.closeBrowser(LoginPagesWithPFTest.java:50)
at tests.LoginPagesWithPFTest.closeBrowser(LoginPagesWithPFTest.java:50)
at tests.LoginPagesWithPFTest.closeBrowser(LoginPagesWithPFTest.java:50)
at tests.LoginPagesWithPFTest.closeBrowser(LoginPagesWithPFTest.java:50)
at tests.LoginPagesWithPFTest.closeBrowser(LoginPagesWithPFTest.java:50)
at tests.LoginPagesWithPFTest.closeBrowser(LoginPagesWithPFTest.java:50)
at tests.LoginPagesWithPFTest.closeBrowser(LoginPagesWithPFTest.java:50)
at tests.LoginPagesWithPFTest.closeBrowser(LoginPagesWithPFTest.java:50)
at tests.LoginPagesWithPFTest.closeBrowser(LoginPagesWithPFTest.java:50)
at tests.LoginPagesWithPFTest.closeBrowser(LoginPagesWithPFTest.java:50)
at tests.LoginPagesWithPFTest.closeBrowser(LoginPagesWithPFTest.java:50)
at tests.LoginPagesWithPFTest.closeBrowser(LoginPagesWithPFTest.java:50)
at tests.LoginPagesWithPFTest.closeBrowser(LoginPagesWithPFTest.java:50)
at tests.LoginPagesWithPFTest.closeBrowser(LoginPagesWithPFTest.java:50)
at tests.LoginPagesWithPFTest.closeBrowser(LoginPagesWithPFTest.java:50)
at tests.LoginPagesWithPFTest.closeBrowser(LoginPagesWithPFTest.java:50)
at tests.LoginPagesWithPFTest.closeBrowser(LoginPagesWithPFTest.java:50)
at tests.LoginPagesWithPFTest.closeBrowser(LoginPagesWithPFTest.java:50)
at tests.LoginPagesWithPFTest.closeBrowser(LoginPagesWithPFTest.java:50)
at tests.LoginPagesWithPFTest.closeBrowser(LoginPagesWithPFTest.java:50)
at tests.LoginPagesWithPFTest.closeBrowser(LoginPagesWithPFTest.java:50)
at tests.LoginPagesWithPFTest.closeBrowser(LoginPagesWithPFTest.java:50)
at tests.LoginPagesWithPFTest.closeBrowser(LoginPagesWithPFTest.java:50)
at tests.LoginPagesWithPFTest.closeBrowser(LoginPagesWithPFTest.java:50)
at tests.LoginPagesWithPFTest.closeBrowser(LoginPagesWithPFTest.java:50)
at tests.LoginPagesWithPFTest.closeBrowser(LoginPagesWithPFTest.java:50)
at tests.LoginPagesWithPFTest.closeBrowser(LoginPagesWithPFTest.java:50)
at tests.LoginPagesWithPFTest.closeBrowser(LoginPagesWithPFTest.java:50)
at tests.LoginPagesWithPFTest.closeBrowser(LoginPagesWithPFTest.java:50)
at tests.LoginPagesWithPFTest.closeBrowser(LoginPagesWithPFTest.java:50)
at tests.LoginPagesWithPFTest.closeBrowser(LoginPagesWithPFTest.java:50)
at tests.LoginPagesWithPFTest.closeBrowser(LoginPagesWithPFTest.java:50)
at tests.LoginPagesWithPFTest.closeBrowser(LoginPagesWithPFTest.java:50)
at tests.LoginPagesWithPFTest.closeBrowser(LoginPagesWithPFTest.java:50)
at tests.LoginPagesWithPFTest.closeBrowser(LoginPagesWithPFTest.java:50)
at tests.LoginPagesWithPFTest.closeBrowser(LoginPagesWithPFTest.java:50)
at tests.LoginPagesWithPFTest.closeBrowser(LoginPagesWithPFTest.java:50)
at tests.LoginPagesWithPFTest.closeBrowser(LoginPagesWithPFTest.java:50)
at tests.LoginPagesWithPFTest.closeBrowser(LoginPagesWithPFTest.java:50)
at tests.LoginPagesWithPFTest.closeBrowser(LoginPagesWithPFTest.java:50)
at tests.LoginPagesWithPFTest.closeBrowser(LoginPagesWithPFTest.java:50)
at tests.LoginPagesWithPFTest.closeBrowser(LoginPagesWithPFTest.java:50)
at tests.LoginPagesWithPFTest.closeBrowser(LoginPagesWithPFTest.java:50)
at tests.LoginPagesWithPFTest.closeBrowser(LoginPagesWithPFTest.java:50)
at tests.LoginPagesWithPFTest.closeBrowser(LoginPagesWithPFTest.java:50)
at tests.LoginPagesWithPFTest.closeBrowser(LoginPagesWithPFTest.java:50)
at tests.LoginPagesWithPFTest.closeBrowser(LoginPagesWithPFTest.java:50)
at tests.LoginPagesWithPFTest.closeBrowser(LoginPagesWithPFTest.java:50)
at tests.LoginPagesWithPFTest.closeBrowser(LoginPagesWithPFTest.java:50)
at tests.LoginPagesWithPFTest.closeBrowser(LoginPagesWithPFTest.java:50)
at tests.LoginPagesWithPFTest.closeBrowser(LoginPagesWithPFTest.java:50)
at tests.LoginPagesWithPFTest.closeBrowser(LoginPagesWithPFTest.java:50)
at tests.LoginPagesWithPFTest.closeBrowser(LoginPagesWithPFTest.java:50)
at tests.LoginPagesWithPFTest.closeBrowser(LoginPagesWithPFTest.java:50)
at tests.LoginPagesWithPFTest.closeBrowser(LoginPagesWithPFTest.java:50)
at tests.LoginPagesWithPFTest.closeBrowser(LoginPagesWithPFTest.java:50)
at tests.LoginPagesWithPFTest.closeBrowser(LoginPagesWithPFTest.java:50)
at tests.LoginPagesWithPFTest.closeBrowser(LoginPagesWithPFTest.java:50)
at tests.LoginPagesWithPFTest.closeBrowser(LoginPagesWithPFTest.java:50)
at tests.LoginPagesWithPFTest.closeBrowser(LoginPagesWithPFTest.java:50)
at tests.LoginPagesWithPFTest.closeBrowser(LoginPagesWithPFTest.java:50)
at tests.LoginPagesWithPFTest.closeBrowser(LoginPagesWithPFTest.java:50)
at tests.LoginPagesWithPFTest.closeBrowser(LoginPagesWithPFTest.java:50)
at tests.LoginPagesWithPFTest.closeBrowser(LoginPagesWithPFTest.java:50)
at tests.LoginPagesWithPFTest.closeBrowser(LoginPagesWithPFTest.java:50)
at tests.LoginPagesWithPFTest.closeBrowser(LoginPagesWithPFTest.java:50)
at tests.LoginPagesWithPFTest.closeBrowser(LoginPagesWithPFTest.java:50)
at tests.LoginPagesWithPFTest.closeBrowser(LoginPagesWithPFTest.java:50)
at tests.LoginPagesWithPFTest.closeBrowser(LoginPagesWithPFTest.java:50)
at tests.LoginPagesWithPFTest.closeBrowser(LoginPagesWithPFTest.java:50)
at tests.LoginPagesWithPFTest.closeBrowser(LoginPagesWithPFTest.java:50)
at tests.LoginPagesWithPFTest.closeBrowser(LoginPagesWithPFTest.java:50)
at tests.LoginPagesWithPFTest.closeBrowser(LoginPagesWithPFTest.java:50)
at tests.LoginPagesWithPFTest.closeBrowser(LoginPagesWithPFTest.java:50)
at tests.LoginPagesWithPFTest.closeBrowser(LoginPagesWithPFTest.java:50)
at tests.LoginPagesWithPFTest.closeBrowser(LoginPagesWithPFTest.java:50)
at tests.LoginPagesWithPFTest.closeBrowser(LoginPagesWithPFTest.java:50)
at tests.LoginPagesWithPFTest.closeBrowser(LoginPagesWithPFTest.java:50)
at tests.LoginPagesWithPFTest.closeBrowser(LoginPagesWithPFTest.java:50)
at tests.LoginPagesWithPFTest.closeBrowser(LoginPagesWithPFTest.java:50)
at tests.LoginPagesWithPFTest.closeBrowser(LoginPagesWithPFTest.java:50)
at tests.LoginPagesWithPFTest.closeBrowser(LoginPagesWithPFTest.java:50)
at tests.LoginPagesWithPFTest.closeBrowser(LoginPagesWithPFTest.java:50)
at tests.LoginPagesWithPFTest.closeBrowser(LoginPagesWithPFTest.java:50)
at tests.LoginPagesWithPFTest.closeBrowser(LoginPagesWithPFTest.java:50)
at tests.LoginPagesWithPFTest.closeBrowser(LoginPagesWithPFTest.java:50)
at tests.LoginPagesWithPFTest.closeBrowser(LoginPagesWithPFTest.java:50)
at tests.LoginPagesWithPFTest.closeBrowser(LoginPagesWithPFTest.java:50)
at tests.LoginPagesWithPFTest.closeBrowser(LoginPagesWithPFTest.java:50)
at tests.LoginPagesWithPFTest.closeBrowser(LoginPagesWithPFTest.java:50)
at tests.LoginPagesWithPFTest.closeBrowser(LoginPagesWithPFTest.java:50)
at tests.LoginPagesWithPFTest.closeBrowser(LoginPagesWithPFTest.java:50)
at tests.LoginPagesWithPFTest.closeBrowser(LoginPagesWithPFTest.java:50)
at tests.LoginPagesWithPFTest.closeBrowser(LoginPagesWithPFTest.java:50)
at tests.LoginPagesWithPFTest.closeBrowser(LoginPagesWithPFTest.java:50)
at tests.LoginPagesWithPFTest.closeBrowser(LoginPagesWithPFTest.java:50)
at tests.LoginPagesWithPFTest.closeBrowser(LoginPagesWithPFTest.java:50)
at tests.LoginPagesWithPFTest.closeBrowser(LoginPagesWithPFTest.java:50)
at tests.LoginPagesWithPFTest.closeBrowser(LoginPagesWithPFTest.java:50)
at tests.LoginPagesWithPFTest.closeBrowser(LoginPagesWithPFTest.java:50)
at tests.LoginPagesWithPFTest.closeBrowser(LoginPagesWithPFTest.java:50)
at tests.LoginPagesWithPFTest.closeBrowser(LoginPagesWithPFTest.java:50)
at tests.LoginPagesWithPFTest.closeBrowser(LoginPagesWithPFTest.java:50)
at tests.LoginPagesWithPFTest.closeBrowser(LoginPagesWithPFTest.java:50)
at tests.LoginPagesWithPFTest.closeBrowser(LoginPagesWithPFTest.java:50)
at tests.LoginPagesWithPFTest.closeBrowser(LoginPagesWithPFTest.java:50)
at tests.LoginPagesWithPFTest.closeBrowser(LoginPagesWithPFTest.java:50)
at tests.LoginPagesWithPFTest.closeBrowser(LoginPagesWithPFTest.java:50)
at tests.LoginPagesWithPFTest.closeBrowser(LoginPagesWithPFTest.java:50)
at tests.LoginPagesWithPFTest.closeBrowser(LoginPagesWithPFTest.java:50)
at tests.LoginPagesWithPFTest.closeBrowser(LoginPagesWithPFTest.java:50)
at tests.LoginPagesWithPFTest.closeBrowser(LoginPagesWithPFTest.java:50)
at tests.LoginPagesWithPFTest.closeBrowser(LoginPagesWithPFTest.java:50)
at tests.LoginPagesWithPFTest.closeBrowser(LoginPagesWithPFTest.java:50)
at tests.LoginPagesWithPFTest.closeBrowser(LoginPagesWithPFTest.java:50)
at tests.LoginPagesWithPFTest.closeBrowser(LoginPagesWithPFTest.java:50)
at tests.LoginPagesWithPFTest.closeBrowser(LoginPagesWithPFTest.java:50)
at tests.LoginPagesWithPFTest.closeBrowser(LoginPagesWithPFTest.java:50)
at tests.LoginPagesWithPFTest.closeBrowser(LoginPagesWithPFTest.java:50)
at tests.LoginPagesWithPFTest.closeBrowser(LoginPagesWithPFTest.java:50)
at tests.LoginPagesWithPFTest.closeBrowser(LoginPagesWithPFTest.java:50)
at tests.LoginPagesWithPFTest.closeBrowser(LoginPagesWithPFTest.java:50)
at tests.LoginPagesWithPFTest.closeBrowser(LoginPagesWithPFTest.java:50)
at tests.LoginPagesWithPFTest.closeBrowser(LoginPagesWithPFTest.java:50)
at tests.LoginPagesWithPFTest.closeBrowser(LoginPagesWithPFTest.java:50)
at tests.LoginPagesWithPFTest.closeBrowser(LoginPagesWithPFTest.java:50)
at tests.LoginPagesWithPFTest.closeBrowser(LoginPagesWithPFTest.java:50)
at tests.LoginPagesWithPFTest.closeBrowser(LoginPagesWithPFTest.java:50)
at tests.LoginPagesWithPFTest.closeBrowser(LoginPagesWithPFTest.java:50)
at tests.LoginPagesWithPFTest.closeBrowser(LoginPagesWithPFTest.java:50)
at tests.LoginPagesWithPFTest.closeBrowser(LoginPagesWithPFTest.java:50)
at tests.LoginPagesWithPFTest.closeBrowser(LoginPagesWithPFTest.java:50)
at tests.LoginPagesWithPFTest.closeBrowser(LoginPagesWithPFTest.java:50)
at tests.LoginPagesWithPFTest.closeBrowser(LoginPagesWithPFTest.java:50)
at tests.LoginPagesWithPFTest.closeBrowser(LoginPagesWithPFTest.java:50)
at tests.LoginPagesWithPFTest.closeBrowser(LoginPagesWithPFTest.java:50)
at tests.LoginPagesWithPFTest.closeBrowser(LoginPagesWithPFTest.java:50)
at tests.LoginPagesWithPFTest.closeBrowser(LoginPagesWithPFTest.java:50)
at tests.LoginPagesWithPFTest.closeBrowser(LoginPagesWithPFTest.java:50)
at tests.LoginPagesWithPFTest.closeBrowser(LoginPagesWithPFTest.java:50)
at tests.LoginPagesWithPFTest.closeBrowser(LoginPagesWithPFTest.java:50)
at tests.LoginPagesWithPFTest.closeBrowser(LoginPagesWithPFTest.java:50)
at tests.LoginPagesWithPFTest.closeBrowser(LoginPagesWithPFTest.java:50)
at tests.LoginPagesWithPFTest.closeBrowser(LoginPagesWithPFTest.java:50)
at tests.LoginPagesWithPFTest.closeBrowser(LoginPagesWithPFTest.java:50)
at tests.LoginPagesWithPFTest.closeBrowser(LoginPagesWithPFTest.java:50)
at tests.LoginPagesWithPFTest.closeBrowser(LoginPagesWithPFTest.java:50)
at tests.LoginPagesWithPFTest.closeBrowser(LoginPagesWithPFTest.java:50)
at tests.LoginPagesWithPFTest.closeBrowser(LoginPagesWithPFTest.java:50)
at tests.LoginPagesWithPFTest.closeBrowser(LoginPagesWithPFTest.java:50)
at tests.LoginPagesWithPFTest.closeBrowser(LoginPagesWithPFTest.java:50)
at tests.LoginPagesWithPFTest.closeBrowser(LoginPagesWithPFTest.java:50)
at tests.LoginPagesWithPFTest.closeBrowser(LoginPagesWithPFTest.java:50)
at tests.LoginPagesWithPFTest.closeBrowser(LoginPagesWithPFTest.java:50)
at tests.LoginPagesWithPFTest.closeBrowser(LoginPagesWithPFTest.java:50)
at tests.LoginPagesWithPFTest.closeBrowser(LoginPagesWithPFTest.java:50)
at tests.LoginPagesWithPFTest.closeBrowser(LoginPagesWithPFTest.java:50)
at tests.LoginPagesWithPFTest.closeBrowser(LoginPagesWithPFTest.java:50)
at tests.LoginPagesWithPFTest.closeBrowser(LoginPagesWithPFTest.java:50)
at tests.LoginPagesWithPFTest.closeBrowser(LoginPagesWithPFTest.java:50)
at tests.LoginPagesWithPFTest.closeBrowser(LoginPagesWithPFTest.java:50)
at tests.LoginPagesWithPFTest.closeBrowser(LoginPagesWithPFTest.java:50)
at tests.LoginPagesWithPFTest.closeBrowser(LoginPagesWithPFTest.java:50)
at tests.LoginPagesWithPFTest.closeBrowser(LoginPagesWithPFTest.java:50)
at tests.LoginPagesWithPFTest.closeBrowser(LoginPagesWithPFTest.java:50)
at tests.LoginPagesWithPFTest.closeBrowser(LoginPagesWithPFTest.java:50)
at tests.LoginPagesWithPFTest.closeBrowser(LoginPagesWithPFTest.java:50)
at tests.LoginPagesWithPFTest.closeBrowser(LoginPagesWithPFTest.java:50)
at tests.LoginPagesWithPFTest.closeBrowser(LoginPagesWithPFTest.java:50)
at tests.LoginPagesWithPFTest.closeBrowser(LoginPagesWithPFTest.java:50)
at tests.LoginPagesWithPFTest.closeBrowser(LoginPagesWithPFTest.java:50)
at tests.LoginPagesWithPFTest.closeBrowser(LoginPagesWithPFTest.java:50)
at tests.LoginPagesWithPFTest.closeBrowser(LoginPagesWithPFTest.java:50)
at tests.LoginPagesWithPFTest.closeBrowser(LoginPagesWithPFTest.java:50)
at tests.LoginPagesWithPFTest.closeBrowser(LoginPagesWithPFTest.java:50)
at tests.LoginPagesWithPFTest.closeBrowser(LoginPagesWithPFTest.java:50)
at tests.LoginPagesWithPFTest.closeBrowser(LoginPagesWithPFTest.java:50)
at tests.LoginPagesWithPFTest.closeBrowser(LoginPagesWithPFTest.java:50)
at tests.LoginPagesWithPFTest.closeBrowser(LoginPagesWithPFTest.java:50)
at tests.LoginPagesWithPFTest.closeBrowser(LoginPagesWithPFTest.java:50)
at tests.LoginPagesWithPFTest.closeBrowser(LoginPagesWithPFTest.java:50)
at tests.LoginPagesWithPFTest.closeBrowser(LoginPagesWithPFTest.java:50)
at tests.LoginPagesWithPFTest.closeBrowser(LoginPagesWithPFTest.java:50)
at tests.LoginPagesWithPFTest.closeBrowser(LoginPagesWithPFTest.java:50)
at tests.LoginPagesWithPFTest.closeBrowser(LoginPagesWithPFTest.java:50)
at tests.LoginPagesWithPFTest.closeBrowser(LoginPagesWithPFTest.java:50)
at tests.LoginPagesWithPFTest.closeBrowser(LoginPagesWithPFTest.java:50)
at tests.LoginPagesWithPFTest.closeBrowser(LoginPagesWithPFTest.java:50)
at tests.LoginPagesWithPFTest.closeBrowser(LoginPagesWithPFTest.java:50)
at tests.LoginPagesWithPFTest.closeBrowser(LoginPagesWithPFTest.java:50)
at tests.LoginPagesWithPFTest.closeBrowser(LoginPagesWithPFTest.java:50)
at tests.LoginPagesWithPFTest.closeBrowser(LoginPagesWithPFTest.java:50)
at tests.LoginPagesWithPFTest.closeBrowser(LoginPagesWithPFTest.java:50)
at tests.LoginPagesWithPFTest.closeBrowser(LoginPagesWithPFTest.java:50)
at tests.LoginPagesWithPFTest.closeBrowser(LoginPagesWithPFTest.java:50)
at tests.LoginPagesWithPFTest.closeBrowser(LoginPagesWithPFTest.java:50)
at tests.LoginPagesWithPFTest.closeBrowser(LoginPagesWithPFTest.java:50)
at tests.LoginPagesWithPFTest.closeBrowser(LoginPagesWithPFTest.java:50)
at tests.LoginPagesWithPFTest.closeBrowser(LoginPagesWithPFTest.java:50)
at tests.LoginPagesWithPFTest.closeBrowser(LoginPagesWithPFTest.java:50)
at tests.LoginPagesWithPFTest.closeBrowser(LoginPagesWithPFTest.java:50)
at tests.LoginPagesWithPFTest.closeBrowser(LoginPagesWithPFTest.java:50)
at tests.LoginPagesWithPFTest.closeBrowser(LoginPagesWithPFTest.java:50)
at tests.LoginPagesWithPFTest.closeBrowser(LoginPagesWithPFTest.java:50)
at tests.LoginPagesWithPFTest.closeBrowser(LoginPagesWithPFTest.java:50)
at tests.LoginPagesWithPFTest.closeBrowser(LoginPagesWithPFTest.java:50)
at tests.LoginPagesWithPFTest.closeBrowser(LoginPagesWithPFTest.java:50)
at tests.LoginPagesWithPFTest.closeBrowser(LoginPagesWithPFTest.java:50)
at tests.LoginPagesWithPFTest.closeBrowser(LoginPagesWithPFTest.java:50)
at tests.LoginPagesWithPFTest.closeBrowser(LoginPagesWithPFTest.java:50)
at tests.LoginPagesWithPFTest.closeBrowser(LoginPagesWithPFTest.java:50)
at tests.LoginPagesWithPFTest.closeBrowser(LoginPagesWithPFTest.java:50)
at tests.LoginPagesWithPFTest.closeBrowser(LoginPagesWithPFTest.java:50)
at tests.LoginPagesWithPFTest.closeBrowser(LoginPagesWithPFTest.java:50)
at tests.LoginPagesWithPFTest.closeBrowser(LoginPagesWithPFTest.java:50)
at tests.LoginPagesWithPFTest.closeBrowser(LoginPagesWithPFTest.java:50)
at tests.LoginPagesWithPFTest.closeBrowser(LoginPagesWithPFTest.java:50)
at tests.LoginPagesWithPFTest.closeBrowser(LoginPagesWithPFTest.java:50)
at tests.LoginPagesWithPFTest.closeBrowser(LoginPagesWithPFTest.java:50)
at tests.LoginPagesWithPFTest.closeBrowser(LoginPagesWithPFTest.java:50)
at tests.LoginPagesWithPFTest.closeBrowser(LoginPagesWithPFTest.java:50)
at tests.LoginPagesWithPFTest.closeBrowser(LoginPagesWithPFTest.java:50)
at tests.LoginPagesWithPFTest.closeBrowser(LoginPagesWithPFTest.java:50)
at tests.LoginPagesWithPFTest.closeBrowser(LoginPagesWithPFTest.java:50)
at tests.LoginPagesWithPFTest.closeBrowser(LoginPagesWithPFTest.java:50)
at tests.LoginPagesWithPFTest.closeBrowser(LoginPagesWithPFTest.java:50)
at tests.LoginPagesWithPFTest.closeBrowser(LoginPagesWithPFTest.java:50)
at tests.LoginPagesWithPFTest.closeBrowser(LoginPagesWithPFTest.java:50)
at tests.LoginPagesWithPFTest.closeBrowser(LoginPagesWithPFTest.java:50)
at tests.LoginPagesWithPFTest.closeBrowser(LoginPagesWithPFTest.java:50)
at tests.LoginPagesWithPFTest.closeBrowser(LoginPagesWithPFTest.java:50)
at tests.LoginPagesWithPFTest.closeBrowser(LoginPagesWithPFTest.java:50)
at tests.LoginPagesWithPFTest.closeBrowser(LoginPagesWithPFTest.java:50)
at tests.LoginPagesWithPFTest.closeBrowser(LoginPagesWithPFTest.java:50)
at tests.LoginPagesWithPFTest.closeBrowser(LoginPagesWithPFTest.java:50)
at tests.LoginPagesWithPFTest.closeBrowser(LoginPagesWithPFTest.java:50)
at tests.LoginPagesWithPFTest.closeBrowser(LoginPagesWithPFTest.java:50)
at tests.LoginPagesWithPFTest.closeBrowser(LoginPagesWithPFTest.java:50)
at tests.LoginPagesWithPFTest.closeBrowser(LoginPagesWithPFTest.java:50)
at tests.LoginPagesWithPFTest.closeBrowser(LoginPagesWithPFTest.java:50)
at tests.LoginPagesWithPFTest.closeBrowser(LoginPagesWithPFTest.java:50)
at tests.LoginPagesWithPFTest.closeBrowser(LoginPagesWithPFTest.java:50)
at tests.LoginPagesWithPFTest.closeBrowser(LoginPagesWithPFTest.java:50)
at tests.LoginPagesWithPFTest.closeBrowser(LoginPagesWithPFTest.java:50)
at tests.LoginPagesWithPFTest.closeBrowser(LoginPagesWithPFTest.java:50)
at tests.LoginPagesWithPFTest.closeBrowser(LoginPagesWithPFTest.java:50)
at tests.LoginPagesWithPFTest.closeBrowser(LoginPagesWithPFTest.java:50)
at tests.LoginPagesWithPFTest.closeBrowser(LoginPagesWithPFTest.java:50)
at tests.LoginPagesWithPFTest.closeBrowser(LoginPagesWithPFTest.java:50)
at tests.LoginPagesWithPFTest.closeBrowser(LoginPagesWithPFTest.java:50)
at tests.LoginPagesWithPFTest.closeBrowser(LoginPagesWithPFTest.java:50)
at tests.LoginPagesWithPFTest.closeBrowser(LoginPagesWithPFTest.java:50)
at tests.LoginPagesWithPFTest.closeBrowser(LoginPagesWithPFTest.java:50)
at tests.LoginPagesWithPFTest.closeBrowser(LoginPagesWithPFTest.java:50)
at tests.LoginPagesWithPFTest.closeBrowser(LoginPagesWithPFTest.java:50)
at tests.LoginPagesWithPFTest.closeBrowser(LoginPagesWithPFTest.java:50)
at tests.LoginPagesWithPFTest.closeBrowser(LoginPagesWithPFTest.java:50)
at tests.LoginPagesWithPFTest.closeBrowser(LoginPagesWithPFTest.java:50)
at tests.LoginPagesWithPFTest.closeBrowser(LoginPagesWithPFTest.java:50)
at tests.LoginPagesWithPFTest.closeBrowser(LoginPagesWithPFTest.java:50)
at tests.LoginPagesWithPFTest.closeBrowser(LoginPagesWithPFTest.java:50)
at tests.LoginPagesWithPFTest.closeBrowser(LoginPagesWithPFTest.java:50)
at tests.LoginPagesWithPFTest.closeBrowser(LoginPagesWithPFTest.java:50)
at tests.LoginPagesWithPFTest.closeBrowser(LoginPagesWithPFTest.java:50)
at tests.LoginPagesWithPFTest.closeBrowser(LoginPagesWithPFTest.java:50)
at tests.LoginPagesWithPFTest.closeBrowser(LoginPagesWithPFTest.java:50)
at tests.LoginPagesWithPFTest.closeBrowser(LoginPagesWithPFTest.java:50)
at tests.LoginPagesWithPFTest.closeBrowser(LoginPagesWithPFTest.java:50)
at tests.LoginPagesWithPFTest.closeBrowser(LoginPagesWithPFTest.java:50)
at tests.LoginPagesWithPFTest.closeBrowser(LoginPagesWithPFTest.java:50)
at tests.LoginPagesWithPFTest.closeBrowser(LoginPagesWithPFTest.java:50)
at tests.LoginPagesWithPFTest.closeBrowser(LoginPagesWithPFTest.java:50)
at tests.LoginPagesWithPFTest.closeBrowser(LoginPagesWithPFTest.java:50)
at tests.LoginPagesWithPFTest.closeBrowser(LoginPagesWithPFTest.java:50)
at tests.LoginPagesWithPFTest.closeBrowser(LoginPagesWithPFTest.java:50)
at tests.LoginPagesWithPFTest.closeBrowser(LoginPagesWithPFTest.java:50)
at tests.LoginPagesWithPFTest.closeBrowser(LoginPagesWithPFTest.java:50)
at tests.LoginPagesWithPFTest.closeBrowser(LoginPagesWithPFTest.java:50)
at tests.LoginPagesWithPFTest.closeBrowser(LoginPagesWithPFTest.java:50)
at tests.LoginPagesWithPFTest.closeBrowser(LoginPagesWithPFTest.java:50)
at tests.LoginPagesWithPFTest.closeBrowser(LoginPagesWithPFTest.java:50)
at tests.LoginPagesWithPFTest.closeBrowser(LoginPagesWithPFTest.java:50)
at tests.LoginPagesWithPFTest.closeBrowser(LoginPagesWithPFTest.java:50)
at tests.LoginPagesWithPFTest.closeBrowser(LoginPagesWithPFTest.java:50)
at tests.LoginPagesWithPFTest.closeBrowser(LoginPagesWithPFTest.java:50)
at tests.LoginPagesWithPFTest.closeBrowser(LoginPagesWithPFTest.java:50)
at tests.LoginPagesWithPFTest.closeBrowser(LoginPagesWithPFTest.java:50)
at tests.LoginPagesWithPFTest.closeBrowser(LoginPagesWithPFTest.java:50)
at tests.LoginPagesWithPFTest.closeBrowser(LoginPagesWithPFTest.java:50)
at tests.LoginPagesWithPFTest.closeBrowser(LoginPagesWithPFTest.java:50)
at tests.LoginPagesWithPFTest.closeBrowser(LoginPagesWithPFTest.java:50)
at tests.LoginPagesWithPFTest.closeBrowser(LoginPagesWithPFTest.java:50)
at tests.LoginPagesWithPFTest.closeBrowser(LoginPagesWithPFTest.java:50)
at tests.LoginPagesWithPFTest.closeBrowser(LoginPagesWithPFTest.java:50)
at tests.LoginPagesWithPFTest.closeBrowser(LoginPagesWithPFTest.java:50)
at tests.LoginPagesWithPFTest.closeBrowser(LoginPagesWithPFTest.java:50)
at tests.LoginPagesWithPFTest.closeBrowser(LoginPagesWithPFTest.java:50)
at tests.LoginPagesWithPFTest.closeBrowser(LoginPagesWithPFTest.java:50)
at tests.LoginPagesWithPFTest.closeBrowser(LoginPagesWithPFTest.java:50)
at tests.LoginPagesWithPFTest.closeBrowser(LoginPagesWithPFTest.java:50)
at tests.LoginPagesWithPFTest.closeBrowser(LoginPagesWithPFTest.java:50)
at tests.LoginPagesWithPFTest.closeBrowser(LoginPagesWithPFTest.java:50)
at tests.LoginPagesWithPFTest.closeBrowser(LoginPagesWithPFTest.java:50)
at tests.LoginPagesWithPFTest.closeBrowser(LoginPagesWithPFTest.java:50)
at tests.LoginPagesWithPFTest.closeBrowser(LoginPagesWithPFTest.java:50)
at tests.LoginPagesWithPFTest.closeBrowser(LoginPagesWithPFTest.java:50)
at tests.LoginPagesWithPFTest.closeBrowser(LoginPagesWithPFTest.java:50)
at tests.LoginPagesWithPFTest.closeBrowser(LoginPagesWithPFTest.java:50)
at tests.LoginPagesWithPFTest.closeBrowser(LoginPagesWithPFTest.java:50)
at tests.LoginPagesWithPFTest.closeBrowser(LoginPagesWithPFTest.java:50)
at tests.LoginPagesWithPFTest.closeBrowser(LoginPagesWithPFTest.java:50)
at tests.LoginPagesWithPFTest.closeBrowser(LoginPagesWithPFTest.java:50)
at tests.LoginPagesWithPFTest.closeBrowser(LoginPagesWithPFTest.java:50)
at tests.LoginPagesWithPFTest.closeBrowser(LoginPagesWithPFTest.java:50)
at tests.LoginPagesWithPFTest.closeBrowser(LoginPagesWithPFTest.java:50)
at tests.LoginPagesWithPFTest.closeBrowser(LoginPagesWithPFTest.java:50)
at tests.LoginPagesWithPFTest.closeBrowser(LoginPagesWithPFTest.java:50)
at tests.LoginPagesWithPFTest.closeBrowser(LoginPagesWithPFTest.java:50)
at tests.LoginPagesWithPFTest.closeBrowser(LoginPagesWithPFTest.java:50)
at tests.LoginPagesWithPFTest.closeBrowser(LoginPagesWithPFTest.java:50)
at tests.LoginPagesWithPFTest.closeBrowser(LoginPagesWithPFTest.java:50)
at tests.LoginPagesWithPFTest.closeBrowser(LoginPagesWithPFTest.java:50)
at tests.LoginPagesWithPFTest.closeBrowser(LoginPagesWithPFTest.java:50)
at tests.LoginPagesWithPFTest.closeBrowser(LoginPagesWithPFTest.java:50)
at tests.LoginPagesWithPFTest.closeBrowser(LoginPagesWithPFTest.java:50)
at tests.LoginPagesWithPFTest.closeBrowser(LoginPagesWithPFTest.java:50)
at tests.LoginPagesWithPFTest.closeBrowser(LoginPagesWithPFTest.java:50)
at tests.LoginPagesWithPFTest.closeBrowser(LoginPagesWithPFTest.java:50)
at tests.LoginPagesWithPFTest.closeBrowser(LoginPagesWithPFTest.java:50)
at tests.LoginPagesWithPFTest.closeBrowser(LoginPagesWithPFTest.java:50)
at tests.LoginPagesWithPFTest.closeBrowser(LoginPagesWithPFTest.java:50)
at tests.LoginPagesWithPFTest.closeBrowser(LoginPagesWithPFTest.java:50)
at tests.LoginPagesWithPFTest.closeBrowser(LoginPagesWithPFTest.java:50)
at tests.LoginPagesWithPFTest.closeBrowser(LoginPagesWithPFTest.java:50)
at tests.LoginPagesWithPFTest.closeBrowser(LoginPagesWithPFTest.java:50)
at tests.LoginPagesWithPFTest.closeBrowser(LoginPagesWithPFTest.java:50)
at tests.LoginPagesWithPFTest.closeBrowser(LoginPagesWithPFTest.java:50)
at tests.LoginPagesWithPFTest.closeBrowser(LoginPagesWithPFTest.java:50)
at tests.LoginPagesWithPFTest.closeBrowser(LoginPagesWithPFTest.java:50)
at tests.LoginPagesWithPFTest.closeBrowser(LoginPagesWithPFTest.java:50)
at tests.LoginPagesWithPFTest.closeBrowser(LoginPagesWithPFTest.java:50)
at tests.LoginPagesWithPFTest.closeBrowser(LoginPagesWithPFTest.java:50)
at tests.LoginPagesWithPFTest.closeBrowser(LoginPagesWithPFTest.java:50)
at tests.LoginPagesWithPFTest.closeBrowser(LoginPagesWithPFTest.java:50)
at tests.LoginPagesWithPFTest.closeBrowser(LoginPagesWithPFTest.java:50)
at tests.LoginPagesWithPFTest.closeBrowser(LoginPagesWithPFTest.java:50)
at tests.LoginPagesWithPFTest.closeBrowser(LoginPagesWithPFTest.java:50)
at tests.LoginPagesWithPFTest.closeBrowser(LoginPagesWithPFTest.java:50)
at tests.LoginPagesWithPFTest.closeBrowser(LoginPagesWithPFTest.java:50)
at tests.LoginPagesWithPFTest.closeBrowser(LoginPagesWithPFTest.java:50)
at tests.LoginPagesWithPFTest.closeBrowser(LoginPagesWithPFTest.java:50)
at tests.LoginPagesWithPFTest.closeBrowser(LoginPagesWithPFTest.java:50)
at tests.LoginPagesWithPFTest.closeBrowser(LoginPagesWithPFTest.java:50)
at tests.LoginPagesWithPFTest.closeBrowser(LoginPagesWithPFTest.java:50)
at tests.LoginPagesWithPFTest.closeBrowser(LoginPagesWithPFTest.java:50)
at tests.LoginPagesWithPFTest.closeBrowser(LoginPagesWithPFTest.java:50)
at tests.LoginPagesWithPFTest.closeBrowser(LoginPagesWithPFTest.java:50)
at tests.LoginPagesWithPFTest.closeBrowser(LoginPagesWithPFTest.java:50)
at tests.LoginPagesWithPFTest.closeBrowser(LoginPagesWithPFTest.java:50)
at tests.LoginPagesWithPFTest.closeBrowser(LoginPagesWithPFTest.java:50)
at tests.LoginPagesWithPFTest.closeBrowser(LoginPagesWithPFTest.java:50)
at tests.LoginPagesWithPFTest.closeBrowser(LoginPagesWithPFTest.java:50)
at tests.LoginPagesWithPFTest.closeBrowser(LoginPagesWithPFTest.java:50)
at tests.LoginPagesWithPFTest.closeBrowser(LoginPagesWithPFTest.java:50)
at tests.LoginPagesWithPFTest.closeBrowser(LoginPagesWithPFTest.java:50)
at tests.LoginPagesWithPFTest.closeBrowser(LoginPagesWithPFTest.java:50)
at tests.LoginPagesWithPFTest.closeBrowser(LoginPagesWithPFTest.java:50)
at tests.LoginPagesWithPFTest.closeBrowser(LoginPagesWithPFTest.java:50)
at tests.LoginPagesWithPFTest.closeBrowser(LoginPagesWithPFTest.java:50)
at tests.LoginPagesWithPFTest.closeBrowser(LoginPagesWithPFTest.java:50)
at tests.LoginPagesWithPFTest.closeBrowser(LoginPagesWithPFTest.java:50)
at tests.LoginPagesWithPFTest.closeBrowser(LoginPagesWithPFTest.java:50)
at tests.LoginPagesWithPFTest.closeBrowser(LoginPagesWithPFTest.java:50)
at tests.LoginPagesWithPFTest.closeBrowser(LoginPagesWithPFTest.java:50)
at tests.LoginPagesWithPFTest.closeBrowser(LoginPagesWithPFTest.java:50)
at tests.LoginPagesWithPFTest.closeBrowser(LoginPagesWithPFTest.java:50)
at tests.LoginPagesWithPFTest.closeBrowser(LoginPagesWithPFTest.java:50)
at tests.LoginPagesWithPFTest.closeBrowser(LoginPagesWithPFTest.java:50)
at tests.LoginPagesWithPFTest.closeBrowser(LoginPagesWithPFTest.java:50)
at tests.LoginPagesWithPFTest.closeBrowser(LoginPagesWithPFTest.java:50)
at tests.LoginPagesWithPFTest.closeBrowser(LoginPagesWithPFTest.java:50)
at tests.LoginPagesWithPFTest.closeBrowser(LoginPagesWithPFTest.java:50)
at tests.LoginPagesWithPFTest.closeBrowser(LoginPagesWithPFTest.java:50)
at tests.LoginPagesWithPFTest.closeBrowser(LoginPagesWithPFTest.java:50)
at tests.LoginPagesWithPFTest.closeBrowser(LoginPagesWithPFTest.java:50)
at tests.LoginPagesWithPFTest.closeBrowser(LoginPagesWithPFTest.java:50)
at tests.LoginPagesWithPFTest.closeBrowser(LoginPagesWithPFTest.java:50)
at tests.LoginPagesWithPFTest.closeBrowser(LoginPagesWithPFTest.java:50)
at tests.LoginPagesWithPFTest.closeBrowser(LoginPagesWithPFTest.java:50)
at tests.LoginPagesWithPFTest.closeBrowser(LoginPagesWithPFTest.java:50)
at tests.LoginPagesWithPFTest.closeBrowser(LoginPagesWithPFTest.java:50)
at tests.LoginPagesWithPFTest.closeBrowser(LoginPagesWithPFTest.java:50)
at tests.LoginPagesWithPFTest.closeBrowser(LoginPagesWithPFTest.java:50)
at tests.LoginPagesWithPFTest.closeBrowser(LoginPagesWithPFTest.java:50)
at tests.LoginPagesWithPFTest.closeBrowser(LoginPagesWithPFTest.java:50)
at tests.LoginPagesWithPFTest.closeBrowser(LoginPagesWithPFTest.java:50)
at tests.LoginPagesWithPFTest.closeBrowser(LoginPagesWithPFTest.java:50)
at tests.LoginPagesWithPFTest.closeBrowser(LoginPagesWithPFTest.java:50)
at tests.LoginPagesWithPFTest.closeBrowser(LoginPagesWithPFTest.java:50)
at tests.LoginPagesWithPFTest.closeBrowser(LoginPagesWithPFTest.java:50)
at tests.LoginPagesWithPFTest.closeBrowser(LoginPagesWithPFTest.java:50)
at tests.LoginPagesWithPFTest.closeBrowser(LoginPagesWithPFTest.java:50)
at tests.LoginPagesWithPFTest.closeBrowser(LoginPagesWithPFTest.java:50)
at tests.LoginPagesWithPFTest.closeBrowser(LoginPagesWithPFTest.java:50)
at tests.LoginPagesWithPFTest.closeBrowser(LoginPagesWithPFTest.java:50)
at tests.LoginPagesWithPFTest.closeBrowser(LoginPagesWithPFTest.java:50)
at tests.LoginPagesWithPFTest.closeBrowser(LoginPagesWithPFTest.java:50)
at tests.LoginPagesWithPFTest.closeBrowser(LoginPagesWithPFTest.java:50)
at tests.LoginPagesWithPFTest.closeBrowser(LoginPagesWithPFTest.java:50)
at tests.LoginPagesWithPFTest.closeBrowser(LoginPagesWithPFTest.java:50)
at tests.LoginPagesWithPFTest.closeBrowser(LoginPagesWithPFTest.java:50)
at tests.LoginPagesWithPFTest.closeBrowser(LoginPagesWithPFTest.java:50)
at tests.LoginPagesWithPFTest.closeBrowser(LoginPagesWithPFTest.java:50)
at tests.LoginPagesWithPFTest.closeBrowser(LoginPagesWithPFTest.java:50)
at tests.LoginPagesWithPFTest.closeBrowser(LoginPagesWithPFTest.java:50)
at tests.LoginPagesWithPFTest.closeBrowser(LoginPagesWithPFTest.java:50)
at tests.LoginPagesWithPFTest.closeBrowser(LoginPagesWithPFTest.java:50)
at tests.LoginPagesWithPFTest.closeBrowser(LoginPagesWithPFTest.java:50)
at tests.LoginPagesWithPFTest.closeBrowser(LoginPagesWithPFTest.java:50)
at tests.LoginPagesWithPFTest.closeBrowser(LoginPagesWithPFTest.java:50)
at tests.LoginPagesWithPFTest.closeBrowser(LoginPagesWithPFTest.java:50)
at tests.LoginPagesWithPFTest.closeBrowser(LoginPagesWithPFTest.java:50)
at tests.LoginPagesWithPFTest.closeBrowser(LoginPagesWithPFTest.java:50)
at tests.LoginPagesWithPFTest.closeBrowser(LoginPagesWithPFTest.java:50)
at tests.LoginPagesWithPFTest.closeBrowser(LoginPagesWithPFTest.java:50)
at tests.LoginPagesWithPFTest.closeBrowser(LoginPagesWithPFTest.java:50)
at tests.LoginPagesWithPFTest.closeBrowser(LoginPagesWithPFTest.java:50)
at tests.LoginPagesWithPFTest.closeBrowser(LoginPagesWithPFTest.java:50)
at tests.LoginPagesWithPFTest.closeBrowser(LoginPagesWithPFTest.java:50)
at tests.LoginPagesWithPFTest.closeBrowser(LoginPagesWithPFTest.java:50)
at tests.LoginPagesWithPFTest.closeBrowser(LoginPagesWithPFTest.java:50)
at tests.LoginPagesWithPFTest.closeBrowser(LoginPagesWithPFTest.java:50)
at tests.LoginPagesWithPFTest.closeBrowser(LoginPagesWithPFTest.java:50)
at tests.LoginPagesWithPFTest.closeBrowser(LoginPagesWithPFTest.java:50)
at tests.LoginPagesWithPFTest.closeBrowser(LoginPagesWithPFTest.java:50)
at tests.LoginPagesWithPFTest.closeBrowser(LoginPagesWithPFTest.java:50)
at tests.LoginPagesWithPFTest.closeBrowser(LoginPagesWithPFTest.java:50)
at tests.LoginPagesWithPFTest.closeBrowser(LoginPagesWithPFTest.java:50)
at tests.LoginPagesWithPFTest.closeBrowser(LoginPagesWithPFTest.java:50)
at tests.LoginPagesWithPFTest.closeBrowser(LoginPagesWithPFTest.java:50)
at tests.LoginPagesWithPFTest.closeBrowser(LoginPagesWithPFTest.java:50)
at tests.LoginPagesWithPFTest.closeBrowser(LoginPagesWithPFTest.java:50)
at tests.LoginPagesWithPFTest.closeBrowser(LoginPagesWithPFTest.java:50)
at tests.LoginPagesWithPFTest.closeBrowser(LoginPagesWithPFTest.java:50)
at tests.LoginPagesWithPFTest.closeBrowser(LoginPagesWithPFTest.java:50)
at tests.LoginPagesWithPFTest.closeBrowser(LoginPagesWithPFTest.java:50)
at tests.LoginPagesWithPFTest.closeBrowser(LoginPagesWithPFTest.java:50)
at tests.LoginPagesWithPFTest.closeBrowser(LoginPagesWithPFTest.java:50)
at tests.LoginPagesWithPFTest.closeBrowser(LoginPagesWithPFTest.java:50)
at tests.LoginPagesWithPFTest.closeBrowser(LoginPagesWithPFTest.java:50)
at tests.LoginPagesWithPFTest.closeBrowser(LoginPagesWithPFTest.java:50)
at tests.LoginPagesWithPFTest.closeBrowser(LoginPagesWithPFTest.java:50)
at tests.LoginPagesWithPFTest.closeBrowser(LoginPagesWithPFTest.java:50)
at tests.LoginPagesWithPFTest.closeBrowser(LoginPagesWithPFTest.java:50)
at tests.LoginPagesWithPFTest.closeBrowser(LoginPagesWithPFTest.java:50)
at tests.LoginPagesWithPFTest.closeBrowser(LoginPagesWithPFTest.java:50)
at tests.LoginPagesWithPFTest.closeBrowser(LoginPagesWithPFTest.java:50)
at tests.LoginPagesWithPFTest.closeBrowser(LoginPagesWithPFTest.java:50)
at tests.LoginPagesWithPFTest.closeBrowser(LoginPagesWithPFTest.java:50)
at tests.LoginPagesWithPFTest.closeBrowser(LoginPagesWithPFTest.java:50)
at tests.LoginPagesWithPFTest.closeBrowser(LoginPagesWithPFTest.java:50)
at tests.LoginPagesWithPFTest.closeBrowser(LoginPagesWithPFTest.java:50)
at tests.LoginPagesWithPFTest.closeBrowser(LoginPagesWithPFTest.java:50)
at tests.LoginPagesWithPFTest.closeBrowser(LoginPagesWithPFTest.java:50)
at tests.LoginPagesWithPFTest.closeBrowser(LoginPagesWithPFTest.java:50)
at tests.LoginPagesWithPFTest.closeBrowser(LoginPagesWithPFTest.java:50)
at tests.LoginPagesWithPFTest.closeBrowser(LoginPagesWithPFTest.java:50)
at tests.LoginPagesWithPFTest.closeBrowser(LoginPagesWithPFTest.java:50)
at tests.LoginPagesWithPFTest.closeBrowser(LoginPagesWithPFTest.java:50)
at tests.LoginPagesWithPFTest.closeBrowser(LoginPagesWithPFTest.java:50)
at tests.LoginPagesWithPFTest.closeBrowser(LoginPagesWithPFTest.java:50)
at tests.LoginPagesWithPFTest.closeBrowser(LoginPagesWithPFTest.java:50)
at tests.LoginPagesWithPFTest.closeBrowser(LoginPagesWithPFTest.java:50)
at tests.LoginPagesWithPFTest.closeBrowser(LoginPagesWithPFTest.java:50)
at tests.LoginPagesWithPFTest.closeBrowser(LoginPagesWithPFTest.java:50)
at tests.LoginPagesWithPFTest.closeBrowser(LoginPagesWithPFTest.java:50)
at tests.LoginPagesWithPFTest.closeBrowser(LoginPagesWithPFTest.java:50)
at tests.LoginPagesWithPFTest.closeBrowser(LoginPagesWithPFTest.java:50)
at tests.LoginPagesWithPFTest.closeBrowser(LoginPagesWithPFTest.java:50)
at tests.LoginPagesWithPFTest.closeBrowser(LoginPagesWithPFTest.java:50)
at tests.LoginPagesWithPFTest.closeBrowser(LoginPagesWithPFTest.java:50)
at tests.LoginPagesWithPFTest.closeBrowser(LoginPagesWithPFTest.java:50)
at tests.LoginPagesWithPFTest.closeBrowser(LoginPagesWithPFTest.java:50)
at tests.LoginPagesWithPFTest.closeBrowser(LoginPagesWithPFTest.java:50)
at tests.LoginPagesWithPFTest.closeBrowser(LoginPagesWithPFTest.java:50)
at tests.LoginPagesWithPFTest.closeBrowser(LoginPagesWithPFTest.java:50)
at tests.LoginPagesWithPFTest.closeBrowser(LoginPagesWithPFTest.java:50)
at tests.LoginPagesWithPFTest.closeBrowser(LoginPagesWithPFTest.java:50)
at tests.LoginPagesWithPFTest.closeBrowser(LoginPagesWithPFTest.java:50)
at tests.LoginPagesWithPFTest.closeBrowser(LoginPagesWithPFTest.java:50)
at tests.LoginPagesWithPFTest.closeBrowser(LoginPagesWithPFTest.java:50)
at tests.LoginPagesWithPFTest.closeBrowser(LoginPagesWithPFTest.java:50)
at tests.LoginPagesWithPFTest.closeBrowser(LoginPagesWithPFTest.java:50)
at tests.LoginPagesWithPFTest.closeBrowser(LoginPagesWithPFTest.java:50)
at tests.LoginPagesWithPFTest.closeBrowser(LoginPagesWithPFTest.java:50)
at tests.LoginPagesWithPFTest.closeBrowser(LoginPagesWithPFTest.java:50)
at tests.LoginPagesWithPFTest.closeBrowser(LoginPagesWithPFTest.java:50)
at tests.LoginPagesWithPFTest.closeBrowser(LoginPagesWithPFTest.java:50)
at tests.LoginPagesWithPFTest.closeBrowser(LoginPagesWithPFTest.java:50)
at tests.LoginPagesWithPFTest.closeBrowser(LoginPagesWithPFTest.java:50)
at tests.LoginPagesWithPFTest.closeBrowser(LoginPagesWithPFTest.java:50)
at tests.LoginPagesWithPFTest.closeBrowser(LoginPagesWithPFTest.java:50)
at tests.LoginPagesWithPFTest.closeBrowser(LoginPagesWithPFTest.java:50)
at tests.LoginPagesWithPFTest.closeBrowser(LoginPagesWithPFTest.java:50)
at tests.LoginPagesWithPFTest.closeBrowser(LoginPagesWithPFTest.java:50)
at tests.LoginPagesWithPFTest.closeBrowser(LoginPagesWithPFTest.java:50)
at tests.LoginPagesWithPFTest.closeBrowser(LoginPagesWithPFTest.java:50)
at tests.LoginPagesWithPFTest.closeBrowser(LoginPagesWithPFTest.java:50)
at tests.LoginPagesWithPFTest.closeBrowser(LoginPagesWithPFTest.java:50)
at tests.LoginPagesWithPFTest.closeBrowser(LoginPagesWithPFTest.java:50)
at tests.LoginPagesWithPFTest.closeBrowser(LoginPagesWithPFTest.java:50)
at tests.LoginPagesWithPFTest.closeBrowser(LoginPagesWithPFTest.java:50)
at tests.LoginPagesWithPFTest.closeBrowser(LoginPagesWithPFTest.java:50)
at tests.LoginPagesWithPFTest.closeBrowser(LoginPagesWithPFTest.java:50)
at tests.LoginPagesWithPFTest.closeBrowser(LoginPagesWithPFTest.java:50)
at tests.LoginPagesWithPFTest.closeBrowser(LoginPagesWithPFTest.java:50)
at tests.LoginPagesWithPFTest.closeBrowser(LoginPagesWithPFTest.java:50)
at tests.LoginPagesWithPFTest.closeBrowser(LoginPagesWithPFTest.java:50)
at tests.LoginPagesWithPFTest.closeBrowser(LoginPagesWithPFTest.java:50)
at tests.LoginPagesWithPFTest.closeBrowser(LoginPagesWithPFTest.java:50)
at tests.LoginPagesWithPFTest.closeBrowser(LoginPagesWithPFTest.java:50)
at tests.LoginPagesWithPFTest.closeBrowser(LoginPagesWithPFTest.java:50)
at tests.LoginPagesWithPFTest.closeBrowser(LoginPagesWithPFTest.java:50)
at tests.LoginPagesWithPFTest.closeBrowser(LoginPagesWithPFTest.java:50)
at tests.LoginPagesWithPFTest.closeBrowser(LoginPagesWithPFTest.java:50)
at tests.LoginPagesWithPFTest.closeBrowser(LoginPagesWithPFTest.java:50)
at tests.LoginPagesWithPFTest.closeBrowser(LoginPagesWithPFTest.java:50)
at tests.LoginPagesWithPFTest.closeBrowser(LoginPagesWithPFTest.java:50)
at tests.LoginPagesWithPFTest.closeBrowser(LoginPagesWithPFTest.java:50)
at tests.LoginPagesWithPFTest.closeBrowser(LoginPagesWithPFTest.java:50)
at tests.LoginPagesWithPFTest.closeBrowser(LoginPagesWithPFTest.java:50)
at tests.LoginPagesWithPFTest.closeBrowser(LoginPagesWithPFTest.java:50)
at tests.LoginPagesWithPFTest.closeBrowser(LoginPagesWithPFTest.java:50)
at tests.LoginPagesWithPFTest.closeBrowser(LoginPagesWithPFTest.java:50)
at tests.LoginPagesWithPFTest.closeBrowser(LoginPagesWithPFTest.java:50)
at tests.LoginPagesWithPFTest.closeBrowser(LoginPagesWithPFTest.java:50)
at tests.LoginPagesWithPFTest.closeBrowser(LoginPagesWithPFTest.java:50)
at tests.LoginPagesWithPFTest.closeBrowser(LoginPagesWithPFTest.java:50)
at tests.LoginPagesWithPFTest.closeBrowser(LoginPagesWithPFTest.java:50)
at tests.LoginPagesWithPFTest.closeBrowser(LoginPagesWithPFTest.java:50)
at tests.LoginPagesWithPFTest.closeBrowser(LoginPagesWithPFTest.java:50)
at tests.LoginPagesWithPFTest.closeBrowser(LoginPagesWithPFTest.java:50)
at tests.LoginPagesWithPFTest.closeBrowser(LoginPagesWithPFTest.java:50)
at tests.LoginPagesWithPFTest.closeBrowser(LoginPagesWithPFTest.java:50)
at tests.LoginPagesWithPFTest.closeBrowser(LoginPagesWithPFTest.java:50)
at tests.LoginPagesWithPFTest.closeBrowser(LoginPagesWithPFTest.java:50)
at tests.LoginPagesWithPFTest.closeBrowser(LoginPagesWithPFTest.java:50)
at tests.LoginPagesWithPFTest.closeBrowser(LoginPagesWithPFTest.java:50)
at tests.LoginPagesWithPFTest.closeBrowser(LoginPagesWithPFTest.java:50)
at tests.LoginPagesWithPFTest.closeBrowser(LoginPagesWithPFTest.java:50)
at tests.LoginPagesWithPFTest.closeBrowser(LoginPagesWithPFTest.java:50)
at tests.LoginPagesWithPFTest.closeBrowser(LoginPagesWithPFTest.java:50)
at tests.LoginPagesWithPFTest.closeBrowser(LoginPagesWithPFTest.java:50)
at tests.LoginPagesWithPFTest.closeBrowser(LoginPagesWithPFTest.java:50)
at tests.LoginPagesWithPFTest.closeBrowser(LoginPagesWithPFTest.java:50)
at tests.LoginPagesWithPFTest.closeBrowser(LoginPagesWithPFTest.java:50)
at tests.LoginPagesWithPFTest.closeBrowser(LoginPagesWithPFTest.java:50)
at tests.LoginPagesWithPFTest.closeBrowser(LoginPagesWithPFTest.java:50)
at tests.LoginPagesWithPFTest.closeBrowser(LoginPagesWithPFTest.java:50)
at tests.LoginPagesWithPFTest.closeBrowser(LoginPagesWithPFTest.java:50)
at tests.LoginPagesWithPFTest.closeBrowser(LoginPagesWithPFTest.java:50)
at tests.LoginPagesWithPFTest.closeBrowser(LoginPagesWithPFTest.java:50)
at tests.LoginPagesWithPFTest.closeBrowser(LoginPagesWithPFTest.java:50)
at tests.LoginPagesWithPFTest.closeBrowser(LoginPagesWithPFTest.java:50)
at tests.LoginPagesWithPFTest.closeBrowser(LoginPagesWithPFTest.java:50)
at tests.LoginPagesWithPFTest.closeBrowser(LoginPagesWithPFTest.java:50)
at tests.LoginPagesWithPFTest.closeBrowser(LoginPagesWithPFTest.java:50)
at tests.LoginPagesWithPFTest.closeBrowser(LoginPagesWithPFTest.java:50)
at tests.LoginPagesWithPFTest.closeBrowser(LoginPagesWithPFTest.java:50)
at tests.LoginPagesWithPFTest.closeBrowser(LoginPagesWithPFTest.java:50)
at tests.LoginPagesWithPFTest.closeBrowser(LoginPagesWithPFTest.java:50)
at tests.LoginPagesWithPFTest.closeBrowser(LoginPagesWithPFTest.java:50)
at tests.LoginPagesWithPFTest.closeBrowser(LoginPagesWithPFTest.java:50)
at tests.LoginPagesWithPFTest.closeBrowser(LoginPagesWithPFTest.java:50)
at tests.LoginPagesWithPFTest.closeBrowser(LoginPagesWithPFTest.java:50)
at tests.LoginPagesWithPFTest.closeBrowser(LoginPagesWithPFTest.java:50)
at tests.LoginPagesWithPFTest.closeBrowser(LoginPagesWithPFTest.java:50)
at tests.LoginPagesWithPFTest.closeBrowser(LoginPagesWithPFTest.java:50)
at tests.LoginPagesWithPFTest.closeBrowser(LoginPagesWithPFTest.java:50)
at tests.LoginPagesWithPFTest.closeBrowser(LoginPagesWithPFTest.java:50)
at tests.LoginPagesWithPFTest.closeBrowser(LoginPagesWithPFTest.java:50)
at tests.LoginPagesWithPFTest.closeBrowser(LoginPagesWithPFTest.java:50)
at tests.LoginPagesWithPFTest.closeBrowser(LoginPagesWithPFTest.java:50)
at tests.LoginPagesWithPFTest.closeBrowser(LoginPagesWithPFTest.java:50)
at tests.LoginPagesWithPFTest.closeBrowser(LoginPagesWithPFTest.java:50)
at tests.LoginPagesWithPFTest.closeBrowser(LoginPagesWithPFTest.java:50)
at tests.LoginPagesWithPFTest.closeBrowser(LoginPagesWithPFTest.java:50)
at tests.LoginPagesWithPFTest.closeBrowser(LoginPagesWithPFTest.java:50)
at tests.LoginPagesWithPFTest.closeBrowser(LoginPagesWithPFTest.java:50)
at tests.LoginPagesWithPFTest.closeBrowser(LoginPagesWithPFTest.java:50)
at tests.LoginPagesWithPFTest.closeBrowser(LoginPagesWithPFTest.java:50)
at tests.LoginPagesWithPFTest.closeBrowser(LoginPagesWithPFTest.java:50)
at tests.LoginPagesWithPFTest.closeBrowser(LoginPagesWithPFTest.java:50)
at tests.LoginPagesWithPFTest.closeBrowser(LoginPagesWithPFTest.java:50)
at tests.LoginPagesWithPFTest.closeBrowser(LoginPagesWithPFTest.java:50)
at tests.LoginPagesWithPFTest.closeBrowser(LoginPagesWithPFTest.java:50)
at tests.LoginPagesWithPFTest.closeBrowser(LoginPagesWithPFTest.java:50)
at tests.LoginPagesWithPFTest.closeBrowser(LoginPagesWithPFTest.java:50)
at tests.LoginPagesWithPFTest.closeBrowser(LoginPagesWithPFTest.java:50)
at tests.LoginPagesWithPFTest.closeBrowser(LoginPagesWithPFTest.java:50)
at tests.LoginPagesWithPFTest.closeBrowser(LoginPagesWithPFTest.java:50)
at tests.LoginPagesWithPFTest.closeBrowser(LoginPagesWithPFTest.java:50)
at tests.LoginPagesWithPFTest.closeBrowser(LoginPagesWithPFTest.java:50)
at tests.LoginPagesWithPFTest.closeBrowser(LoginPagesWithPFTest.java:50)
at tests.LoginPagesWithPFTest.closeBrowser(LoginPagesWithPFTest.java:50)
at tests.LoginPagesWithPFTest.closeBrowser(LoginPagesWithPFTest.java:50)
at tests.LoginPagesWithPFTest.closeBrowser(LoginPagesWithPFTest.java:50)
at tests.LoginPagesWithPFTest.closeBrowser(LoginPagesWithPFTest.java:50)
at tests.LoginPagesWithPFTest.closeBrowser(LoginPagesWithPFTest.java:50)
at tests.LoginPagesWithPFTest.closeBrowser(LoginPagesWithPFTest.java:50)
at tests.LoginPagesWithPFTest.closeBrowser(LoginPagesWithPFTest.java:50)
at tests.LoginPagesWithPFTest.closeBrowser(LoginPagesWithPFTest.java:50)
at tests.LoginPagesWithPFTest.closeBrowser(LoginPagesWithPFTest.java:50)
at tests.LoginPagesWithPFTest.closeBrowser(LoginPagesWithPFTest.java:50)
at tests.LoginPagesWithPFTest.closeBrowser(LoginPagesWithPFTest.java:50)
at tests.LoginPagesWithPFTest.closeBrowser(LoginPagesWithPFTest.java:50)
at tests.LoginPagesWithPFTest.closeBrowser(LoginPagesWithPFTest.java:50)
at tests.LoginPagesWithPFTest.closeBrowser(LoginPagesWithPFTest.java:50)
at tests.LoginPagesWithPFTest.closeBrowser(LoginPagesWithPFTest.java:50)
at tests.LoginPagesWithPFTest.closeBrowser(LoginPagesWithPFTest.java:50)
at tests.LoginPagesWithPFTest.closeBrowser(LoginPagesWithPFTest.java:50)
at tests.LoginPagesWithPFTest.closeBrowser(LoginPagesWithPFTest.java:50)
at tests.LoginPagesWithPFTest.closeBrowser(LoginPagesWithPFTest.java:50)
at tests.LoginPagesWithPFTest.closeBrowser(LoginPagesWithPFTest.java:50)
at tests.LoginPagesWithPFTest.closeBrowser(LoginPagesWithPFTest.java:50)
at tests.LoginPagesWithPFTest.closeBrowser(LoginPagesWithPFTest.java:50)
at tests.LoginPagesWithPFTest.closeBrowser(LoginPagesWithPFTest.java:50)
at tests.LoginPagesWithPFTest.closeBrowser(LoginPagesWithPFTest.java:50)
at tests.LoginPagesWithPFTest.closeBrowser(LoginPagesWithPFTest.java:50)
at tests.LoginPagesWithPFTest.closeBrowser(LoginPagesWithPFTest.java:50)
at tests.LoginPagesWithPFTest.closeBrowser(LoginPagesWithPFTest.java:50)
at tests.LoginPagesWithPFTest.closeBrowser(LoginPagesWithPFTest.java:50)
at tests.LoginPagesWithPFTest.closeBrowser(LoginPagesWithPFTest.java:50)
at tests.LoginPagesWithPFTest.closeBrowser(LoginPagesWithPFTest.java:50)
at tests.LoginPagesWithPFTest.closeBrowser(LoginPagesWithPFTest.java:50)
at tests.LoginPagesWithPFTest.closeBrowser(LoginPagesWithPFTest.java:50)
at tests.LoginPagesWithPFTest.closeBrowser(LoginPagesWithPFTest.java:50)
at tests.LoginPagesWithPFTest.closeBrowser(LoginPagesWithPFTest.java:50)
at tests.LoginPagesWithPFTest.closeBrowser(LoginPagesWithPFTest.java:50)
at tests.LoginPagesWithPFTest.closeBrowser(LoginPagesWithPFTest.java:50)
at tests.LoginPagesWithPFTest.closeBrowser(LoginPagesWithPFTest.java:50)
at tests.LoginPagesWithPFTest.closeBrowser(LoginPagesWithPFTest.java:50)
at tests.LoginPagesWithPFTest.closeBrowser(LoginPagesWithPFTest.java:50)
at tests.LoginPagesWithPFTest.closeBrowser(LoginPagesWithPFTest.java:50)
at tests.LoginPagesWithPFTest.closeBrowser(LoginPagesWithPFTest.java:50)
at tests.LoginPagesWithPFTest.closeBrowser(LoginPagesWithPFTest.java:50)
at tests.LoginPagesWithPFTest.closeBrowser(LoginPagesWithPFTest.java:50)
at tests.LoginPagesWithPFTest.closeBrowser(LoginPagesWithPFTest.java:50)
at tests.LoginPagesWithPFTest.closeBrowser(LoginPagesWithPFTest.java:50)
]]>
    </error>
  </testcase> <!-- closeBrowser -->
  <system-out/>
  <testcase classname="tests.LoginPagesWithPFTest" name="loginTest" time="30.162">
    <error message="no such element: Unable to locate element: {&quot;method&quot;:&quot;xpath&quot;,&quot;selector&quot;:&quot;//a[@class=&#039;ico-login&#039;]&quot;}
  (Session info: MicrosoftEdge=135.0.3179.18)
For documentation on this error, please visit: https://www.selenium.dev/documentation/webdriver/troubleshooting/errors#no-such-element-exception
Build info: version: &#039;4.15.0&#039;, revision: &#039;1d14b5521b&#039;
System info: os.name: &#039;Windows 11&#039;, os.arch: &#039;amd64&#039;, os.version: &#039;10.0&#039;, java.version: &#039;23.0.2&#039;
Driver info: org.openqa.selenium.edge.EdgeDriver
Command: [fd936e3910fda6c513fbe67587c59cf6, findElement {using=xpath, value=//a[@class=&#039;ico-login&#039;]}]
Capabilities {acceptInsecureCerts: false, browserName: MicrosoftEdge, browserVersion: 135.0.3179.18, fedcm:accounts: true, ms:edgeOptions: {debuggerAddress: localhost:54778}, msedge: {msedgedriverVersion: 135.0.3179.18 (55f30c215f88..., userDataDir: C:\Users\Aakash\AppData\Loc...}, networkConnectionEnabled: false, pageLoadStrategy: normal, platformName: windows, proxy: Proxy(), se:cdp: ws://localhost:54778/devtoo..., se:cdpVersion: 135.0.3179.18, setWindowRect: true, strictFileInteractability: false, timeouts: {implicit: 0, pageLoad: 300000, script: 30000}, unhandledPromptBehavior: dismiss and notify, webauthn:extension:credBlob: true, webauthn:extension:largeBlob: true, webauthn:extension:minPinLength: true, webauthn:extension:prf: true, webauthn:virtualAuthenticators: true}
Session ID: fd936e3910fda6c513fbe67587c59cf6" type="org.openqa.selenium.NoSuchElementException">
      <![CDATA[org.openqa.selenium.NoSuchElementException: no such element: Unable to locate element: {"method":"xpath","selector":"//a[@class='ico-login']"}
  (Session info: MicrosoftEdge=135.0.3179.18)
For documentation on this error, please visit: https://www.selenium.dev/documentation/webdriver/troubleshooting/errors#no-such-element-exception
Build info: version: '4.15.0', revision: '1d14b5521b'
System info: os.name: 'Windows 11', os.arch: 'amd64', os.version: '10.0', java.version: '23.0.2'
Driver info: org.openqa.selenium.edge.EdgeDriver
Command: [fd936e3910fda6c513fbe67587c59cf6, findElement {using=xpath, value=//a[@class='ico-login']}]
Capabilities {acceptInsecureCerts: false, browserName: MicrosoftEdge, browserVersion: 135.0.3179.18, fedcm:accounts: true, ms:edgeOptions: {debuggerAddress: localhost:54778}, msedge: {msedgedriverVersion: 135.0.3179.18 (55f30c215f88..., userDataDir: C:\Users\Aakash\AppData\Loc...}, networkConnectionEnabled: false, pageLoadStrategy: normal, platformName: windows, proxy: Proxy(), se:cdp: ws://localhost:54778/devtoo..., se:cdpVersion: 135.0.3179.18, setWindowRect: true, strictFileInteractability: false, timeouts: {implicit: 0, pageLoad: 300000, script: 30000}, unhandledPromptBehavior: dismiss and notify, webauthn:extension:credBlob: true, webauthn:extension:largeBlob: true, webauthn:extension:minPinLength: true, webauthn:extension:prf: true, webauthn:virtualAuthenticators: true}
Session ID: fd936e3910fda6c513fbe67587c59cf6
at java.base/jdk.internal.reflect.DirectConstructorHandleAccessor.newInstance(DirectConstructorHandleAccessor.java:62)
at java.base/java.lang.reflect.Constructor.newInstanceWithCaller(Constructor.java:501)
at java.base/java.lang.reflect.Constructor.newInstance(Constructor.java:485)
at org.openqa.selenium.remote.codec.w3c.W3CHttpResponseCodec.createException(W3CHttpResponseCodec.java:200)
at org.openqa.selenium.remote.codec.w3c.W3CHttpResponseCodec.decode(W3CHttpResponseCodec.java:133)
at org.openqa.selenium.remote.codec.w3c.W3CHttpResponseCodec.decode(W3CHttpResponseCodec.java:52)
at org.openqa.selenium.remote.HttpCommandExecutor.execute(HttpCommandExecutor.java:191)
at org.openqa.selenium.remote.service.DriverCommandExecutor.invokeExecute(DriverCommandExecutor.java:200)
at org.openqa.selenium.remote.service.DriverCommandExecutor.execute(DriverCommandExecutor.java:175)
at org.openqa.selenium.remote.RemoteWebDriver.execute(RemoteWebDriver.java:607)
at org.openqa.selenium.remote.ElementLocation$ElementFinder$2.findElement(ElementLocation.java:165)
at org.openqa.selenium.remote.ElementLocation.findElement(ElementLocation.java:59)
at org.openqa.selenium.remote.RemoteWebDriver.findElement(RemoteWebDriver.java:364)
at org.openqa.selenium.remote.RemoteWebDriver.findElement(RemoteWebDriver.java:358)
at org.openqa.selenium.support.pagefactory.DefaultElementLocator.findElement(DefaultElementLocator.java:68)
at org.openqa.selenium.support.pagefactory.internal.LocatingElementHandler.invoke(LocatingElementHandler.java:38)
at jdk.proxy2/jdk.proxy2.$Proxy14.click(Unknown Source)
at pages.LoginPageWithPF.clickOnLoginPage(LoginPageWithPF.java:27)
at tests.LoginPagesWithPFTest.loginTest(LoginPagesWithPFTest.java:40)
at java.base/jdk.internal.reflect.DirectMethodHandleAccessor.invoke(DirectMethodHandleAccessor.java:103)
at java.base/java.lang.reflect.Method.invoke(Method.java:580)
at org.testng.internal.MethodInvocationHelper.invokeMethod(MethodInvocationHelper.java:134)
at org.testng.internal.TestInvoker.invokeMethod(TestInvoker.java:597)
at org.testng.internal.TestInvoker.invokeTestMethod(TestInvoker.java:173)
at org.testng.internal.MethodRunner.runInSequence(MethodRunner.java:46)
at org.testng.internal.TestInvoker$MethodInvocationAgent.invoke(TestInvoker.java:816)
at org.testng.internal.TestInvoker.invokeTestMethods(TestInvoker.java:146)
at org.testng.internal.TestMethodWorker.invokeTestMethods(TestMethodWorker.java:146)
at org.testng.internal.TestMethodWorker.run(TestMethodWorker.java:128)
at java.base/java.util.ArrayList.forEach(ArrayList.java:1597)
at org.testng.TestRunner.privateRun(TestRunner.java:766)
at org.testng.TestRunner.run(TestRunner.java:587)
at org.testng.SuiteRunner.runTest(SuiteRunner.java:384)
at org.testng.SuiteRunner.runSequentially(SuiteRunner.java:378)
at org.testng.SuiteRunner.privateRun(SuiteRunner.java:337)
at org.testng.SuiteRunner.run(SuiteRunner.java:286)
at org.testng.SuiteRunnerWorker.runSuite(SuiteRunnerWorker.java:53)
at org.testng.SuiteRunnerWorker.run(SuiteRunnerWorker.java:96)
at org.testng.TestNG.runSuitesSequentially(TestNG.java:1187)
at org.testng.TestNG.runSuitesLocally(TestNG.java:1109)
at org.testng.TestNG.runSuites(TestNG.java:1039)
at org.testng.TestNG.run(TestNG.java:1007)
at org.testng.remote.AbstractRemoteTestNG.run(AbstractRemoteTestNG.java:115)
at org.testng.remote.RemoteTestNG.initAndRun(RemoteTestNG.java:293)
at org.testng.remote.RemoteTestNG.main(RemoteTestNG.java:91)
]]>
    </error>
  </testcase> <!-- loginTest -->
  <system-out/>
</testsuite> <!-- tests.LoginPagesWithPFTest -->
