<?xml version="1.0" encoding="UTF-8"?>
<!-- Generated by org.testng.reporters.JUnitReportReporter -->
<testsuite hostname="LAPTOP-77VOHV49" failures="0" tests="3" name="tests.InvalidLoginData" time="40.441" errors="0" timestamp="2025-03-22T15:26:28 IST" skipped="0">
  <testcase classname="tests.InvalidLoginData" name="testInvalidLogin" time="11.944"/>
  <system-out/>
  <testcase classname="tests.InvalidLoginData" name="testInvalidLogin" time="16.912"/>
  <system-out/>
  <testcase classname="tests.InvalidLoginData" name="testInvalidLogin" time="11.585"/>
  <system-out/>
</testsuite> <!-- tests.InvalidLoginData -->
