<?xml version="1.0" encoding="UTF-8"?>
<!-- Generated by org.testng.reporters.JUnitReportReporter -->
<testsuite hostname="LAPTOP-77VOHV49" failures="0" tests="2" name="tests.LoginPageTest2" time="13.600" errors="2" timestamp="2025-03-20T09:04:27 IST" skipped="0">
  <testcase classname="tests.LoginPageTest2" name="loginTest" time="13.592">
    <error message="invalid session id: session deleted as the browser has closed the connection
from disconnected: unable to send message to renderer
  (Session info: chrome=134.0.6998.89)
Build info: version: &#039;4.29.0&#039;, revision: &#039;5fc1ec94cb&#039;
System info: os.name: &#039;Windows 11&#039;, os.arch: &#039;amd64&#039;, os.version: &#039;10.0&#039;, java.version: &#039;23.0.2&#039;
Driver info: org.openqa.selenium.chrome.ChromeDriver
Command: [b41a83b466dba2ac2fd8edb37a9cba46, findElement {value=//a[@class=&#039;ico-login&#039;], using=xpath}]
Capabilities {acceptInsecureCerts: false, browserName: chrome, browserVersion: 134.0.6998.89, chrome: {chromedriverVersion: 134.0.6998.90 (219ee74681fc..., userDataDir: C:\Users\Aakash\AppData\Loc...}, fedcm:accounts: true, goog:chromeOptions: {debuggerAddress: localhost:50802}, networkConnectionEnabled: false, pageLoadStrategy: normal, platformName: windows, proxy: Proxy(), se:cdp: ws://localhost:50802/devtoo..., se:cdpVersion: 134.0.6998.89, setWindowRect: true, strictFileInteractability: false, timeouts: {implicit: 0, pageLoad: 300000, script: 30000}, unhandledPromptBehavior: dismiss and notify, webauthn:extension:credBlob: true, webauthn:extension:largeBlob: true, webauthn:extension:minPinLength: true, webauthn:extension:prf: true, webauthn:virtualAuthenticators: true}
Session ID: b41a83b466dba2ac2fd8edb37a9cba46" type="org.openqa.selenium.NoSuchSessionException">
      <![CDATA[org.openqa.selenium.NoSuchSessionException: invalid session id: session deleted as the browser has closed the connection
from disconnected: unable to send message to renderer
  (Session info: chrome=134.0.6998.89)
Build info: version: '4.29.0', revision: '5fc1ec94cb'
System info: os.name: 'Windows 11', os.arch: 'amd64', os.version: '10.0', java.version: '23.0.2'
Driver info: org.openqa.selenium.chrome.ChromeDriver
Command: [b41a83b466dba2ac2fd8edb37a9cba46, findElement {value=//a[@class='ico-login'], using=xpath}]
Capabilities {acceptInsecureCerts: false, browserName: chrome, browserVersion: 134.0.6998.89, chrome: {chromedriverVersion: 134.0.6998.90 (219ee74681fc..., userDataDir: C:\Users\Aakash\AppData\Loc...}, fedcm:accounts: true, goog:chromeOptions: {debuggerAddress: localhost:50802}, networkConnectionEnabled: false, pageLoadStrategy: normal, platformName: windows, proxy: Proxy(), se:cdp: ws://localhost:50802/devtoo..., se:cdpVersion: 134.0.6998.89, setWindowRect: true, strictFileInteractability: false, timeouts: {implicit: 0, pageLoad: 300000, script: 30000}, unhandledPromptBehavior: dismiss and notify, webauthn:extension:credBlob: true, webauthn:extension:largeBlob: true, webauthn:extension:minPinLength: true, webauthn:extension:prf: true, webauthn:virtualAuthenticators: true}
Session ID: b41a83b466dba2ac2fd8edb37a9cba46
at java.base/jdk.internal.reflect.DirectConstructorHandleAccessor.newInstance(DirectConstructorHandleAccessor.java:62)
at java.base/java.lang.reflect.Constructor.newInstanceWithCaller(Constructor.java:501)
at java.base/java.lang.reflect.Constructor.newInstance(Constructor.java:485)
at org.openqa.selenium.remote.ErrorCodec.decode(ErrorCodec.java:167)
at org.openqa.selenium.remote.codec.w3c.W3CHttpResponseCodec.decode(W3CHttpResponseCodec.java:138)
at org.openqa.selenium.remote.codec.w3c.W3CHttpResponseCodec.decode(W3CHttpResponseCodec.java:50)
at org.openqa.selenium.remote.HttpCommandExecutor.execute(HttpCommandExecutor.java:215)
at org.openqa.selenium.remote.service.DriverCommandExecutor.invokeExecute(DriverCommandExecutor.java:216)
at org.openqa.selenium.remote.service.DriverCommandExecutor.execute(DriverCommandExecutor.java:174)
at org.openqa.selenium.remote.RemoteWebDriver.execute(RemoteWebDriver.java:545)
at org.openqa.selenium.remote.ElementLocation$ElementFinder$2.findElement(ElementLocation.java:165)
at org.openqa.selenium.remote.ElementLocation.findElement(ElementLocation.java:59)
at org.openqa.selenium.remote.RemoteWebDriver.findElement(RemoteWebDriver.java:368)
at org.openqa.selenium.remote.RemoteWebDriver.findElement(RemoteWebDriver.java:362)
at org.openqa.selenium.support.pagefactory.DefaultElementLocator.findElement(DefaultElementLocator.java:68)
at org.openqa.selenium.support.pagefactory.internal.LocatingElementHandler.invoke(LocatingElementHandler.java:38)
at jdk.proxy2/jdk.proxy2.$Proxy14.click(Unknown Source)
at pages.LoginPageWithPF.clickOnLoginPage(LoginPageWithPF.java:28)
at tests.LoginPageTest2.loginTest(LoginPageTest2.java:47)
at java.base/jdk.internal.reflect.DirectMethodHandleAccessor.invoke(DirectMethodHandleAccessor.java:103)
at java.base/java.lang.reflect.Method.invoke(Method.java:580)
at org.testng.internal.MethodInvocationHelper.invokeMethod(MethodInvocationHelper.java:134)
at org.testng.internal.TestInvoker.invokeMethod(TestInvoker.java:597)
at org.testng.internal.TestInvoker.invokeTestMethod(TestInvoker.java:173)
at org.testng.internal.MethodRunner.runInSequence(MethodRunner.java:46)
at org.testng.internal.TestInvoker$MethodInvocationAgent.invoke(TestInvoker.java:816)
at org.testng.internal.TestInvoker.invokeTestMethods(TestInvoker.java:146)
at org.testng.internal.TestMethodWorker.invokeTestMethods(TestMethodWorker.java:146)
at org.testng.internal.TestMethodWorker.run(TestMethodWorker.java:128)
at java.base/java.util.ArrayList.forEach(ArrayList.java:1597)
at org.testng.TestRunner.privateRun(TestRunner.java:766)
at org.testng.TestRunner.run(TestRunner.java:587)
at org.testng.SuiteRunner.runTest(SuiteRunner.java:384)
at org.testng.SuiteRunner.runSequentially(SuiteRunner.java:378)
at org.testng.SuiteRunner.privateRun(SuiteRunner.java:337)
at org.testng.SuiteRunner.run(SuiteRunner.java:286)
at org.testng.SuiteRunnerWorker.runSuite(SuiteRunnerWorker.java:53)
at org.testng.SuiteRunnerWorker.run(SuiteRunnerWorker.java:96)
at org.testng.TestNG.runSuitesSequentially(TestNG.java:1187)
at org.testng.TestNG.runSuitesLocally(TestNG.java:1109)
at org.testng.TestNG.runSuites(TestNG.java:1039)
at org.testng.TestNG.run(TestNG.java:1007)
at org.testng.remote.AbstractRemoteTestNG.run(AbstractRemoteTestNG.java:115)
at org.testng.remote.RemoteTestNG.initAndRun(RemoteTestNG.java:293)
at org.testng.remote.RemoteTestNG.main(RemoteTestNG.java:91)
]]>
    </error>
  </testcase> <!-- loginTest -->
  <system-out/>
  <testcase classname="tests.LoginPageTest2" name="closeBrowser" time="0.008">
    <error type="java.lang.StackOverflowError">
      <![CDATA[java.lang.StackOverflowError
at tests.LoginPageTest2.closeBrowser(LoginPageTest2.java:63)
at tests.LoginPageTest2.closeBrowser(LoginPageTest2.java:63)
at tests.LoginPageTest2.closeBrowser(LoginPageTest2.java:63)
at tests.LoginPageTest2.closeBrowser(LoginPageTest2.java:63)
at tests.LoginPageTest2.closeBrowser(LoginPageTest2.java:63)
at tests.LoginPageTest2.closeBrowser(LoginPageTest2.java:63)
at tests.LoginPageTest2.closeBrowser(LoginPageTest2.java:63)
at tests.LoginPageTest2.closeBrowser(LoginPageTest2.java:63)
at tests.LoginPageTest2.closeBrowser(LoginPageTest2.java:63)
at tests.LoginPageTest2.closeBrowser(LoginPageTest2.java:63)
at tests.LoginPageTest2.closeBrowser(LoginPageTest2.java:63)
at tests.LoginPageTest2.closeBrowser(LoginPageTest2.java:63)
at tests.LoginPageTest2.closeBrowser(LoginPageTest2.java:63)
at tests.LoginPageTest2.closeBrowser(LoginPageTest2.java:63)
at tests.LoginPageTest2.closeBrowser(LoginPageTest2.java:63)
at tests.LoginPageTest2.closeBrowser(LoginPageTest2.java:63)
at tests.LoginPageTest2.closeBrowser(LoginPageTest2.java:63)
at tests.LoginPageTest2.closeBrowser(LoginPageTest2.java:63)
at tests.LoginPageTest2.closeBrowser(LoginPageTest2.java:63)
at tests.LoginPageTest2.closeBrowser(LoginPageTest2.java:63)
at tests.LoginPageTest2.closeBrowser(LoginPageTest2.java:63)
at tests.LoginPageTest2.closeBrowser(LoginPageTest2.java:63)
at tests.LoginPageTest2.closeBrowser(LoginPageTest2.java:63)
at tests.LoginPageTest2.closeBrowser(LoginPageTest2.java:63)
at tests.LoginPageTest2.closeBrowser(LoginPageTest2.java:63)
at tests.LoginPageTest2.closeBrowser(LoginPageTest2.java:63)
at tests.LoginPageTest2.closeBrowser(LoginPageTest2.java:63)
at tests.LoginPageTest2.closeBrowser(LoginPageTest2.java:63)
at tests.LoginPageTest2.closeBrowser(LoginPageTest2.java:63)
at tests.LoginPageTest2.closeBrowser(LoginPageTest2.java:63)
at tests.LoginPageTest2.closeBrowser(LoginPageTest2.java:63)
at tests.LoginPageTest2.closeBrowser(LoginPageTest2.java:63)
at tests.LoginPageTest2.closeBrowser(LoginPageTest2.java:63)
at tests.LoginPageTest2.closeBrowser(LoginPageTest2.java:63)
at tests.LoginPageTest2.closeBrowser(LoginPageTest2.java:63)
at tests.LoginPageTest2.closeBrowser(LoginPageTest2.java:63)
at tests.LoginPageTest2.closeBrowser(LoginPageTest2.java:63)
at tests.LoginPageTest2.closeBrowser(LoginPageTest2.java:63)
at tests.LoginPageTest2.closeBrowser(LoginPageTest2.java:63)
at tests.LoginPageTest2.closeBrowser(LoginPageTest2.java:63)
at tests.LoginPageTest2.closeBrowser(LoginPageTest2.java:63)
at tests.LoginPageTest2.closeBrowser(LoginPageTest2.java:63)
at tests.LoginPageTest2.closeBrowser(LoginPageTest2.java:63)
at tests.LoginPageTest2.closeBrowser(LoginPageTest2.java:63)
at tests.LoginPageTest2.closeBrowser(LoginPageTest2.java:63)
at tests.LoginPageTest2.closeBrowser(LoginPageTest2.java:63)
at tests.LoginPageTest2.closeBrowser(LoginPageTest2.java:63)
at tests.LoginPageTest2.closeBrowser(LoginPageTest2.java:63)
at tests.LoginPageTest2.closeBrowser(LoginPageTest2.java:63)
at tests.LoginPageTest2.closeBrowser(LoginPageTest2.java:63)
at tests.LoginPageTest2.closeBrowser(LoginPageTest2.java:63)
at tests.LoginPageTest2.closeBrowser(LoginPageTest2.java:63)
at tests.LoginPageTest2.closeBrowser(LoginPageTest2.java:63)
at tests.LoginPageTest2.closeBrowser(LoginPageTest2.java:63)
at tests.LoginPageTest2.closeBrowser(LoginPageTest2.java:63)
at tests.LoginPageTest2.closeBrowser(LoginPageTest2.java:63)
at tests.LoginPageTest2.closeBrowser(LoginPageTest2.java:63)
at tests.LoginPageTest2.closeBrowser(LoginPageTest2.java:63)
at tests.LoginPageTest2.closeBrowser(LoginPageTest2.java:63)
at tests.LoginPageTest2.closeBrowser(LoginPageTest2.java:63)
at tests.LoginPageTest2.closeBrowser(LoginPageTest2.java:63)
at tests.LoginPageTest2.closeBrowser(LoginPageTest2.java:63)
at tests.LoginPageTest2.closeBrowser(LoginPageTest2.java:63)
at tests.LoginPageTest2.closeBrowser(LoginPageTest2.java:63)
at tests.LoginPageTest2.closeBrowser(LoginPageTest2.java:63)
at tests.LoginPageTest2.closeBrowser(LoginPageTest2.java:63)
at tests.LoginPageTest2.closeBrowser(LoginPageTest2.java:63)
at tests.LoginPageTest2.closeBrowser(LoginPageTest2.java:63)
at tests.LoginPageTest2.closeBrowser(LoginPageTest2.java:63)
at tests.LoginPageTest2.closeBrowser(LoginPageTest2.java:63)
at tests.LoginPageTest2.closeBrowser(LoginPageTest2.java:63)
at tests.LoginPageTest2.closeBrowser(LoginPageTest2.java:63)
at tests.LoginPageTest2.closeBrowser(LoginPageTest2.java:63)
at tests.LoginPageTest2.closeBrowser(LoginPageTest2.java:63)
at tests.LoginPageTest2.closeBrowser(LoginPageTest2.java:63)
at tests.LoginPageTest2.closeBrowser(LoginPageTest2.java:63)
at tests.LoginPageTest2.closeBrowser(LoginPageTest2.java:63)
at tests.LoginPageTest2.closeBrowser(LoginPageTest2.java:63)
at tests.LoginPageTest2.closeBrowser(LoginPageTest2.java:63)
at tests.LoginPageTest2.closeBrowser(LoginPageTest2.java:63)
at tests.LoginPageTest2.closeBrowser(LoginPageTest2.java:63)
at tests.LoginPageTest2.closeBrowser(LoginPageTest2.java:63)
at tests.LoginPageTest2.closeBrowser(LoginPageTest2.java:63)
at tests.LoginPageTest2.closeBrowser(LoginPageTest2.java:63)
at tests.LoginPageTest2.closeBrowser(LoginPageTest2.java:63)
at tests.LoginPageTest2.closeBrowser(LoginPageTest2.java:63)
at tests.LoginPageTest2.closeBrowser(LoginPageTest2.java:63)
at tests.LoginPageTest2.closeBrowser(LoginPageTest2.java:63)
at tests.LoginPageTest2.closeBrowser(LoginPageTest2.java:63)
at tests.LoginPageTest2.closeBrowser(LoginPageTest2.java:63)
at tests.LoginPageTest2.closeBrowser(LoginPageTest2.java:63)
at tests.LoginPageTest2.closeBrowser(LoginPageTest2.java:63)
at tests.LoginPageTest2.closeBrowser(LoginPageTest2.java:63)
at tests.LoginPageTest2.closeBrowser(LoginPageTest2.java:63)
at tests.LoginPageTest2.closeBrowser(LoginPageTest2.java:63)
at tests.LoginPageTest2.closeBrowser(LoginPageTest2.java:63)
at tests.LoginPageTest2.closeBrowser(LoginPageTest2.java:63)
at tests.LoginPageTest2.closeBrowser(LoginPageTest2.java:63)
at tests.LoginPageTest2.closeBrowser(LoginPageTest2.java:63)
at tests.LoginPageTest2.closeBrowser(LoginPageTest2.java:63)
at tests.LoginPageTest2.closeBrowser(LoginPageTest2.java:63)
at tests.LoginPageTest2.closeBrowser(LoginPageTest2.java:63)
at tests.LoginPageTest2.closeBrowser(LoginPageTest2.java:63)
at tests.LoginPageTest2.closeBrowser(LoginPageTest2.java:63)
at tests.LoginPageTest2.closeBrowser(LoginPageTest2.java:63)
at tests.LoginPageTest2.closeBrowser(LoginPageTest2.java:63)
at tests.LoginPageTest2.closeBrowser(LoginPageTest2.java:63)
at tests.LoginPageTest2.closeBrowser(LoginPageTest2.java:63)
at tests.LoginPageTest2.closeBrowser(LoginPageTest2.java:63)
at tests.LoginPageTest2.closeBrowser(LoginPageTest2.java:63)
at tests.LoginPageTest2.closeBrowser(LoginPageTest2.java:63)
at tests.LoginPageTest2.closeBrowser(LoginPageTest2.java:63)
at tests.LoginPageTest2.closeBrowser(LoginPageTest2.java:63)
at tests.LoginPageTest2.closeBrowser(LoginPageTest2.java:63)
at tests.LoginPageTest2.closeBrowser(LoginPageTest2.java:63)
at tests.LoginPageTest2.closeBrowser(LoginPageTest2.java:63)
at tests.LoginPageTest2.closeBrowser(LoginPageTest2.java:63)
at tests.LoginPageTest2.closeBrowser(LoginPageTest2.java:63)
at tests.LoginPageTest2.closeBrowser(LoginPageTest2.java:63)
at tests.LoginPageTest2.closeBrowser(LoginPageTest2.java:63)
at tests.LoginPageTest2.closeBrowser(LoginPageTest2.java:63)
at tests.LoginPageTest2.closeBrowser(LoginPageTest2.java:63)
at tests.LoginPageTest2.closeBrowser(LoginPageTest2.java:63)
at tests.LoginPageTest2.closeBrowser(LoginPageTest2.java:63)
at tests.LoginPageTest2.closeBrowser(LoginPageTest2.java:63)
at tests.LoginPageTest2.closeBrowser(LoginPageTest2.java:63)
at tests.LoginPageTest2.closeBrowser(LoginPageTest2.java:63)
at tests.LoginPageTest2.closeBrowser(LoginPageTest2.java:63)
at tests.LoginPageTest2.closeBrowser(LoginPageTest2.java:63)
at tests.LoginPageTest2.closeBrowser(LoginPageTest2.java:63)
at tests.LoginPageTest2.closeBrowser(LoginPageTest2.java:63)
at tests.LoginPageTest2.closeBrowser(LoginPageTest2.java:63)
at tests.LoginPageTest2.closeBrowser(LoginPageTest2.java:63)
at tests.LoginPageTest2.closeBrowser(LoginPageTest2.java:63)
at tests.LoginPageTest2.closeBrowser(LoginPageTest2.java:63)
at tests.LoginPageTest2.closeBrowser(LoginPageTest2.java:63)
at tests.LoginPageTest2.closeBrowser(LoginPageTest2.java:63)
at tests.LoginPageTest2.closeBrowser(LoginPageTest2.java:63)
at tests.LoginPageTest2.closeBrowser(LoginPageTest2.java:63)
at tests.LoginPageTest2.closeBrowser(LoginPageTest2.java:63)
at tests.LoginPageTest2.closeBrowser(LoginPageTest2.java:63)
at tests.LoginPageTest2.closeBrowser(LoginPageTest2.java:63)
at tests.LoginPageTest2.closeBrowser(LoginPageTest2.java:63)
at tests.LoginPageTest2.closeBrowser(LoginPageTest2.java:63)
at tests.LoginPageTest2.closeBrowser(LoginPageTest2.java:63)
at tests.LoginPageTest2.closeBrowser(LoginPageTest2.java:63)
at tests.LoginPageTest2.closeBrowser(LoginPageTest2.java:63)
at tests.LoginPageTest2.closeBrowser(LoginPageTest2.java:63)
at tests.LoginPageTest2.closeBrowser(LoginPageTest2.java:63)
at tests.LoginPageTest2.closeBrowser(LoginPageTest2.java:63)
at tests.LoginPageTest2.closeBrowser(LoginPageTest2.java:63)
at tests.LoginPageTest2.closeBrowser(LoginPageTest2.java:63)
at tests.LoginPageTest2.closeBrowser(LoginPageTest2.java:63)
at tests.LoginPageTest2.closeBrowser(LoginPageTest2.java:63)
at tests.LoginPageTest2.closeBrowser(LoginPageTest2.java:63)
at tests.LoginPageTest2.closeBrowser(LoginPageTest2.java:63)
at tests.LoginPageTest2.closeBrowser(LoginPageTest2.java:63)
at tests.LoginPageTest2.closeBrowser(LoginPageTest2.java:63)
at tests.LoginPageTest2.closeBrowser(LoginPageTest2.java:63)
at tests.LoginPageTest2.closeBrowser(LoginPageTest2.java:63)
at tests.LoginPageTest2.closeBrowser(LoginPageTest2.java:63)
at tests.LoginPageTest2.closeBrowser(LoginPageTest2.java:63)
at tests.LoginPageTest2.closeBrowser(LoginPageTest2.java:63)
at tests.LoginPageTest2.closeBrowser(LoginPageTest2.java:63)
at tests.LoginPageTest2.closeBrowser(LoginPageTest2.java:63)
at tests.LoginPageTest2.closeBrowser(LoginPageTest2.java:63)
at tests.LoginPageTest2.closeBrowser(LoginPageTest2.java:63)
at tests.LoginPageTest2.closeBrowser(LoginPageTest2.java:63)
at tests.LoginPageTest2.closeBrowser(LoginPageTest2.java:63)
at tests.LoginPageTest2.closeBrowser(LoginPageTest2.java:63)
at tests.LoginPageTest2.closeBrowser(LoginPageTest2.java:63)
at tests.LoginPageTest2.closeBrowser(LoginPageTest2.java:63)
at tests.LoginPageTest2.closeBrowser(LoginPageTest2.java:63)
at tests.LoginPageTest2.closeBrowser(LoginPageTest2.java:63)
at tests.LoginPageTest2.closeBrowser(LoginPageTest2.java:63)
at tests.LoginPageTest2.closeBrowser(LoginPageTest2.java:63)
at tests.LoginPageTest2.closeBrowser(LoginPageTest2.java:63)
at tests.LoginPageTest2.closeBrowser(LoginPageTest2.java:63)
at tests.LoginPageTest2.closeBrowser(LoginPageTest2.java:63)
at tests.LoginPageTest2.closeBrowser(LoginPageTest2.java:63)
at tests.LoginPageTest2.closeBrowser(LoginPageTest2.java:63)
at tests.LoginPageTest2.closeBrowser(LoginPageTest2.java:63)
at tests.LoginPageTest2.closeBrowser(LoginPageTest2.java:63)
at tests.LoginPageTest2.closeBrowser(LoginPageTest2.java:63)
at tests.LoginPageTest2.closeBrowser(LoginPageTest2.java:63)
at tests.LoginPageTest2.closeBrowser(LoginPageTest2.java:63)
at tests.LoginPageTest2.closeBrowser(LoginPageTest2.java:63)
at tests.LoginPageTest2.closeBrowser(LoginPageTest2.java:63)
at tests.LoginPageTest2.closeBrowser(LoginPageTest2.java:63)
at tests.LoginPageTest2.closeBrowser(LoginPageTest2.java:63)
at tests.LoginPageTest2.closeBrowser(LoginPageTest2.java:63)
at tests.LoginPageTest2.closeBrowser(LoginPageTest2.java:63)
at tests.LoginPageTest2.closeBrowser(LoginPageTest2.java:63)
at tests.LoginPageTest2.closeBrowser(LoginPageTest2.java:63)
at tests.LoginPageTest2.closeBrowser(LoginPageTest2.java:63)
at tests.LoginPageTest2.closeBrowser(LoginPageTest2.java:63)
at tests.LoginPageTest2.closeBrowser(LoginPageTest2.java:63)
at tests.LoginPageTest2.closeBrowser(LoginPageTest2.java:63)
at tests.LoginPageTest2.closeBrowser(LoginPageTest2.java:63)
at tests.LoginPageTest2.closeBrowser(LoginPageTest2.java:63)
at tests.LoginPageTest2.closeBrowser(LoginPageTest2.java:63)
at tests.LoginPageTest2.closeBrowser(LoginPageTest2.java:63)
at tests.LoginPageTest2.closeBrowser(LoginPageTest2.java:63)
at tests.LoginPageTest2.closeBrowser(LoginPageTest2.java:63)
at tests.LoginPageTest2.closeBrowser(LoginPageTest2.java:63)
at tests.LoginPageTest2.closeBrowser(LoginPageTest2.java:63)
at tests.LoginPageTest2.closeBrowser(LoginPageTest2.java:63)
at tests.LoginPageTest2.closeBrowser(LoginPageTest2.java:63)
at tests.LoginPageTest2.closeBrowser(LoginPageTest2.java:63)
at tests.LoginPageTest2.closeBrowser(LoginPageTest2.java:63)
at tests.LoginPageTest2.closeBrowser(LoginPageTest2.java:63)
at tests.LoginPageTest2.closeBrowser(LoginPageTest2.java:63)
at tests.LoginPageTest2.closeBrowser(LoginPageTest2.java:63)
at tests.LoginPageTest2.closeBrowser(LoginPageTest2.java:63)
at tests.LoginPageTest2.closeBrowser(LoginPageTest2.java:63)
at tests.LoginPageTest2.closeBrowser(LoginPageTest2.java:63)
at tests.LoginPageTest2.closeBrowser(LoginPageTest2.java:63)
at tests.LoginPageTest2.closeBrowser(LoginPageTest2.java:63)
at tests.LoginPageTest2.closeBrowser(LoginPageTest2.java:63)
at tests.LoginPageTest2.closeBrowser(LoginPageTest2.java:63)
at tests.LoginPageTest2.closeBrowser(LoginPageTest2.java:63)
at tests.LoginPageTest2.closeBrowser(LoginPageTest2.java:63)
at tests.LoginPageTest2.closeBrowser(LoginPageTest2.java:63)
at tests.LoginPageTest2.closeBrowser(LoginPageTest2.java:63)
at tests.LoginPageTest2.closeBrowser(LoginPageTest2.java:63)
at tests.LoginPageTest2.closeBrowser(LoginPageTest2.java:63)
at tests.LoginPageTest2.closeBrowser(LoginPageTest2.java:63)
at tests.LoginPageTest2.closeBrowser(LoginPageTest2.java:63)
at tests.LoginPageTest2.closeBrowser(LoginPageTest2.java:63)
at tests.LoginPageTest2.closeBrowser(LoginPageTest2.java:63)
at tests.LoginPageTest2.closeBrowser(LoginPageTest2.java:63)
at tests.LoginPageTest2.closeBrowser(LoginPageTest2.java:63)
at tests.LoginPageTest2.closeBrowser(LoginPageTest2.java:63)
at tests.LoginPageTest2.closeBrowser(LoginPageTest2.java:63)
at tests.LoginPageTest2.closeBrowser(LoginPageTest2.java:63)
at tests.LoginPageTest2.closeBrowser(LoginPageTest2.java:63)
at tests.LoginPageTest2.closeBrowser(LoginPageTest2.java:63)
at tests.LoginPageTest2.closeBrowser(LoginPageTest2.java:63)
at tests.LoginPageTest2.closeBrowser(LoginPageTest2.java:63)
at tests.LoginPageTest2.closeBrowser(LoginPageTest2.java:63)
at tests.LoginPageTest2.closeBrowser(LoginPageTest2.java:63)
at tests.LoginPageTest2.closeBrowser(LoginPageTest2.java:63)
at tests.LoginPageTest2.closeBrowser(LoginPageTest2.java:63)
at tests.LoginPageTest2.closeBrowser(LoginPageTest2.java:63)
at tests.LoginPageTest2.closeBrowser(LoginPageTest2.java:63)
at tests.LoginPageTest2.closeBrowser(LoginPageTest2.java:63)
at tests.LoginPageTest2.closeBrowser(LoginPageTest2.java:63)
at tests.LoginPageTest2.closeBrowser(LoginPageTest2.java:63)
at tests.LoginPageTest2.closeBrowser(LoginPageTest2.java:63)
at tests.LoginPageTest2.closeBrowser(LoginPageTest2.java:63)
at tests.LoginPageTest2.closeBrowser(LoginPageTest2.java:63)
at tests.LoginPageTest2.closeBrowser(LoginPageTest2.java:63)
at tests.LoginPageTest2.closeBrowser(LoginPageTest2.java:63)
at tests.LoginPageTest2.closeBrowser(LoginPageTest2.java:63)
at tests.LoginPageTest2.closeBrowser(LoginPageTest2.java:63)
at tests.LoginPageTest2.closeBrowser(LoginPageTest2.java:63)
at tests.LoginPageTest2.closeBrowser(LoginPageTest2.java:63)
at tests.LoginPageTest2.closeBrowser(LoginPageTest2.java:63)
at tests.LoginPageTest2.closeBrowser(LoginPageTest2.java:63)
at tests.LoginPageTest2.closeBrowser(LoginPageTest2.java:63)
at tests.LoginPageTest2.closeBrowser(LoginPageTest2.java:63)
at tests.LoginPageTest2.closeBrowser(LoginPageTest2.java:63)
at tests.LoginPageTest2.closeBrowser(LoginPageTest2.java:63)
at tests.LoginPageTest2.closeBrowser(LoginPageTest2.java:63)
at tests.LoginPageTest2.closeBrowser(LoginPageTest2.java:63)
at tests.LoginPageTest2.closeBrowser(LoginPageTest2.java:63)
at tests.LoginPageTest2.closeBrowser(LoginPageTest2.java:63)
at tests.LoginPageTest2.closeBrowser(LoginPageTest2.java:63)
at tests.LoginPageTest2.closeBrowser(LoginPageTest2.java:63)
at tests.LoginPageTest2.closeBrowser(LoginPageTest2.java:63)
at tests.LoginPageTest2.closeBrowser(LoginPageTest2.java:63)
at tests.LoginPageTest2.closeBrowser(LoginPageTest2.java:63)
at tests.LoginPageTest2.closeBrowser(LoginPageTest2.java:63)
at tests.LoginPageTest2.closeBrowser(LoginPageTest2.java:63)
at tests.LoginPageTest2.closeBrowser(LoginPageTest2.java:63)
at tests.LoginPageTest2.closeBrowser(LoginPageTest2.java:63)
at tests.LoginPageTest2.closeBrowser(LoginPageTest2.java:63)
at tests.LoginPageTest2.closeBrowser(LoginPageTest2.java:63)
at tests.LoginPageTest2.closeBrowser(LoginPageTest2.java:63)
at tests.LoginPageTest2.closeBrowser(LoginPageTest2.java:63)
at tests.LoginPageTest2.closeBrowser(LoginPageTest2.java:63)
at tests.LoginPageTest2.closeBrowser(LoginPageTest2.java:63)
at tests.LoginPageTest2.closeBrowser(LoginPageTest2.java:63)
at tests.LoginPageTest2.closeBrowser(LoginPageTest2.java:63)
at tests.LoginPageTest2.closeBrowser(LoginPageTest2.java:63)
at tests.LoginPageTest2.closeBrowser(LoginPageTest2.java:63)
at tests.LoginPageTest2.closeBrowser(LoginPageTest2.java:63)
at tests.LoginPageTest2.closeBrowser(LoginPageTest2.java:63)
at tests.LoginPageTest2.closeBrowser(LoginPageTest2.java:63)
at tests.LoginPageTest2.closeBrowser(LoginPageTest2.java:63)
at tests.LoginPageTest2.closeBrowser(LoginPageTest2.java:63)
at tests.LoginPageTest2.closeBrowser(LoginPageTest2.java:63)
at tests.LoginPageTest2.closeBrowser(LoginPageTest2.java:63)
at tests.LoginPageTest2.closeBrowser(LoginPageTest2.java:63)
at tests.LoginPageTest2.closeBrowser(LoginPageTest2.java:63)
at tests.LoginPageTest2.closeBrowser(LoginPageTest2.java:63)
at tests.LoginPageTest2.closeBrowser(LoginPageTest2.java:63)
at tests.LoginPageTest2.closeBrowser(LoginPageTest2.java:63)
at tests.LoginPageTest2.closeBrowser(LoginPageTest2.java:63)
at tests.LoginPageTest2.closeBrowser(LoginPageTest2.java:63)
at tests.LoginPageTest2.closeBrowser(LoginPageTest2.java:63)
at tests.LoginPageTest2.closeBrowser(LoginPageTest2.java:63)
at tests.LoginPageTest2.closeBrowser(LoginPageTest2.java:63)
at tests.LoginPageTest2.closeBrowser(LoginPageTest2.java:63)
at tests.LoginPageTest2.closeBrowser(LoginPageTest2.java:63)
at tests.LoginPageTest2.closeBrowser(LoginPageTest2.java:63)
at tests.LoginPageTest2.closeBrowser(LoginPageTest2.java:63)
at tests.LoginPageTest2.closeBrowser(LoginPageTest2.java:63)
at tests.LoginPageTest2.closeBrowser(LoginPageTest2.java:63)
at tests.LoginPageTest2.closeBrowser(LoginPageTest2.java:63)
at tests.LoginPageTest2.closeBrowser(LoginPageTest2.java:63)
at tests.LoginPageTest2.closeBrowser(LoginPageTest2.java:63)
at tests.LoginPageTest2.closeBrowser(LoginPageTest2.java:63)
at tests.LoginPageTest2.closeBrowser(LoginPageTest2.java:63)
at tests.LoginPageTest2.closeBrowser(LoginPageTest2.java:63)
at tests.LoginPageTest2.closeBrowser(LoginPageTest2.java:63)
at tests.LoginPageTest2.closeBrowser(LoginPageTest2.java:63)
at tests.LoginPageTest2.closeBrowser(LoginPageTest2.java:63)
at tests.LoginPageTest2.closeBrowser(LoginPageTest2.java:63)
at tests.LoginPageTest2.closeBrowser(LoginPageTest2.java:63)
at tests.LoginPageTest2.closeBrowser(LoginPageTest2.java:63)
at tests.LoginPageTest2.closeBrowser(LoginPageTest2.java:63)
at tests.LoginPageTest2.closeBrowser(LoginPageTest2.java:63)
at tests.LoginPageTest2.closeBrowser(LoginPageTest2.java:63)
at tests.LoginPageTest2.closeBrowser(LoginPageTest2.java:63)
at tests.LoginPageTest2.closeBrowser(LoginPageTest2.java:63)
at tests.LoginPageTest2.closeBrowser(LoginPageTest2.java:63)
at tests.LoginPageTest2.closeBrowser(LoginPageTest2.java:63)
at tests.LoginPageTest2.closeBrowser(LoginPageTest2.java:63)
at tests.LoginPageTest2.closeBrowser(LoginPageTest2.java:63)
at tests.LoginPageTest2.closeBrowser(LoginPageTest2.java:63)
at tests.LoginPageTest2.closeBrowser(LoginPageTest2.java:63)
at tests.LoginPageTest2.closeBrowser(LoginPageTest2.java:63)
at tests.LoginPageTest2.closeBrowser(LoginPageTest2.java:63)
at tests.LoginPageTest2.closeBrowser(LoginPageTest2.java:63)
at tests.LoginPageTest2.closeBrowser(LoginPageTest2.java:63)
at tests.LoginPageTest2.closeBrowser(LoginPageTest2.java:63)
at tests.LoginPageTest2.closeBrowser(LoginPageTest2.java:63)
at tests.LoginPageTest2.closeBrowser(LoginPageTest2.java:63)
at tests.LoginPageTest2.closeBrowser(LoginPageTest2.java:63)
at tests.LoginPageTest2.closeBrowser(LoginPageTest2.java:63)
at tests.LoginPageTest2.closeBrowser(LoginPageTest2.java:63)
at tests.LoginPageTest2.closeBrowser(LoginPageTest2.java:63)
at tests.LoginPageTest2.closeBrowser(LoginPageTest2.java:63)
at tests.LoginPageTest2.closeBrowser(LoginPageTest2.java:63)
at tests.LoginPageTest2.closeBrowser(LoginPageTest2.java:63)
at tests.LoginPageTest2.closeBrowser(LoginPageTest2.java:63)
at tests.LoginPageTest2.closeBrowser(LoginPageTest2.java:63)
at tests.LoginPageTest2.closeBrowser(LoginPageTest2.java:63)
at tests.LoginPageTest2.closeBrowser(LoginPageTest2.java:63)
at tests.LoginPageTest2.closeBrowser(LoginPageTest2.java:63)
at tests.LoginPageTest2.closeBrowser(LoginPageTest2.java:63)
at tests.LoginPageTest2.closeBrowser(LoginPageTest2.java:63)
at tests.LoginPageTest2.closeBrowser(LoginPageTest2.java:63)
at tests.LoginPageTest2.closeBrowser(LoginPageTest2.java:63)
at tests.LoginPageTest2.closeBrowser(LoginPageTest2.java:63)
at tests.LoginPageTest2.closeBrowser(LoginPageTest2.java:63)
at tests.LoginPageTest2.closeBrowser(LoginPageTest2.java:63)
at tests.LoginPageTest2.closeBrowser(LoginPageTest2.java:63)
at tests.LoginPageTest2.closeBrowser(LoginPageTest2.java:63)
at tests.LoginPageTest2.closeBrowser(LoginPageTest2.java:63)
at tests.LoginPageTest2.closeBrowser(LoginPageTest2.java:63)
at tests.LoginPageTest2.closeBrowser(LoginPageTest2.java:63)
at tests.LoginPageTest2.closeBrowser(LoginPageTest2.java:63)
at tests.LoginPageTest2.closeBrowser(LoginPageTest2.java:63)
at tests.LoginPageTest2.closeBrowser(LoginPageTest2.java:63)
at tests.LoginPageTest2.closeBrowser(LoginPageTest2.java:63)
at tests.LoginPageTest2.closeBrowser(LoginPageTest2.java:63)
at tests.LoginPageTest2.closeBrowser(LoginPageTest2.java:63)
at tests.LoginPageTest2.closeBrowser(LoginPageTest2.java:63)
at tests.LoginPageTest2.closeBrowser(LoginPageTest2.java:63)
at tests.LoginPageTest2.closeBrowser(LoginPageTest2.java:63)
at tests.LoginPageTest2.closeBrowser(LoginPageTest2.java:63)
at tests.LoginPageTest2.closeBrowser(LoginPageTest2.java:63)
at tests.LoginPageTest2.closeBrowser(LoginPageTest2.java:63)
at tests.LoginPageTest2.closeBrowser(LoginPageTest2.java:63)
at tests.LoginPageTest2.closeBrowser(LoginPageTest2.java:63)
at tests.LoginPageTest2.closeBrowser(LoginPageTest2.java:63)
at tests.LoginPageTest2.closeBrowser(LoginPageTest2.java:63)
at tests.LoginPageTest2.closeBrowser(LoginPageTest2.java:63)
at tests.LoginPageTest2.closeBrowser(LoginPageTest2.java:63)
at tests.LoginPageTest2.closeBrowser(LoginPageTest2.java:63)
at tests.LoginPageTest2.closeBrowser(LoginPageTest2.java:63)
at tests.LoginPageTest2.closeBrowser(LoginPageTest2.java:63)
at tests.LoginPageTest2.closeBrowser(LoginPageTest2.java:63)
at tests.LoginPageTest2.closeBrowser(LoginPageTest2.java:63)
at tests.LoginPageTest2.closeBrowser(LoginPageTest2.java:63)
at tests.LoginPageTest2.closeBrowser(LoginPageTest2.java:63)
at tests.LoginPageTest2.closeBrowser(LoginPageTest2.java:63)
at tests.LoginPageTest2.closeBrowser(LoginPageTest2.java:63)
at tests.LoginPageTest2.closeBrowser(LoginPageTest2.java:63)
at tests.LoginPageTest2.closeBrowser(LoginPageTest2.java:63)
at tests.LoginPageTest2.closeBrowser(LoginPageTest2.java:63)
at tests.LoginPageTest2.closeBrowser(LoginPageTest2.java:63)
at tests.LoginPageTest2.closeBrowser(LoginPageTest2.java:63)
at tests.LoginPageTest2.closeBrowser(LoginPageTest2.java:63)
at tests.LoginPageTest2.closeBrowser(LoginPageTest2.java:63)
at tests.LoginPageTest2.closeBrowser(LoginPageTest2.java:63)
at tests.LoginPageTest2.closeBrowser(LoginPageTest2.java:63)
at tests.LoginPageTest2.closeBrowser(LoginPageTest2.java:63)
at tests.LoginPageTest2.closeBrowser(LoginPageTest2.java:63)
at tests.LoginPageTest2.closeBrowser(LoginPageTest2.java:63)
at tests.LoginPageTest2.closeBrowser(LoginPageTest2.java:63)
at tests.LoginPageTest2.closeBrowser(LoginPageTest2.java:63)
at tests.LoginPageTest2.closeBrowser(LoginPageTest2.java:63)
at tests.LoginPageTest2.closeBrowser(LoginPageTest2.java:63)
at tests.LoginPageTest2.closeBrowser(LoginPageTest2.java:63)
at tests.LoginPageTest2.closeBrowser(LoginPageTest2.java:63)
at tests.LoginPageTest2.closeBrowser(LoginPageTest2.java:63)
at tests.LoginPageTest2.closeBrowser(LoginPageTest2.java:63)
at tests.LoginPageTest2.closeBrowser(LoginPageTest2.java:63)
at tests.LoginPageTest2.closeBrowser(LoginPageTest2.java:63)
at tests.LoginPageTest2.closeBrowser(LoginPageTest2.java:63)
at tests.LoginPageTest2.closeBrowser(LoginPageTest2.java:63)
at tests.LoginPageTest2.closeBrowser(LoginPageTest2.java:63)
at tests.LoginPageTest2.closeBrowser(LoginPageTest2.java:63)
at tests.LoginPageTest2.closeBrowser(LoginPageTest2.java:63)
at tests.LoginPageTest2.closeBrowser(LoginPageTest2.java:63)
at tests.LoginPageTest2.closeBrowser(LoginPageTest2.java:63)
at tests.LoginPageTest2.closeBrowser(LoginPageTest2.java:63)
at tests.LoginPageTest2.closeBrowser(LoginPageTest2.java:63)
at tests.LoginPageTest2.closeBrowser(LoginPageTest2.java:63)
at tests.LoginPageTest2.closeBrowser(LoginPageTest2.java:63)
at tests.LoginPageTest2.closeBrowser(LoginPageTest2.java:63)
at tests.LoginPageTest2.closeBrowser(LoginPageTest2.java:63)
at tests.LoginPageTest2.closeBrowser(LoginPageTest2.java:63)
at tests.LoginPageTest2.closeBrowser(LoginPageTest2.java:63)
at tests.LoginPageTest2.closeBrowser(LoginPageTest2.java:63)
at tests.LoginPageTest2.closeBrowser(LoginPageTest2.java:63)
at tests.LoginPageTest2.closeBrowser(LoginPageTest2.java:63)
at tests.LoginPageTest2.closeBrowser(LoginPageTest2.java:63)
at tests.LoginPageTest2.closeBrowser(LoginPageTest2.java:63)
at tests.LoginPageTest2.closeBrowser(LoginPageTest2.java:63)
at tests.LoginPageTest2.closeBrowser(LoginPageTest2.java:63)
at tests.LoginPageTest2.closeBrowser(LoginPageTest2.java:63)
at tests.LoginPageTest2.closeBrowser(LoginPageTest2.java:63)
at tests.LoginPageTest2.closeBrowser(LoginPageTest2.java:63)
at tests.LoginPageTest2.closeBrowser(LoginPageTest2.java:63)
at tests.LoginPageTest2.closeBrowser(LoginPageTest2.java:63)
at tests.LoginPageTest2.closeBrowser(LoginPageTest2.java:63)
at tests.LoginPageTest2.closeBrowser(LoginPageTest2.java:63)
at tests.LoginPageTest2.closeBrowser(LoginPageTest2.java:63)
at tests.LoginPageTest2.closeBrowser(LoginPageTest2.java:63)
at tests.LoginPageTest2.closeBrowser(LoginPageTest2.java:63)
at tests.LoginPageTest2.closeBrowser(LoginPageTest2.java:63)
at tests.LoginPageTest2.closeBrowser(LoginPageTest2.java:63)
at tests.LoginPageTest2.closeBrowser(LoginPageTest2.java:63)
at tests.LoginPageTest2.closeBrowser(LoginPageTest2.java:63)
at tests.LoginPageTest2.closeBrowser(LoginPageTest2.java:63)
at tests.LoginPageTest2.closeBrowser(LoginPageTest2.java:63)
at tests.LoginPageTest2.closeBrowser(LoginPageTest2.java:63)
at tests.LoginPageTest2.closeBrowser(LoginPageTest2.java:63)
at tests.LoginPageTest2.closeBrowser(LoginPageTest2.java:63)
at tests.LoginPageTest2.closeBrowser(LoginPageTest2.java:63)
at tests.LoginPageTest2.closeBrowser(LoginPageTest2.java:63)
at tests.LoginPageTest2.closeBrowser(LoginPageTest2.java:63)
at tests.LoginPageTest2.closeBrowser(LoginPageTest2.java:63)
at tests.LoginPageTest2.closeBrowser(LoginPageTest2.java:63)
at tests.LoginPageTest2.closeBrowser(LoginPageTest2.java:63)
at tests.LoginPageTest2.closeBrowser(LoginPageTest2.java:63)
at tests.LoginPageTest2.closeBrowser(LoginPageTest2.java:63)
at tests.LoginPageTest2.closeBrowser(LoginPageTest2.java:63)
at tests.LoginPageTest2.closeBrowser(LoginPageTest2.java:63)
at tests.LoginPageTest2.closeBrowser(LoginPageTest2.java:63)
at tests.LoginPageTest2.closeBrowser(LoginPageTest2.java:63)
at tests.LoginPageTest2.closeBrowser(LoginPageTest2.java:63)
at tests.LoginPageTest2.closeBrowser(LoginPageTest2.java:63)
at tests.LoginPageTest2.closeBrowser(LoginPageTest2.java:63)
at tests.LoginPageTest2.closeBrowser(LoginPageTest2.java:63)
at tests.LoginPageTest2.closeBrowser(LoginPageTest2.java:63)
at tests.LoginPageTest2.closeBrowser(LoginPageTest2.java:63)
at tests.LoginPageTest2.closeBrowser(LoginPageTest2.java:63)
at tests.LoginPageTest2.closeBrowser(LoginPageTest2.java:63)
at tests.LoginPageTest2.closeBrowser(LoginPageTest2.java:63)
at tests.LoginPageTest2.closeBrowser(LoginPageTest2.java:63)
at tests.LoginPageTest2.closeBrowser(LoginPageTest2.java:63)
at tests.LoginPageTest2.closeBrowser(LoginPageTest2.java:63)
at tests.LoginPageTest2.closeBrowser(LoginPageTest2.java:63)
at tests.LoginPageTest2.closeBrowser(LoginPageTest2.java:63)
at tests.LoginPageTest2.closeBrowser(LoginPageTest2.java:63)
at tests.LoginPageTest2.closeBrowser(LoginPageTest2.java:63)
at tests.LoginPageTest2.closeBrowser(LoginPageTest2.java:63)
at tests.LoginPageTest2.closeBrowser(LoginPageTest2.java:63)
at tests.LoginPageTest2.closeBrowser(LoginPageTest2.java:63)
at tests.LoginPageTest2.closeBrowser(LoginPageTest2.java:63)
at tests.LoginPageTest2.closeBrowser(LoginPageTest2.java:63)
at tests.LoginPageTest2.closeBrowser(LoginPageTest2.java:63)
at tests.LoginPageTest2.closeBrowser(LoginPageTest2.java:63)
at tests.LoginPageTest2.closeBrowser(LoginPageTest2.java:63)
at tests.LoginPageTest2.closeBrowser(LoginPageTest2.java:63)
at tests.LoginPageTest2.closeBrowser(LoginPageTest2.java:63)
at tests.LoginPageTest2.closeBrowser(LoginPageTest2.java:63)
at tests.LoginPageTest2.closeBrowser(LoginPageTest2.java:63)
at tests.LoginPageTest2.closeBrowser(LoginPageTest2.java:63)
at tests.LoginPageTest2.closeBrowser(LoginPageTest2.java:63)
at tests.LoginPageTest2.closeBrowser(LoginPageTest2.java:63)
at tests.LoginPageTest2.closeBrowser(LoginPageTest2.java:63)
at tests.LoginPageTest2.closeBrowser(LoginPageTest2.java:63)
at tests.LoginPageTest2.closeBrowser(LoginPageTest2.java:63)
at tests.LoginPageTest2.closeBrowser(LoginPageTest2.java:63)
at tests.LoginPageTest2.closeBrowser(LoginPageTest2.java:63)
at tests.LoginPageTest2.closeBrowser(LoginPageTest2.java:63)
at tests.LoginPageTest2.closeBrowser(LoginPageTest2.java:63)
at tests.LoginPageTest2.closeBrowser(LoginPageTest2.java:63)
at tests.LoginPageTest2.closeBrowser(LoginPageTest2.java:63)
at tests.LoginPageTest2.closeBrowser(LoginPageTest2.java:63)
at tests.LoginPageTest2.closeBrowser(LoginPageTest2.java:63)
at tests.LoginPageTest2.closeBrowser(LoginPageTest2.java:63)
at tests.LoginPageTest2.closeBrowser(LoginPageTest2.java:63)
at tests.LoginPageTest2.closeBrowser(LoginPageTest2.java:63)
at tests.LoginPageTest2.closeBrowser(LoginPageTest2.java:63)
at tests.LoginPageTest2.closeBrowser(LoginPageTest2.java:63)
at tests.LoginPageTest2.closeBrowser(LoginPageTest2.java:63)
at tests.LoginPageTest2.closeBrowser(LoginPageTest2.java:63)
at tests.LoginPageTest2.closeBrowser(LoginPageTest2.java:63)
at tests.LoginPageTest2.closeBrowser(LoginPageTest2.java:63)
at tests.LoginPageTest2.closeBrowser(LoginPageTest2.java:63)
at tests.LoginPageTest2.closeBrowser(LoginPageTest2.java:63)
at tests.LoginPageTest2.closeBrowser(LoginPageTest2.java:63)
at tests.LoginPageTest2.closeBrowser(LoginPageTest2.java:63)
at tests.LoginPageTest2.closeBrowser(LoginPageTest2.java:63)
at tests.LoginPageTest2.closeBrowser(LoginPageTest2.java:63)
at tests.LoginPageTest2.closeBrowser(LoginPageTest2.java:63)
at tests.LoginPageTest2.closeBrowser(LoginPageTest2.java:63)
at tests.LoginPageTest2.closeBrowser(LoginPageTest2.java:63)
at tests.LoginPageTest2.closeBrowser(LoginPageTest2.java:63)
at tests.LoginPageTest2.closeBrowser(LoginPageTest2.java:63)
at tests.LoginPageTest2.closeBrowser(LoginPageTest2.java:63)
at tests.LoginPageTest2.closeBrowser(LoginPageTest2.java:63)
at tests.LoginPageTest2.closeBrowser(LoginPageTest2.java:63)
at tests.LoginPageTest2.closeBrowser(LoginPageTest2.java:63)
at tests.LoginPageTest2.closeBrowser(LoginPageTest2.java:63)
at tests.LoginPageTest2.closeBrowser(LoginPageTest2.java:63)
at tests.LoginPageTest2.closeBrowser(LoginPageTest2.java:63)
at tests.LoginPageTest2.closeBrowser(LoginPageTest2.java:63)
at tests.LoginPageTest2.closeBrowser(LoginPageTest2.java:63)
at tests.LoginPageTest2.closeBrowser(LoginPageTest2.java:63)
at tests.LoginPageTest2.closeBrowser(LoginPageTest2.java:63)
at tests.LoginPageTest2.closeBrowser(LoginPageTest2.java:63)
at tests.LoginPageTest2.closeBrowser(LoginPageTest2.java:63)
at tests.LoginPageTest2.closeBrowser(LoginPageTest2.java:63)
at tests.LoginPageTest2.closeBrowser(LoginPageTest2.java:63)
at tests.LoginPageTest2.closeBrowser(LoginPageTest2.java:63)
at tests.LoginPageTest2.closeBrowser(LoginPageTest2.java:63)
at tests.LoginPageTest2.closeBrowser(LoginPageTest2.java:63)
at tests.LoginPageTest2.closeBrowser(LoginPageTest2.java:63)
at tests.LoginPageTest2.closeBrowser(LoginPageTest2.java:63)
at tests.LoginPageTest2.closeBrowser(LoginPageTest2.java:63)
at tests.LoginPageTest2.closeBrowser(LoginPageTest2.java:63)
at tests.LoginPageTest2.closeBrowser(LoginPageTest2.java:63)
at tests.LoginPageTest2.closeBrowser(LoginPageTest2.java:63)
at tests.LoginPageTest2.closeBrowser(LoginPageTest2.java:63)
at tests.LoginPageTest2.closeBrowser(LoginPageTest2.java:63)
at tests.LoginPageTest2.closeBrowser(LoginPageTest2.java:63)
at tests.LoginPageTest2.closeBrowser(LoginPageTest2.java:63)
at tests.LoginPageTest2.closeBrowser(LoginPageTest2.java:63)
at tests.LoginPageTest2.closeBrowser(LoginPageTest2.java:63)
at tests.LoginPageTest2.closeBrowser(LoginPageTest2.java:63)
at tests.LoginPageTest2.closeBrowser(LoginPageTest2.java:63)
at tests.LoginPageTest2.closeBrowser(LoginPageTest2.java:63)
at tests.LoginPageTest2.closeBrowser(LoginPageTest2.java:63)
at tests.LoginPageTest2.closeBrowser(LoginPageTest2.java:63)
at tests.LoginPageTest2.closeBrowser(LoginPageTest2.java:63)
at tests.LoginPageTest2.closeBrowser(LoginPageTest2.java:63)
at tests.LoginPageTest2.closeBrowser(LoginPageTest2.java:63)
at tests.LoginPageTest2.closeBrowser(LoginPageTest2.java:63)
at tests.LoginPageTest2.closeBrowser(LoginPageTest2.java:63)
at tests.LoginPageTest2.closeBrowser(LoginPageTest2.java:63)
at tests.LoginPageTest2.closeBrowser(LoginPageTest2.java:63)
at tests.LoginPageTest2.closeBrowser(LoginPageTest2.java:63)
at tests.LoginPageTest2.closeBrowser(LoginPageTest2.java:63)
at tests.LoginPageTest2.closeBrowser(LoginPageTest2.java:63)
at tests.LoginPageTest2.closeBrowser(LoginPageTest2.java:63)
at tests.LoginPageTest2.closeBrowser(LoginPageTest2.java:63)
at tests.LoginPageTest2.closeBrowser(LoginPageTest2.java:63)
at tests.LoginPageTest2.closeBrowser(LoginPageTest2.java:63)
at tests.LoginPageTest2.closeBrowser(LoginPageTest2.java:63)
at tests.LoginPageTest2.closeBrowser(LoginPageTest2.java:63)
at tests.LoginPageTest2.closeBrowser(LoginPageTest2.java:63)
at tests.LoginPageTest2.closeBrowser(LoginPageTest2.java:63)
at tests.LoginPageTest2.closeBrowser(LoginPageTest2.java:63)
at tests.LoginPageTest2.closeBrowser(LoginPageTest2.java:63)
at tests.LoginPageTest2.closeBrowser(LoginPageTest2.java:63)
at tests.LoginPageTest2.closeBrowser(LoginPageTest2.java:63)
at tests.LoginPageTest2.closeBrowser(LoginPageTest2.java:63)
at tests.LoginPageTest2.closeBrowser(LoginPageTest2.java:63)
at tests.LoginPageTest2.closeBrowser(LoginPageTest2.java:63)
at tests.LoginPageTest2.closeBrowser(LoginPageTest2.java:63)
at tests.LoginPageTest2.closeBrowser(LoginPageTest2.java:63)
at tests.LoginPageTest2.closeBrowser(LoginPageTest2.java:63)
at tests.LoginPageTest2.closeBrowser(LoginPageTest2.java:63)
at tests.LoginPageTest2.closeBrowser(LoginPageTest2.java:63)
at tests.LoginPageTest2.closeBrowser(LoginPageTest2.java:63)
at tests.LoginPageTest2.closeBrowser(LoginPageTest2.java:63)
at tests.LoginPageTest2.closeBrowser(LoginPageTest2.java:63)
at tests.LoginPageTest2.closeBrowser(LoginPageTest2.java:63)
at tests.LoginPageTest2.closeBrowser(LoginPageTest2.java:63)
at tests.LoginPageTest2.closeBrowser(LoginPageTest2.java:63)
at tests.LoginPageTest2.closeBrowser(LoginPageTest2.java:63)
at tests.LoginPageTest2.closeBrowser(LoginPageTest2.java:63)
at tests.LoginPageTest2.closeBrowser(LoginPageTest2.java:63)
at tests.LoginPageTest2.closeBrowser(LoginPageTest2.java:63)
at tests.LoginPageTest2.closeBrowser(LoginPageTest2.java:63)
at tests.LoginPageTest2.closeBrowser(LoginPageTest2.java:63)
at tests.LoginPageTest2.closeBrowser(LoginPageTest2.java:63)
at tests.LoginPageTest2.closeBrowser(LoginPageTest2.java:63)
at tests.LoginPageTest2.closeBrowser(LoginPageTest2.java:63)
at tests.LoginPageTest2.closeBrowser(LoginPageTest2.java:63)
at tests.LoginPageTest2.closeBrowser(LoginPageTest2.java:63)
at tests.LoginPageTest2.closeBrowser(LoginPageTest2.java:63)
at tests.LoginPageTest2.closeBrowser(LoginPageTest2.java:63)
at tests.LoginPageTest2.closeBrowser(LoginPageTest2.java:63)
at tests.LoginPageTest2.closeBrowser(LoginPageTest2.java:63)
at tests.LoginPageTest2.closeBrowser(LoginPageTest2.java:63)
at tests.LoginPageTest2.closeBrowser(LoginPageTest2.java:63)
at tests.LoginPageTest2.closeBrowser(LoginPageTest2.java:63)
at tests.LoginPageTest2.closeBrowser(LoginPageTest2.java:63)
at tests.LoginPageTest2.closeBrowser(LoginPageTest2.java:63)
at tests.LoginPageTest2.closeBrowser(LoginPageTest2.java:63)
at tests.LoginPageTest2.closeBrowser(LoginPageTest2.java:63)
at tests.LoginPageTest2.closeBrowser(LoginPageTest2.java:63)
at tests.LoginPageTest2.closeBrowser(LoginPageTest2.java:63)
at tests.LoginPageTest2.closeBrowser(LoginPageTest2.java:63)
at tests.LoginPageTest2.closeBrowser(LoginPageTest2.java:63)
at tests.LoginPageTest2.closeBrowser(LoginPageTest2.java:63)
at tests.LoginPageTest2.closeBrowser(LoginPageTest2.java:63)
at tests.LoginPageTest2.closeBrowser(LoginPageTest2.java:63)
at tests.LoginPageTest2.closeBrowser(LoginPageTest2.java:63)
at tests.LoginPageTest2.closeBrowser(LoginPageTest2.java:63)
at tests.LoginPageTest2.closeBrowser(LoginPageTest2.java:63)
at tests.LoginPageTest2.closeBrowser(LoginPageTest2.java:63)
at tests.LoginPageTest2.closeBrowser(LoginPageTest2.java:63)
at tests.LoginPageTest2.closeBrowser(LoginPageTest2.java:63)
at tests.LoginPageTest2.closeBrowser(LoginPageTest2.java:63)
at tests.LoginPageTest2.closeBrowser(LoginPageTest2.java:63)
at tests.LoginPageTest2.closeBrowser(LoginPageTest2.java:63)
at tests.LoginPageTest2.closeBrowser(LoginPageTest2.java:63)
at tests.LoginPageTest2.closeBrowser(LoginPageTest2.java:63)
at tests.LoginPageTest2.closeBrowser(LoginPageTest2.java:63)
at tests.LoginPageTest2.closeBrowser(LoginPageTest2.java:63)
at tests.LoginPageTest2.closeBrowser(LoginPageTest2.java:63)
at tests.LoginPageTest2.closeBrowser(LoginPageTest2.java:63)
at tests.LoginPageTest2.closeBrowser(LoginPageTest2.java:63)
at tests.LoginPageTest2.closeBrowser(LoginPageTest2.java:63)
at tests.LoginPageTest2.closeBrowser(LoginPageTest2.java:63)
at tests.LoginPageTest2.closeBrowser(LoginPageTest2.java:63)
at tests.LoginPageTest2.closeBrowser(LoginPageTest2.java:63)
at tests.LoginPageTest2.closeBrowser(LoginPageTest2.java:63)
at tests.LoginPageTest2.closeBrowser(LoginPageTest2.java:63)
at tests.LoginPageTest2.closeBrowser(LoginPageTest2.java:63)
at tests.LoginPageTest2.closeBrowser(LoginPageTest2.java:63)
at tests.LoginPageTest2.closeBrowser(LoginPageTest2.java:63)
at tests.LoginPageTest2.closeBrowser(LoginPageTest2.java:63)
at tests.LoginPageTest2.closeBrowser(LoginPageTest2.java:63)
at tests.LoginPageTest2.closeBrowser(LoginPageTest2.java:63)
at tests.LoginPageTest2.closeBrowser(LoginPageTest2.java:63)
at tests.LoginPageTest2.closeBrowser(LoginPageTest2.java:63)
at tests.LoginPageTest2.closeBrowser(LoginPageTest2.java:63)
at tests.LoginPageTest2.closeBrowser(LoginPageTest2.java:63)
at tests.LoginPageTest2.closeBrowser(LoginPageTest2.java:63)
at tests.LoginPageTest2.closeBrowser(LoginPageTest2.java:63)
at tests.LoginPageTest2.closeBrowser(LoginPageTest2.java:63)
at tests.LoginPageTest2.closeBrowser(LoginPageTest2.java:63)
at tests.LoginPageTest2.closeBrowser(LoginPageTest2.java:63)
at tests.LoginPageTest2.closeBrowser(LoginPageTest2.java:63)
at tests.LoginPageTest2.closeBrowser(LoginPageTest2.java:63)
at tests.LoginPageTest2.closeBrowser(LoginPageTest2.java:63)
at tests.LoginPageTest2.closeBrowser(LoginPageTest2.java:63)
at tests.LoginPageTest2.closeBrowser(LoginPageTest2.java:63)
at tests.LoginPageTest2.closeBrowser(LoginPageTest2.java:63)
at tests.LoginPageTest2.closeBrowser(LoginPageTest2.java:63)
at tests.LoginPageTest2.closeBrowser(LoginPageTest2.java:63)
at tests.LoginPageTest2.closeBrowser(LoginPageTest2.java:63)
at tests.LoginPageTest2.closeBrowser(LoginPageTest2.java:63)
at tests.LoginPageTest2.closeBrowser(LoginPageTest2.java:63)
at tests.LoginPageTest2.closeBrowser(LoginPageTest2.java:63)
at tests.LoginPageTest2.closeBrowser(LoginPageTest2.java:63)
at tests.LoginPageTest2.closeBrowser(LoginPageTest2.java:63)
at tests.LoginPageTest2.closeBrowser(LoginPageTest2.java:63)
at tests.LoginPageTest2.closeBrowser(LoginPageTest2.java:63)
at tests.LoginPageTest2.closeBrowser(LoginPageTest2.java:63)
at tests.LoginPageTest2.closeBrowser(LoginPageTest2.java:63)
at tests.LoginPageTest2.closeBrowser(LoginPageTest2.java:63)
at tests.LoginPageTest2.closeBrowser(LoginPageTest2.java:63)
at tests.LoginPageTest2.closeBrowser(LoginPageTest2.java:63)
at tests.LoginPageTest2.closeBrowser(LoginPageTest2.java:63)
at tests.LoginPageTest2.closeBrowser(LoginPageTest2.java:63)
at tests.LoginPageTest2.closeBrowser(LoginPageTest2.java:63)
at tests.LoginPageTest2.closeBrowser(LoginPageTest2.java:63)
at tests.LoginPageTest2.closeBrowser(LoginPageTest2.java:63)
at tests.LoginPageTest2.closeBrowser(LoginPageTest2.java:63)
at tests.LoginPageTest2.closeBrowser(LoginPageTest2.java:63)
at tests.LoginPageTest2.closeBrowser(LoginPageTest2.java:63)
at tests.LoginPageTest2.closeBrowser(LoginPageTest2.java:63)
at tests.LoginPageTest2.closeBrowser(LoginPageTest2.java:63)
at tests.LoginPageTest2.closeBrowser(LoginPageTest2.java:63)
at tests.LoginPageTest2.closeBrowser(LoginPageTest2.java:63)
at tests.LoginPageTest2.closeBrowser(LoginPageTest2.java:63)
at tests.LoginPageTest2.closeBrowser(LoginPageTest2.java:63)
at tests.LoginPageTest2.closeBrowser(LoginPageTest2.java:63)
at tests.LoginPageTest2.closeBrowser(LoginPageTest2.java:63)
at tests.LoginPageTest2.closeBrowser(LoginPageTest2.java:63)
at tests.LoginPageTest2.closeBrowser(LoginPageTest2.java:63)
at tests.LoginPageTest2.closeBrowser(LoginPageTest2.java:63)
at tests.LoginPageTest2.closeBrowser(LoginPageTest2.java:63)
at tests.LoginPageTest2.closeBrowser(LoginPageTest2.java:63)
at tests.LoginPageTest2.closeBrowser(LoginPageTest2.java:63)
at tests.LoginPageTest2.closeBrowser(LoginPageTest2.java:63)
at tests.LoginPageTest2.closeBrowser(LoginPageTest2.java:63)
at tests.LoginPageTest2.closeBrowser(LoginPageTest2.java:63)
at tests.LoginPageTest2.closeBrowser(LoginPageTest2.java:63)
at tests.LoginPageTest2.closeBrowser(LoginPageTest2.java:63)
at tests.LoginPageTest2.closeBrowser(LoginPageTest2.java:63)
at tests.LoginPageTest2.closeBrowser(LoginPageTest2.java:63)
at tests.LoginPageTest2.closeBrowser(LoginPageTest2.java:63)
at tests.LoginPageTest2.closeBrowser(LoginPageTest2.java:63)
at tests.LoginPageTest2.closeBrowser(LoginPageTest2.java:63)
at tests.LoginPageTest2.closeBrowser(LoginPageTest2.java:63)
at tests.LoginPageTest2.closeBrowser(LoginPageTest2.java:63)
at tests.LoginPageTest2.closeBrowser(LoginPageTest2.java:63)
at tests.LoginPageTest2.closeBrowser(LoginPageTest2.java:63)
at tests.LoginPageTest2.closeBrowser(LoginPageTest2.java:63)
at tests.LoginPageTest2.closeBrowser(LoginPageTest2.java:63)
at tests.LoginPageTest2.closeBrowser(LoginPageTest2.java:63)
at tests.LoginPageTest2.closeBrowser(LoginPageTest2.java:63)
at tests.LoginPageTest2.closeBrowser(LoginPageTest2.java:63)
at tests.LoginPageTest2.closeBrowser(LoginPageTest2.java:63)
at tests.LoginPageTest2.closeBrowser(LoginPageTest2.java:63)
at tests.LoginPageTest2.closeBrowser(LoginPageTest2.java:63)
at tests.LoginPageTest2.closeBrowser(LoginPageTest2.java:63)
at tests.LoginPageTest2.closeBrowser(LoginPageTest2.java:63)
at tests.LoginPageTest2.closeBrowser(LoginPageTest2.java:63)
at tests.LoginPageTest2.closeBrowser(LoginPageTest2.java:63)
at tests.LoginPageTest2.closeBrowser(LoginPageTest2.java:63)
at tests.LoginPageTest2.closeBrowser(LoginPageTest2.java:63)
at tests.LoginPageTest2.closeBrowser(LoginPageTest2.java:63)
at tests.LoginPageTest2.closeBrowser(LoginPageTest2.java:63)
at tests.LoginPageTest2.closeBrowser(LoginPageTest2.java:63)
at tests.LoginPageTest2.closeBrowser(LoginPageTest2.java:63)
at tests.LoginPageTest2.closeBrowser(LoginPageTest2.java:63)
at tests.LoginPageTest2.closeBrowser(LoginPageTest2.java:63)
at tests.LoginPageTest2.closeBrowser(LoginPageTest2.java:63)
at tests.LoginPageTest2.closeBrowser(LoginPageTest2.java:63)
at tests.LoginPageTest2.closeBrowser(LoginPageTest2.java:63)
at tests.LoginPageTest2.closeBrowser(LoginPageTest2.java:63)
at tests.LoginPageTest2.closeBrowser(LoginPageTest2.java:63)
at tests.LoginPageTest2.closeBrowser(LoginPageTest2.java:63)
at tests.LoginPageTest2.closeBrowser(LoginPageTest2.java:63)
at tests.LoginPageTest2.closeBrowser(LoginPageTest2.java:63)
at tests.LoginPageTest2.closeBrowser(LoginPageTest2.java:63)
at tests.LoginPageTest2.closeBrowser(LoginPageTest2.java:63)
at tests.LoginPageTest2.closeBrowser(LoginPageTest2.java:63)
at tests.LoginPageTest2.closeBrowser(LoginPageTest2.java:63)
at tests.LoginPageTest2.closeBrowser(LoginPageTest2.java:63)
at tests.LoginPageTest2.closeBrowser(LoginPageTest2.java:63)
at tests.LoginPageTest2.closeBrowser(LoginPageTest2.java:63)
at tests.LoginPageTest2.closeBrowser(LoginPageTest2.java:63)
at tests.LoginPageTest2.closeBrowser(LoginPageTest2.java:63)
at tests.LoginPageTest2.closeBrowser(LoginPageTest2.java:63)
at tests.LoginPageTest2.closeBrowser(LoginPageTest2.java:63)
at tests.LoginPageTest2.closeBrowser(LoginPageTest2.java:63)
at tests.LoginPageTest2.closeBrowser(LoginPageTest2.java:63)
at tests.LoginPageTest2.closeBrowser(LoginPageTest2.java:63)
at tests.LoginPageTest2.closeBrowser(LoginPageTest2.java:63)
at tests.LoginPageTest2.closeBrowser(LoginPageTest2.java:63)
at tests.LoginPageTest2.closeBrowser(LoginPageTest2.java:63)
at tests.LoginPageTest2.closeBrowser(LoginPageTest2.java:63)
at tests.LoginPageTest2.closeBrowser(LoginPageTest2.java:63)
at tests.LoginPageTest2.closeBrowser(LoginPageTest2.java:63)
at tests.LoginPageTest2.closeBrowser(LoginPageTest2.java:63)
at tests.LoginPageTest2.closeBrowser(LoginPageTest2.java:63)
at tests.LoginPageTest2.closeBrowser(LoginPageTest2.java:63)
at tests.LoginPageTest2.closeBrowser(LoginPageTest2.java:63)
at tests.LoginPageTest2.closeBrowser(LoginPageTest2.java:63)
at tests.LoginPageTest2.closeBrowser(LoginPageTest2.java:63)
at tests.LoginPageTest2.closeBrowser(LoginPageTest2.java:63)
at tests.LoginPageTest2.closeBrowser(LoginPageTest2.java:63)
at tests.LoginPageTest2.closeBrowser(LoginPageTest2.java:63)
at tests.LoginPageTest2.closeBrowser(LoginPageTest2.java:63)
at tests.LoginPageTest2.closeBrowser(LoginPageTest2.java:63)
at tests.LoginPageTest2.closeBrowser(LoginPageTest2.java:63)
at tests.LoginPageTest2.closeBrowser(LoginPageTest2.java:63)
at tests.LoginPageTest2.closeBrowser(LoginPageTest2.java:63)
at tests.LoginPageTest2.closeBrowser(LoginPageTest2.java:63)
at tests.LoginPageTest2.closeBrowser(LoginPageTest2.java:63)
at tests.LoginPageTest2.closeBrowser(LoginPageTest2.java:63)
at tests.LoginPageTest2.closeBrowser(LoginPageTest2.java:63)
at tests.LoginPageTest2.closeBrowser(LoginPageTest2.java:63)
at tests.LoginPageTest2.closeBrowser(LoginPageTest2.java:63)
at tests.LoginPageTest2.closeBrowser(LoginPageTest2.java:63)
at tests.LoginPageTest2.closeBrowser(LoginPageTest2.java:63)
at tests.LoginPageTest2.closeBrowser(LoginPageTest2.java:63)
at tests.LoginPageTest2.closeBrowser(LoginPageTest2.java:63)
at tests.LoginPageTest2.closeBrowser(LoginPageTest2.java:63)
at tests.LoginPageTest2.closeBrowser(LoginPageTest2.java:63)
at tests.LoginPageTest2.closeBrowser(LoginPageTest2.java:63)
at tests.LoginPageTest2.closeBrowser(LoginPageTest2.java:63)
at tests.LoginPageTest2.closeBrowser(LoginPageTest2.java:63)
at tests.LoginPageTest2.closeBrowser(LoginPageTest2.java:63)
at tests.LoginPageTest2.closeBrowser(LoginPageTest2.java:63)
at tests.LoginPageTest2.closeBrowser(LoginPageTest2.java:63)
at tests.LoginPageTest2.closeBrowser(LoginPageTest2.java:63)
at tests.LoginPageTest2.closeBrowser(LoginPageTest2.java:63)
at tests.LoginPageTest2.closeBrowser(LoginPageTest2.java:63)
at tests.LoginPageTest2.closeBrowser(LoginPageTest2.java:63)
at tests.LoginPageTest2.closeBrowser(LoginPageTest2.java:63)
at tests.LoginPageTest2.closeBrowser(LoginPageTest2.java:63)
at tests.LoginPageTest2.closeBrowser(LoginPageTest2.java:63)
at tests.LoginPageTest2.closeBrowser(LoginPageTest2.java:63)
at tests.LoginPageTest2.closeBrowser(LoginPageTest2.java:63)
at tests.LoginPageTest2.closeBrowser(LoginPageTest2.java:63)
at tests.LoginPageTest2.closeBrowser(LoginPageTest2.java:63)
at tests.LoginPageTest2.closeBrowser(LoginPageTest2.java:63)
at tests.LoginPageTest2.closeBrowser(LoginPageTest2.java:63)
at tests.LoginPageTest2.closeBrowser(LoginPageTest2.java:63)
at tests.LoginPageTest2.closeBrowser(LoginPageTest2.java:63)
at tests.LoginPageTest2.closeBrowser(LoginPageTest2.java:63)
at tests.LoginPageTest2.closeBrowser(LoginPageTest2.java:63)
at tests.LoginPageTest2.closeBrowser(LoginPageTest2.java:63)
at tests.LoginPageTest2.closeBrowser(LoginPageTest2.java:63)
at tests.LoginPageTest2.closeBrowser(LoginPageTest2.java:63)
at tests.LoginPageTest2.closeBrowser(LoginPageTest2.java:63)
at tests.LoginPageTest2.closeBrowser(LoginPageTest2.java:63)
at tests.LoginPageTest2.closeBrowser(LoginPageTest2.java:63)
at tests.LoginPageTest2.closeBrowser(LoginPageTest2.java:63)
at tests.LoginPageTest2.closeBrowser(LoginPageTest2.java:63)
at tests.LoginPageTest2.closeBrowser(LoginPageTest2.java:63)
at tests.LoginPageTest2.closeBrowser(LoginPageTest2.java:63)
at tests.LoginPageTest2.closeBrowser(LoginPageTest2.java:63)
at tests.LoginPageTest2.closeBrowser(LoginPageTest2.java:63)
at tests.LoginPageTest2.closeBrowser(LoginPageTest2.java:63)
at tests.LoginPageTest2.closeBrowser(LoginPageTest2.java:63)
at tests.LoginPageTest2.closeBrowser(LoginPageTest2.java:63)
at tests.LoginPageTest2.closeBrowser(LoginPageTest2.java:63)
at tests.LoginPageTest2.closeBrowser(LoginPageTest2.java:63)
at tests.LoginPageTest2.closeBrowser(LoginPageTest2.java:63)
at tests.LoginPageTest2.closeBrowser(LoginPageTest2.java:63)
at tests.LoginPageTest2.closeBrowser(LoginPageTest2.java:63)
at tests.LoginPageTest2.closeBrowser(LoginPageTest2.java:63)
at tests.LoginPageTest2.closeBrowser(LoginPageTest2.java:63)
at tests.LoginPageTest2.closeBrowser(LoginPageTest2.java:63)
at tests.LoginPageTest2.closeBrowser(LoginPageTest2.java:63)
at tests.LoginPageTest2.closeBrowser(LoginPageTest2.java:63)
at tests.LoginPageTest2.closeBrowser(LoginPageTest2.java:63)
at tests.LoginPageTest2.closeBrowser(LoginPageTest2.java:63)
at tests.LoginPageTest2.closeBrowser(LoginPageTest2.java:63)
at tests.LoginPageTest2.closeBrowser(LoginPageTest2.java:63)
at tests.LoginPageTest2.closeBrowser(LoginPageTest2.java:63)
at tests.LoginPageTest2.closeBrowser(LoginPageTest2.java:63)
at tests.LoginPageTest2.closeBrowser(LoginPageTest2.java:63)
at tests.LoginPageTest2.closeBrowser(LoginPageTest2.java:63)
at tests.LoginPageTest2.closeBrowser(LoginPageTest2.java:63)
at tests.LoginPageTest2.closeBrowser(LoginPageTest2.java:63)
at tests.LoginPageTest2.closeBrowser(LoginPageTest2.java:63)
at tests.LoginPageTest2.closeBrowser(LoginPageTest2.java:63)
at tests.LoginPageTest2.closeBrowser(LoginPageTest2.java:63)
at tests.LoginPageTest2.closeBrowser(LoginPageTest2.java:63)
at tests.LoginPageTest2.closeBrowser(LoginPageTest2.java:63)
at tests.LoginPageTest2.closeBrowser(LoginPageTest2.java:63)
at tests.LoginPageTest2.closeBrowser(LoginPageTest2.java:63)
at tests.LoginPageTest2.closeBrowser(LoginPageTest2.java:63)
at tests.LoginPageTest2.closeBrowser(LoginPageTest2.java:63)
at tests.LoginPageTest2.closeBrowser(LoginPageTest2.java:63)
at tests.LoginPageTest2.closeBrowser(LoginPageTest2.java:63)
at tests.LoginPageTest2.closeBrowser(LoginPageTest2.java:63)
at tests.LoginPageTest2.closeBrowser(LoginPageTest2.java:63)
at tests.LoginPageTest2.closeBrowser(LoginPageTest2.java:63)
at tests.LoginPageTest2.closeBrowser(LoginPageTest2.java:63)
at tests.LoginPageTest2.closeBrowser(LoginPageTest2.java:63)
at tests.LoginPageTest2.closeBrowser(LoginPageTest2.java:63)
at tests.LoginPageTest2.closeBrowser(LoginPageTest2.java:63)
at tests.LoginPageTest2.closeBrowser(LoginPageTest2.java:63)
at tests.LoginPageTest2.closeBrowser(LoginPageTest2.java:63)
at tests.LoginPageTest2.closeBrowser(LoginPageTest2.java:63)
at tests.LoginPageTest2.closeBrowser(LoginPageTest2.java:63)
at tests.LoginPageTest2.closeBrowser(LoginPageTest2.java:63)
at tests.LoginPageTest2.closeBrowser(LoginPageTest2.java:63)
at tests.LoginPageTest2.closeBrowser(LoginPageTest2.java:63)
at tests.LoginPageTest2.closeBrowser(LoginPageTest2.java:63)
at tests.LoginPageTest2.closeBrowser(LoginPageTest2.java:63)
at tests.LoginPageTest2.closeBrowser(LoginPageTest2.java:63)
at tests.LoginPageTest2.closeBrowser(LoginPageTest2.java:63)
at tests.LoginPageTest2.closeBrowser(LoginPageTest2.java:63)
at tests.LoginPageTest2.closeBrowser(LoginPageTest2.java:63)
at tests.LoginPageTest2.closeBrowser(LoginPageTest2.java:63)
at tests.LoginPageTest2.closeBrowser(LoginPageTest2.java:63)
at tests.LoginPageTest2.closeBrowser(LoginPageTest2.java:63)
at tests.LoginPageTest2.closeBrowser(LoginPageTest2.java:63)
at tests.LoginPageTest2.closeBrowser(LoginPageTest2.java:63)
at tests.LoginPageTest2.closeBrowser(LoginPageTest2.java:63)
at tests.LoginPageTest2.closeBrowser(LoginPageTest2.java:63)
at tests.LoginPageTest2.closeBrowser(LoginPageTest2.java:63)
at tests.LoginPageTest2.closeBrowser(LoginPageTest2.java:63)
at tests.LoginPageTest2.closeBrowser(LoginPageTest2.java:63)
at tests.LoginPageTest2.closeBrowser(LoginPageTest2.java:63)
at tests.LoginPageTest2.closeBrowser(LoginPageTest2.java:63)
at tests.LoginPageTest2.closeBrowser(LoginPageTest2.java:63)
at tests.LoginPageTest2.closeBrowser(LoginPageTest2.java:63)
at tests.LoginPageTest2.closeBrowser(LoginPageTest2.java:63)
at tests.LoginPageTest2.closeBrowser(LoginPageTest2.java:63)
at tests.LoginPageTest2.closeBrowser(LoginPageTest2.java:63)
at tests.LoginPageTest2.closeBrowser(LoginPageTest2.java:63)
at tests.LoginPageTest2.closeBrowser(LoginPageTest2.java:63)
at tests.LoginPageTest2.closeBrowser(LoginPageTest2.java:63)
at tests.LoginPageTest2.closeBrowser(LoginPageTest2.java:63)
at tests.LoginPageTest2.closeBrowser(LoginPageTest2.java:63)
at tests.LoginPageTest2.closeBrowser(LoginPageTest2.java:63)
at tests.LoginPageTest2.closeBrowser(LoginPageTest2.java:63)
at tests.LoginPageTest2.closeBrowser(LoginPageTest2.java:63)
at tests.LoginPageTest2.closeBrowser(LoginPageTest2.java:63)
at tests.LoginPageTest2.closeBrowser(LoginPageTest2.java:63)
at tests.LoginPageTest2.closeBrowser(LoginPageTest2.java:63)
at tests.LoginPageTest2.closeBrowser(LoginPageTest2.java:63)
at tests.LoginPageTest2.closeBrowser(LoginPageTest2.java:63)
at tests.LoginPageTest2.closeBrowser(LoginPageTest2.java:63)
at tests.LoginPageTest2.closeBrowser(LoginPageTest2.java:63)
at tests.LoginPageTest2.closeBrowser(LoginPageTest2.java:63)
at tests.LoginPageTest2.closeBrowser(LoginPageTest2.java:63)
at tests.LoginPageTest2.closeBrowser(LoginPageTest2.java:63)
at tests.LoginPageTest2.closeBrowser(LoginPageTest2.java:63)
at tests.LoginPageTest2.closeBrowser(LoginPageTest2.java:63)
at tests.LoginPageTest2.closeBrowser(LoginPageTest2.java:63)
at tests.LoginPageTest2.closeBrowser(LoginPageTest2.java:63)
at tests.LoginPageTest2.closeBrowser(LoginPageTest2.java:63)
at tests.LoginPageTest2.closeBrowser(LoginPageTest2.java:63)
at tests.LoginPageTest2.closeBrowser(LoginPageTest2.java:63)
at tests.LoginPageTest2.closeBrowser(LoginPageTest2.java:63)
at tests.LoginPageTest2.closeBrowser(LoginPageTest2.java:63)
at tests.LoginPageTest2.closeBrowser(LoginPageTest2.java:63)
at tests.LoginPageTest2.closeBrowser(LoginPageTest2.java:63)
at tests.LoginPageTest2.closeBrowser(LoginPageTest2.java:63)
at tests.LoginPageTest2.closeBrowser(LoginPageTest2.java:63)
at tests.LoginPageTest2.closeBrowser(LoginPageTest2.java:63)
at tests.LoginPageTest2.closeBrowser(LoginPageTest2.java:63)
at tests.LoginPageTest2.closeBrowser(LoginPageTest2.java:63)
at tests.LoginPageTest2.closeBrowser(LoginPageTest2.java:63)
at tests.LoginPageTest2.closeBrowser(LoginPageTest2.java:63)
at tests.LoginPageTest2.closeBrowser(LoginPageTest2.java:63)
at tests.LoginPageTest2.closeBrowser(LoginPageTest2.java:63)
at tests.LoginPageTest2.closeBrowser(LoginPageTest2.java:63)
at tests.LoginPageTest2.closeBrowser(LoginPageTest2.java:63)
at tests.LoginPageTest2.closeBrowser(LoginPageTest2.java:63)
at tests.LoginPageTest2.closeBrowser(LoginPageTest2.java:63)
at tests.LoginPageTest2.closeBrowser(LoginPageTest2.java:63)
at tests.LoginPageTest2.closeBrowser(LoginPageTest2.java:63)
at tests.LoginPageTest2.closeBrowser(LoginPageTest2.java:63)
at tests.LoginPageTest2.closeBrowser(LoginPageTest2.java:63)
at tests.LoginPageTest2.closeBrowser(LoginPageTest2.java:63)
at tests.LoginPageTest2.closeBrowser(LoginPageTest2.java:63)
at tests.LoginPageTest2.closeBrowser(LoginPageTest2.java:63)
at tests.LoginPageTest2.closeBrowser(LoginPageTest2.java:63)
at tests.LoginPageTest2.closeBrowser(LoginPageTest2.java:63)
at tests.LoginPageTest2.closeBrowser(LoginPageTest2.java:63)
at tests.LoginPageTest2.closeBrowser(LoginPageTest2.java:63)
at tests.LoginPageTest2.closeBrowser(LoginPageTest2.java:63)
at tests.LoginPageTest2.closeBrowser(LoginPageTest2.java:63)
at tests.LoginPageTest2.closeBrowser(LoginPageTest2.java:63)
at tests.LoginPageTest2.closeBrowser(LoginPageTest2.java:63)
at tests.LoginPageTest2.closeBrowser(LoginPageTest2.java:63)
at tests.LoginPageTest2.closeBrowser(LoginPageTest2.java:63)
at tests.LoginPageTest2.closeBrowser(LoginPageTest2.java:63)
at tests.LoginPageTest2.closeBrowser(LoginPageTest2.java:63)
at tests.LoginPageTest2.closeBrowser(LoginPageTest2.java:63)
at tests.LoginPageTest2.closeBrowser(LoginPageTest2.java:63)
at tests.LoginPageTest2.closeBrowser(LoginPageTest2.java:63)
at tests.LoginPageTest2.closeBrowser(LoginPageTest2.java:63)
at tests.LoginPageTest2.closeBrowser(LoginPageTest2.java:63)
at tests.LoginPageTest2.closeBrowser(LoginPageTest2.java:63)
at tests.LoginPageTest2.closeBrowser(LoginPageTest2.java:63)
at tests.LoginPageTest2.closeBrowser(LoginPageTest2.java:63)
at tests.LoginPageTest2.closeBrowser(LoginPageTest2.java:63)
at tests.LoginPageTest2.closeBrowser(LoginPageTest2.java:63)
at tests.LoginPageTest2.closeBrowser(LoginPageTest2.java:63)
at tests.LoginPageTest2.closeBrowser(LoginPageTest2.java:63)
at tests.LoginPageTest2.closeBrowser(LoginPageTest2.java:63)
at tests.LoginPageTest2.closeBrowser(LoginPageTest2.java:63)
at tests.LoginPageTest2.closeBrowser(LoginPageTest2.java:63)
at tests.LoginPageTest2.closeBrowser(LoginPageTest2.java:63)
at tests.LoginPageTest2.closeBrowser(LoginPageTest2.java:63)
at tests.LoginPageTest2.closeBrowser(LoginPageTest2.java:63)
at tests.LoginPageTest2.closeBrowser(LoginPageTest2.java:63)
at tests.LoginPageTest2.closeBrowser(LoginPageTest2.java:63)
at tests.LoginPageTest2.closeBrowser(LoginPageTest2.java:63)
at tests.LoginPageTest2.closeBrowser(LoginPageTest2.java:63)
at tests.LoginPageTest2.closeBrowser(LoginPageTest2.java:63)
at tests.LoginPageTest2.closeBrowser(LoginPageTest2.java:63)
at tests.LoginPageTest2.closeBrowser(LoginPageTest2.java:63)
at tests.LoginPageTest2.closeBrowser(LoginPageTest2.java:63)
at tests.LoginPageTest2.closeBrowser(LoginPageTest2.java:63)
at tests.LoginPageTest2.closeBrowser(LoginPageTest2.java:63)
at tests.LoginPageTest2.closeBrowser(LoginPageTest2.java:63)
at tests.LoginPageTest2.closeBrowser(LoginPageTest2.java:63)
at tests.LoginPageTest2.closeBrowser(LoginPageTest2.java:63)
at tests.LoginPageTest2.closeBrowser(LoginPageTest2.java:63)
at tests.LoginPageTest2.closeBrowser(LoginPageTest2.java:63)
at tests.LoginPageTest2.closeBrowser(LoginPageTest2.java:63)
at tests.LoginPageTest2.closeBrowser(LoginPageTest2.java:63)
at tests.LoginPageTest2.closeBrowser(LoginPageTest2.java:63)
at tests.LoginPageTest2.closeBrowser(LoginPageTest2.java:63)
at tests.LoginPageTest2.closeBrowser(LoginPageTest2.java:63)
at tests.LoginPageTest2.closeBrowser(LoginPageTest2.java:63)
at tests.LoginPageTest2.closeBrowser(LoginPageTest2.java:63)
at tests.LoginPageTest2.closeBrowser(LoginPageTest2.java:63)
at tests.LoginPageTest2.closeBrowser(LoginPageTest2.java:63)
at tests.LoginPageTest2.closeBrowser(LoginPageTest2.java:63)
at tests.LoginPageTest2.closeBrowser(LoginPageTest2.java:63)
at tests.LoginPageTest2.closeBrowser(LoginPageTest2.java:63)
at tests.LoginPageTest2.closeBrowser(LoginPageTest2.java:63)
at tests.LoginPageTest2.closeBrowser(LoginPageTest2.java:63)
at tests.LoginPageTest2.closeBrowser(LoginPageTest2.java:63)
at tests.LoginPageTest2.closeBrowser(LoginPageTest2.java:63)
at tests.LoginPageTest2.closeBrowser(LoginPageTest2.java:63)
at tests.LoginPageTest2.closeBrowser(LoginPageTest2.java:63)
at tests.LoginPageTest2.closeBrowser(LoginPageTest2.java:63)
at tests.LoginPageTest2.closeBrowser(LoginPageTest2.java:63)
at tests.LoginPageTest2.closeBrowser(LoginPageTest2.java:63)
at tests.LoginPageTest2.closeBrowser(LoginPageTest2.java:63)
at tests.LoginPageTest2.closeBrowser(LoginPageTest2.java:63)
at tests.LoginPageTest2.closeBrowser(LoginPageTest2.java:63)
at tests.LoginPageTest2.closeBrowser(LoginPageTest2.java:63)
at tests.LoginPageTest2.closeBrowser(LoginPageTest2.java:63)
at tests.LoginPageTest2.closeBrowser(LoginPageTest2.java:63)
at tests.LoginPageTest2.closeBrowser(LoginPageTest2.java:63)
at tests.LoginPageTest2.closeBrowser(LoginPageTest2.java:63)
]]>
    </error>
  </testcase> <!-- closeBrowser -->
  <system-out/>
</testsuite> <!-- tests.LoginPageTest2 -->
